#
# There is insufficient memory for the Java Runtime Environment to continue.
# Native memory allocation (malloc) failed to allocate 1330392 bytes. Error detail: Chunk::new
# Possible reasons:
#   The system is out of physical RAM or swap space
#   This process is running with CompressedOops enabled, and the Java Heap may be blocking the growth of the native heap
# Possible solutions:
#   Reduce memory load on the system
#   Increase physical memory or swap space
#   Check if swap backing store is full
#   Decrease Java heap size (-Xmx/-Xms)
#   Decrease number of Java threads
#   Decrease Java thread stack sizes (-Xss)
#   Set larger code cache with -XX:ReservedCodeCacheSize=
#   JVM is running with Unscaled Compressed Oops mode in which the Java heap is
#     placed in the first 4GB address space. The Java Heap base address is the
#     maximum limit for the native heap growth. Please use -XX:HeapBaseMinAddress
#     to set the Java Heap base and to place the Java Heap above 4GB virtual address.
# This output file may be truncated or incomplete.
#
#  Out of Memory Error (arena.cpp:186), pid=7712, tid=3224
#
# JRE version: OpenJDK Runtime Environment (25.0.2+10) (build 25.0.2+10-69)
# Java VM: OpenJDK 64-Bit Server VM (25.0.2+10-69, mixed mode, sharing, tiered, compressed oops, compressed class ptrs, g1 gc, windows-amd64)
# No core dump will be written. Minidumps are not enabled by default on client versions of Windows
#

---------------  S U M M A R Y ------------

Command Line: -Dfile.encoding=UTF-8 -Duser.country=US -Duser.language=en -Duser.variant com.uor.event_management_system.EventManagementSystemApplication

Host: 12th Gen Intel(R) Core(TM) i5-12450H, 12 cores, 7G,  Windows 11 , 64 bit Build 26100 (10.0.26100.8246)
Time: Sun Apr 26 03:32:35 2026 Sri Lanka Standard Time elapsed time: 5124.291966 seconds (0d 1h 25m 24s)

---------------  T H R E A D  ---------------

Current thread (0x000001bad7fe8700):  JavaThread "C2 CompilerThread0" daemon [_thread_in_native, id=3224, stack(0x000000a3de000000,0x000000a3de100000) (1024K)]


Current CompileTask:
C2:5124293 13796       4       org.springframework.beans.factory.support.AbstractBeanFactory::hasInstantiationAwareBeanPostProcessors (21 bytes)

Stack: [0x000000a3de000000,0x000000a3de100000]
Native frames: (J=compiled Java code, j=interpreted, Vv=VM code, C=native code)
V  [jvm.dll+0x7a70f9]  (no source info available)
V  [jvm.dll+0x772d6d]  (no source info available)
V  [jvm.dll+0x965d53]  (no source info available)
V  [jvm.dll+0x968351]  (no source info available)
V  [jvm.dll+0x968a63]  (no source info available)
V  [jvm.dll+0x2fc846]  (no source info available)
V  [jvm.dll+0x111b16]  (no source info available)
V  [jvm.dll+0x111e3e]  (no source info available)
V  [jvm.dll+0x1a0872]  (no source info available)
V  [jvm.dll+0x3b54c2]  (no source info available)
V  [jvm.dll+0x7aca8f]  (no source info available)
V  [jvm.dll+0x2c0b97]  (no source info available)
V  [jvm.dll+0x2bfb5f]  (no source info available)
V  [jvm.dll+0x2379a0]  (no source info available)
V  [jvm.dll+0x2cfc86]  (no source info available)
V  [jvm.dll+0x2cdf05]  (no source info available)
V  [jvm.dll+0x48e9d1]  (no source info available)
V  [jvm.dll+0x906fcd]  (no source info available)
V  [jvm.dll+0x7a56d5]  (no source info available)
C  [ucrtbase.dll+0x37b0]  (no source info available)
C  [KERNEL32.DLL+0x2e8d7]  (no source info available)
C  [ntdll.dll+0x8c3fc]  (no source info available)

Lock stack of current Java thread (top to bottom):


---------------  P R O C E S S  ---------------

Threads class SMR info:
_java_thread_list=0x000001bae1073070, length=29, elements={
0x000001bad7fda580, 0x000001bad7fdafe0, 0x000001bad7fdcbf0, 0x000001bad7fdd8e0,
0x000001bad7fde9e0, 0x000001bad7fdfdc0, 0x000001bad7fe8700, 0x000001bad7fed5b0,
0x000001bad82d2630, 0x000001bad82d90b0, 0x000001bade352de0, 0x000001bade353d80,
0x000001bade354550, 0x000001bade354d20, 0x000001badf44ff60, 0x000001bae0fa4220,
0x000001bae0fa51c0, 0x000001bae0fa6930, 0x000001bae0fa5990, 0x000001bae0fa7100,
0x000001bae0fa3a50, 0x000001bae0fa9fe0, 0x000001bae0faa7b0, 0x000001bae0fa9040,
0x000001bae0fa80a0, 0x000001bae0fa8870, 0x000001baddc62c70, 0x000001baddc60d30,
0x000001baddc60560
}

Java Threads: ( => current thread )
  0x000001bad7fda580 JavaThread "Reference Handler"          daemon [_thread_blocked, id=3552, stack(0x000000a3dda00000,0x000000a3ddb00000) (1024K)]
  0x000001bad7fdafe0 JavaThread "Finalizer"                  daemon [_thread_blocked, id=4660, stack(0x000000a3ddb00000,0x000000a3ddc00000) (1024K)]
  0x000001bad7fdcbf0 JavaThread "Signal Dispatcher"          daemon [_thread_blocked, id=15520, stack(0x000000a3ddc00000,0x000000a3ddd00000) (1024K)]
  0x000001bad7fdd8e0 JavaThread "Attach Listener"            daemon [_thread_blocked, id=6300, stack(0x000000a3ddd00000,0x000000a3dde00000) (1024K)]
  0x000001bad7fde9e0 JavaThread "Service Thread"             daemon [_thread_blocked, id=1108, stack(0x000000a3dde00000,0x000000a3ddf00000) (1024K)]
  0x000001bad7fdfdc0 JavaThread "Monitor Deflation Thread"   daemon [_thread_blocked, id=15428, stack(0x000000a3ddf00000,0x000000a3de000000) (1024K)]
=>0x000001bad7fe8700 JavaThread "C2 CompilerThread0"         daemon [_thread_in_native, id=3224, stack(0x000000a3de000000,0x000000a3de100000) (1024K)]
  0x000001bad7fed5b0 JavaThread "C1 CompilerThread0"         daemon [_thread_blocked, id=10316, stack(0x000000a3de100000,0x000000a3de200000) (1024K)]
  0x000001bad82d2630 JavaThread "Notification Thread"        daemon [_thread_blocked, id=12940, stack(0x000000a3de200000,0x000000a3de300000) (1024K)]
  0x000001bad82d90b0 JavaThread "Common-Cleaner"             daemon [_thread_blocked, id=452, stack(0x000000a3de300000,0x000000a3de400000) (1024K)]
  0x000001bade352de0 JavaThread "Catalina-utility-1"                [_thread_blocked, id=15684, stack(0x000000a3df000000,0x000000a3df100000) (1024K)]
  0x000001bade353d80 JavaThread "Catalina-utility-2"                [_thread_blocked, id=14204, stack(0x000000a3df400000,0x000000a3df500000) (1024K)]
  0x000001bade354550 JavaThread "container-0"                       [_thread_blocked, id=12988, stack(0x000000a3df500000,0x000000a3df600000) (1024K)]
  0x000001bade354d20 JavaThread "mysql-cj-abandoned-connection-cleanup" daemon [_thread_blocked, id=13684, stack(0x000000a3df600000,0x000000a3df700000) (1024K)]
  0x000001badf44ff60 JavaThread "HikariPool-1:housekeeper"   daemon [_thread_blocked, id=7364, stack(0x000000a3df800000,0x000000a3df900000) (1024K)]
  0x000001bae0fa4220 JavaThread "File Watcher"               daemon [_thread_blocked, id=14264, stack(0x000000a3dfa00000,0x000000a3dfb00000) (1024K)]
  0x000001bae0fa51c0 JavaThread "http-nio-8080-exec-1"       daemon [_thread_blocked, id=4924, stack(0x000000a3dfb00000,0x000000a3dfc00000) (1024K)]
  0x000001bae0fa6930 JavaThread "http-nio-8080-exec-2"       daemon [_thread_blocked, id=13464, stack(0x000000a3dfc00000,0x000000a3dfd00000) (1024K)]
  0x000001bae0fa5990 JavaThread "http-nio-8080-exec-3"       daemon [_thread_blocked, id=14772, stack(0x000000a3dfd00000,0x000000a3dfe00000) (1024K)]
  0x000001bae0fa7100 JavaThread "http-nio-8080-exec-4"       daemon [_thread_blocked, id=15760, stack(0x000000a3dfe00000,0x000000a3dff00000) (1024K)]
  0x000001bae0fa3a50 JavaThread "http-nio-8080-exec-5"       daemon [_thread_blocked, id=5508, stack(0x000000a3dff00000,0x000000a3e0000000) (1024K)]
  0x000001bae0fa9fe0 JavaThread "http-nio-8080-exec-6"       daemon [_thread_blocked, id=11276, stack(0x000000a3e0000000,0x000000a3e0100000) (1024K)]
  0x000001bae0faa7b0 JavaThread "http-nio-8080-exec-7"       daemon [_thread_blocked, id=9112, stack(0x000000a3e0100000,0x000000a3e0200000) (1024K)]
  0x000001bae0fa9040 JavaThread "http-nio-8080-exec-8"       daemon [_thread_blocked, id=8884, stack(0x000000a3e0200000,0x000000a3e0300000) (1024K)]
  0x000001bae0fa80a0 JavaThread "http-nio-8080-exec-9"       daemon [_thread_blocked, id=4132, stack(0x000000a3e0300000,0x000000a3e0400000) (1024K)]
  0x000001bae0fa8870 JavaThread "http-nio-8080-exec-10"      daemon [_thread_blocked, id=11020, stack(0x000000a3e0400000,0x000000a3e0500000) (1024K)]
  0x000001baddc62c70 JavaThread "http-nio-8080-Poller"       daemon [_thread_in_native, id=12844, stack(0x000000a3e0500000,0x000000a3e0600000) (1024K)]
  0x000001baddc60d30 JavaThread "http-nio-8080-Acceptor"     daemon [_thread_in_native, id=7324, stack(0x000000a3e0600000,0x000000a3e0700000) (1024K)]
  0x000001baddc60560 JavaThread "DestroyJavaVM"                     [_thread_blocked, id=11428, stack(0x000000a3dd200000,0x000000a3dd300000) (1024K)]
Total: 29

Other Threads:
  0x000001bad7fc3730 VMThread "VM Thread"                           [id=4880, stack(0x000000a3dd900000,0x000000a3dda00000) (1024K)]
  0x000001bad7fb57b0 WatcherThread "VM Periodic Task Thread"        [id=15152, stack(0x000000a3dd800000,0x000000a3dd900000) (1024K)]
  0x000001babb19ef60 WorkerThread "GC Thread#0"                     [id=14532, stack(0x000000a3dd300000,0x000000a3dd400000) (1024K)]
  0x000001badd5fbaf0 WorkerThread "GC Thread#1"                     [id=332, stack(0x000000a3de800000,0x000000a3de900000) (1024K)]
  0x000001badd66ad60 WorkerThread "GC Thread#2"                     [id=11228, stack(0x000000a3de900000,0x000000a3dea00000) (1024K)]
  0x000001badd66b9a0 WorkerThread "GC Thread#3"                     [id=15492, stack(0x000000a3dea00000,0x000000a3deb00000) (1024K)]
  0x000001badd662770 WorkerThread "GC Thread#4"                     [id=16336, stack(0x000000a3deb00000,0x000000a3dec00000) (1024K)]
  0x000001badd661ed0 WorkerThread "GC Thread#5"                     [id=13452, stack(0x000000a3dec00000,0x000000a3ded00000) (1024K)]
  0x000001badd661a80 WorkerThread "GC Thread#6"                     [id=12320, stack(0x000000a3ded00000,0x000000a3dee00000) (1024K)]
  0x000001badd660d90 WorkerThread "GC Thread#7"                     [id=8352, stack(0x000000a3dee00000,0x000000a3def00000) (1024K)]
  0x000001bade20ffd0 WorkerThread "GC Thread#8"                     [id=10740, stack(0x000000a3de700000,0x000000a3de800000) (1024K)]
  0x000001bade210cc0 WorkerThread "GC Thread#9"                     [id=15508, stack(0x000000a3df100000,0x000000a3df200000) (1024K)]
  0x000001babb1b9060 ConcurrentGCThread "G1 Main Marker"            [id=2792, stack(0x000000a3dd400000,0x000000a3dd500000) (1024K)]
  0x000001babb1b9a00 WorkerThread "G1 Conc#0"                       [id=15292, stack(0x000000a3dd500000,0x000000a3dd600000) (1024K)]
  0x000001bade210420 WorkerThread "G1 Conc#1"                       [id=4648, stack(0x000000a3df200000,0x000000a3df300000) (1024K)]
  0x000001bade211e00 WorkerThread "G1 Conc#2"                       [id=10732, stack(0x000000a3df300000,0x000000a3df400000) (1024K)]
  0x000001bad7e780c0 ConcurrentGCThread "G1 Refine#0"               [id=388, stack(0x000000a3dd600000,0x000000a3dd700000) (1024K)]
  0x000001bad7e7aae0 ConcurrentGCThread "G1 Service"                [id=2596, stack(0x000000a3dd700000,0x000000a3dd800000) (1024K)]
Total: 18

Threads with active compile tasks:
C2 CompilerThread0  5124435 13796       4       org.springframework.beans.factory.support.AbstractBeanFactory::hasInstantiationAwareBeanPostProcessors (21 bytes)
Total: 1

VM state: not at safepoint (normal execution)

VM Mutex/Monitor currently owned by a thread: None

Heap address: 0x0000000084a00000, size: 1974 MB, Compressed Oops mode: 32-bit

CDS archive(s) mapped at: [0x0000000018000000-0x0000000018dd0000-0x0000000018dd0000), size 14483456, SharedBaseAddress: 0x0000000018000000, ArchiveRelocationMode: 1.
Compressed class space mapped at: 0x0000000019000000-0x0000000059000000, reserved size: 1073741824
UseCompressedClassPointers 1, UseCompactObjectHeaders 0
Narrow klass pointer bits 32, Max shift 3
Narrow klass base: 0x0000000018000000, Narrow klass shift: 0
Encoding Range: [0x0000000018000000 - 0x0000000118000000), (4294967296 bytes)
Klass Range:    [0x0000000018010000 - 0x0000000059000000), (1090453504 bytes)
Klass ID Range:  [65536 - 1090519033) (1090453497)
Protection zone: [0x0000000018000000 - 0x0000000018010000), (65536 bytes)

GC Precious Log:
 CardTable entry size: 512
 Card Set container configuration: InlinePtr #cards 5 size 8 Array Of Cards #cards 10 size 36 Howl #buckets 4 coarsen threshold 1843 Howl Bitmap #cards 512 size 80 coarsen threshold 460 Card regions per heap region 1 cards per card region 2048
 CPUs: 12 total, 12 available
 Memory: 7895M
 Large Page Support: Disabled
 NUMA Support: Disabled
 Compressed Oops: Enabled (32-bit)
 Heap Region Size: 1M
 Heap Min Capacity: 8M
 Heap Initial Capacity: 124M
 Heap Max Capacity: 1974M
 Pre-touch: Disabled
 Parallel Workers: 10
 Concurrent Workers: 3
 Concurrent Refinement Workers: 10
 Periodic GC: Disabled

Heap:
 garbage-first heap   total reserved 2021376K, committed 89088K, used 45795K [0x0000000084a00000, 0x0000000100000000)
  region size 1024K, 6 young (6144K), 2 survivors (2048K)

Heap Regions: E=young(eden), S=young(survivor), O=old, HS=humongous(starts), HC=humongous(continues), CS=collection set, F=free, TAMS=top-at-mark-start, PB=parsable bottom
|   0|0x0000000084a00000, 0x0000000084b00000, 0x0000000084b00000|100%|HS|  |TAMS 0x0000000084a00000| PB 0x0000000084a00000| Complete |  0
|   1|0x0000000084b00000, 0x0000000084c00000, 0x0000000084c00000|100%|HS|  |TAMS 0x0000000084b00000| PB 0x0000000084b00000| Complete |  0
|   2|0x0000000084c00000, 0x0000000084d00000, 0x0000000084d00000|100%| O|  |TAMS 0x0000000084c00000| PB 0x0000000084c00000| Untracked |  0
|   3|0x0000000084d00000, 0x0000000084e00000, 0x0000000084e00000|100%| O|  |TAMS 0x0000000084d00000| PB 0x0000000084d00000| Untracked |  0
|   4|0x0000000084e00000, 0x0000000084f00000, 0x0000000084f00000|100%| O|  |TAMS 0x0000000084e00000| PB 0x0000000084e00000| Untracked |  0
|   5|0x0000000084f00000, 0x0000000085000000, 0x0000000085000000|100%| O|  |TAMS 0x0000000084f00000| PB 0x0000000084f00000| Untracked |  0
|   6|0x0000000085000000, 0x0000000085100000, 0x0000000085100000|100%| O|  |TAMS 0x0000000085000000| PB 0x0000000085000000| Untracked |  0
|   7|0x0000000085100000, 0x0000000085200000, 0x0000000085200000|100%| O|  |TAMS 0x0000000085100000| PB 0x0000000085100000| Untracked |  0
|   8|0x0000000085200000, 0x0000000085300000, 0x0000000085300000|100%| O|  |TAMS 0x0000000085200000| PB 0x0000000085200000| Untracked |  0
|   9|0x0000000085300000, 0x0000000085400000, 0x0000000085400000|100%| O|  |TAMS 0x0000000085300000| PB 0x0000000085300000| Untracked |  0
|  10|0x0000000085400000, 0x0000000085500000, 0x0000000085500000|100%| O|  |TAMS 0x0000000085400000| PB 0x0000000085400000| Untracked |  0
|  11|0x0000000085500000, 0x0000000085600000, 0x0000000085600000|100%| O|  |TAMS 0x0000000085500000| PB 0x0000000085500000| Untracked |  0
|  12|0x0000000085600000, 0x0000000085700000, 0x0000000085700000|100%| O|  |TAMS 0x0000000085600000| PB 0x0000000085600000| Untracked |  0
|  13|0x0000000085700000, 0x0000000085800000, 0x0000000085800000|100%| O|  |TAMS 0x0000000085700000| PB 0x0000000085700000| Untracked |  0
|  14|0x0000000085800000, 0x0000000085800000, 0x0000000085900000|  0%| F|  |TAMS 0x0000000085800000| PB 0x0000000085800000| Untracked |  0
|  15|0x0000000085900000, 0x0000000085a00000, 0x0000000085a00000|100%| O|  |TAMS 0x0000000085900000| PB 0x0000000085900000| Untracked |  0
|  16|0x0000000085a00000, 0x0000000085b00000, 0x0000000085b00000|100%| O|  |TAMS 0x0000000085a00000| PB 0x0000000085a00000| Untracked |  0
|  17|0x0000000085b00000, 0x0000000085c00000, 0x0000000085c00000|100%| O|  |TAMS 0x0000000085b00000| PB 0x0000000085b00000| Untracked |  0
|  18|0x0000000085c00000, 0x0000000085d00000, 0x0000000085d00000|100%| O|  |TAMS 0x0000000085c00000| PB 0x0000000085c00000| Untracked |  0
|  19|0x0000000085d00000, 0x0000000085e00000, 0x0000000085e00000|100%| O|  |TAMS 0x0000000085d00000| PB 0x0000000085d00000| Untracked |  0
|  20|0x0000000085e00000, 0x0000000085f00000, 0x0000000085f00000|100%| O|  |TAMS 0x0000000085e00000| PB 0x0000000085e00000| Untracked |  0
|  21|0x0000000085f00000, 0x0000000086000000, 0x0000000086000000|100%| O|  |TAMS 0x0000000085f00000| PB 0x0000000085f00000| Untracked |  0
|  22|0x0000000086000000, 0x0000000086100000, 0x0000000086100000|100%| O|  |TAMS 0x0000000086000000| PB 0x0000000086000000| Untracked |  0
|  23|0x0000000086100000, 0x0000000086200000, 0x0000000086200000|100%| O|  |TAMS 0x0000000086100000| PB 0x0000000086100000| Untracked |  0
|  24|0x0000000086200000, 0x0000000086300000, 0x0000000086300000|100%| O|  |TAMS 0x0000000086200000| PB 0x0000000086200000| Untracked |  0
|  25|0x0000000086300000, 0x0000000086400000, 0x0000000086400000|100%| O|  |TAMS 0x0000000086300000| PB 0x0000000086300000| Untracked |  0
|  26|0x0000000086400000, 0x0000000086500000, 0x0000000086500000|100%| O|Cm|TAMS 0x0000000086400000| PB 0x0000000086400000| Complete |  0
|  27|0x0000000086500000, 0x0000000086600000, 0x0000000086600000|100%| O|Cm|TAMS 0x0000000086500000| PB 0x0000000086500000| Complete |  0
|  28|0x0000000086600000, 0x0000000086700000, 0x0000000086700000|100%| O|  |TAMS 0x0000000086600000| PB 0x0000000086600000| Untracked |  0
|  29|0x0000000086700000, 0x0000000086800000, 0x0000000086800000|100%| O|  |TAMS 0x0000000086700000| PB 0x0000000086700000| Untracked |  0
|  30|0x0000000086800000, 0x0000000086900000, 0x0000000086900000|100%| O|  |TAMS 0x0000000086800000| PB 0x0000000086800000| Untracked |  0
|  31|0x0000000086900000, 0x0000000086a00000, 0x0000000086a00000|100%| O|  |TAMS 0x0000000086900000| PB 0x0000000086900000| Untracked |  0
|  32|0x0000000086a00000, 0x0000000086b00000, 0x0000000086b00000|100%| O|  |TAMS 0x0000000086a00000| PB 0x0000000086a00000| Untracked |  0
|  33|0x0000000086b00000, 0x0000000086b2c500, 0x0000000086c00000| 17%| O|  |TAMS 0x0000000086b00000| PB 0x0000000086b00000| Untracked |  0
|  34|0x0000000086c00000, 0x0000000086c00000, 0x0000000086d00000|  0%| F|  |TAMS 0x0000000086c00000| PB 0x0000000086c00000| Untracked |  0
|  35|0x0000000086d00000, 0x0000000086e00000, 0x0000000086e00000|100%| O|  |TAMS 0x0000000086d00000| PB 0x0000000086d00000| Untracked |  0
|  36|0x0000000086e00000, 0x0000000086f00000, 0x0000000086f00000|100%| O|  |TAMS 0x0000000086e00000| PB 0x0000000086e00000| Untracked |  0
|  37|0x0000000086f00000, 0x0000000087000000, 0x0000000087000000|100%| O|  |TAMS 0x0000000086f00000| PB 0x0000000086f00000| Untracked |  0
|  38|0x0000000087000000, 0x0000000087000000, 0x0000000087100000|  0%| F|  |TAMS 0x0000000087000000| PB 0x0000000087000000| Untracked |  0
|  39|0x0000000087100000, 0x000000008718c730, 0x0000000087200000| 54%| S|CS|TAMS 0x0000000087100000| PB 0x0000000087100000| Complete |  0
|  40|0x0000000087200000, 0x0000000087300000, 0x0000000087300000|100%| S|CS|TAMS 0x0000000087200000| PB 0x0000000087200000| Complete |  0
|  41|0x0000000087300000, 0x0000000087300000, 0x0000000087400000|  0%| F|  |TAMS 0x0000000087300000| PB 0x0000000087300000| Untracked |  0
|  42|0x0000000087400000, 0x0000000087400000, 0x0000000087500000|  0%| F|  |TAMS 0x0000000087400000| PB 0x0000000087400000| Untracked |  0
|  43|0x0000000087500000, 0x0000000087500000, 0x0000000087600000|  0%| F|  |TAMS 0x0000000087500000| PB 0x0000000087500000| Untracked |  0
|  44|0x0000000087600000, 0x0000000087600000, 0x0000000087700000|  0%| F|  |TAMS 0x0000000087600000| PB 0x0000000087600000| Untracked |  0
|  45|0x0000000087700000, 0x0000000087700000, 0x0000000087800000|  0%| F|  |TAMS 0x0000000087700000| PB 0x0000000087700000| Untracked |  0
|  46|0x0000000087800000, 0x0000000087800000, 0x0000000087900000|  0%| F|  |TAMS 0x0000000087800000| PB 0x0000000087800000| Untracked |  0
|  47|0x0000000087900000, 0x0000000087900000, 0x0000000087a00000|  0%| F|  |TAMS 0x0000000087900000| PB 0x0000000087900000| Untracked |  0
|  48|0x0000000087a00000, 0x0000000087a00000, 0x0000000087b00000|  0%| F|  |TAMS 0x0000000087a00000| PB 0x0000000087a00000| Untracked |  0
|  49|0x0000000087b00000, 0x0000000087b00000, 0x0000000087c00000|  0%| F|  |TAMS 0x0000000087b00000| PB 0x0000000087b00000| Untracked |  0
|  50|0x0000000087c00000, 0x0000000087c00000, 0x0000000087d00000|  0%| F|  |TAMS 0x0000000087c00000| PB 0x0000000087c00000| Untracked |  0
|  51|0x0000000087d00000, 0x0000000087d00000, 0x0000000087e00000|  0%| F|  |TAMS 0x0000000087d00000| PB 0x0000000087d00000| Untracked |  0
|  52|0x0000000087e00000, 0x0000000087e00000, 0x0000000087f00000|  0%| F|  |TAMS 0x0000000087e00000| PB 0x0000000087e00000| Untracked |  0
|  53|0x0000000087f00000, 0x0000000087f00000, 0x0000000088000000|  0%| F|  |TAMS 0x0000000087f00000| PB 0x0000000087f00000| Untracked |  0
|  54|0x0000000088000000, 0x0000000088000000, 0x0000000088100000|  0%| F|  |TAMS 0x0000000088000000| PB 0x0000000088000000| Untracked |  0
|  55|0x0000000088100000, 0x0000000088100000, 0x0000000088200000|  0%| F|  |TAMS 0x0000000088100000| PB 0x0000000088100000| Untracked |  0
|  56|0x0000000088200000, 0x0000000088200000, 0x0000000088300000|  0%| F|  |TAMS 0x0000000088200000| PB 0x0000000088200000| Untracked |  0
|  57|0x0000000088300000, 0x0000000088300000, 0x0000000088400000|  0%| F|  |TAMS 0x0000000088300000| PB 0x0000000088300000| Untracked |  0
|  58|0x0000000088400000, 0x0000000088400000, 0x0000000088500000|  0%| F|  |TAMS 0x0000000088400000| PB 0x0000000088400000| Untracked |  0
|  59|0x0000000088500000, 0x0000000088500000, 0x0000000088600000|  0%| F|  |TAMS 0x0000000088500000| PB 0x0000000088500000| Untracked |  0
|  60|0x0000000088600000, 0x0000000088600000, 0x0000000088700000|  0%| F|  |TAMS 0x0000000088600000| PB 0x0000000088600000| Untracked |  0
|  61|0x0000000088700000, 0x0000000088700000, 0x0000000088800000|  0%| F|  |TAMS 0x0000000088700000| PB 0x0000000088700000| Untracked |  0
|  62|0x0000000088800000, 0x0000000088800000, 0x0000000088900000|  0%| F|  |TAMS 0x0000000088800000| PB 0x0000000088800000| Untracked |  0
|  63|0x0000000088900000, 0x0000000088900000, 0x0000000088a00000|  0%| F|  |TAMS 0x0000000088900000| PB 0x0000000088900000| Untracked |  0
|  64|0x0000000088a00000, 0x0000000088a00000, 0x0000000088b00000|  0%| F|  |TAMS 0x0000000088a00000| PB 0x0000000088a00000| Untracked |  0
|  65|0x0000000088b00000, 0x0000000088b00000, 0x0000000088c00000|  0%| F|  |TAMS 0x0000000088b00000| PB 0x0000000088b00000| Untracked |  0
|  66|0x0000000088c00000, 0x0000000088c00000, 0x0000000088d00000|  0%| F|  |TAMS 0x0000000088c00000| PB 0x0000000088c00000| Untracked |  0
|  67|0x0000000088d00000, 0x0000000088d00000, 0x0000000088e00000|  0%| F|  |TAMS 0x0000000088d00000| PB 0x0000000088d00000| Untracked |  0
|  68|0x0000000088e00000, 0x0000000088e00000, 0x0000000088f00000|  0%| F|  |TAMS 0x0000000088e00000| PB 0x0000000088e00000| Untracked |  0
|  69|0x0000000088f00000, 0x0000000088f00000, 0x0000000089000000|  0%| F|  |TAMS 0x0000000088f00000| PB 0x0000000088f00000| Untracked |  0
|  70|0x0000000089000000, 0x0000000089000000, 0x0000000089100000|  0%| F|  |TAMS 0x0000000089000000| PB 0x0000000089000000| Untracked |  0
|  71|0x0000000089100000, 0x0000000089100000, 0x0000000089200000|  0%| F|  |TAMS 0x0000000089100000| PB 0x0000000089100000| Untracked |  0
|  77|0x0000000089700000, 0x0000000089700000, 0x0000000089800000|  0%| F|  |TAMS 0x0000000089700000| PB 0x0000000089700000| Untracked |  0
|  78|0x0000000089800000, 0x0000000089800000, 0x0000000089900000|  0%| F|  |TAMS 0x0000000089800000| PB 0x0000000089800000| Untracked |  0
| 123|0x000000008c500000, 0x000000008c500000, 0x000000008c600000|  0%| F|  |TAMS 0x000000008c500000| PB 0x000000008c500000| Untracked |  0
|1962|0x00000000ff400000, 0x00000000ff400000, 0x00000000ff500000|  0%| F|  |TAMS 0x00000000ff400000| PB 0x00000000ff400000| Untracked |  0
|1963|0x00000000ff500000, 0x00000000ff600000, 0x00000000ff600000|100%| O|  |TAMS 0x00000000ff500000| PB 0x00000000ff500000| Untracked |  0
|1964|0x00000000ff600000, 0x00000000ff600000, 0x00000000ff700000|  0%| F|  |TAMS 0x00000000ff600000| PB 0x00000000ff600000| Untracked |  0
|1965|0x00000000ff700000, 0x00000000ff700000, 0x00000000ff800000|  0%| F|  |TAMS 0x00000000ff700000| PB 0x00000000ff700000| Untracked |  0
|1966|0x00000000ff800000, 0x00000000ff8ba538, 0x00000000ff900000| 72%| E|  |TAMS 0x00000000ff800000| PB 0x00000000ff800000| Complete |  0
|1967|0x00000000ff900000, 0x00000000ffa00000, 0x00000000ffa00000|100%| E|CS|TAMS 0x00000000ff900000| PB 0x00000000ff900000| Complete |  0
|1968|0x00000000ffa00000, 0x00000000ffb00000, 0x00000000ffb00000|100%| E|CS|TAMS 0x00000000ffa00000| PB 0x00000000ffa00000| Complete |  0
|1969|0x00000000ffb00000, 0x00000000ffc00000, 0x00000000ffc00000|100%| O|  |TAMS 0x00000000ffb00000| PB 0x00000000ffb00000| Untracked |  0
|1970|0x00000000ffc00000, 0x00000000ffd00000, 0x00000000ffd00000|100%| O|  |TAMS 0x00000000ffc00000| PB 0x00000000ffc00000| Untracked |  0
|1971|0x00000000ffd00000, 0x00000000ffe00000, 0x00000000ffe00000|100%| O|  |TAMS 0x00000000ffd00000| PB 0x00000000ffd00000| Untracked |  0
|1972|0x00000000ffe00000, 0x00000000fff00000, 0x00000000fff00000|100%| O|  |TAMS 0x00000000ffe00000| PB 0x00000000ffe00000| Untracked |  0
|1973|0x00000000fff00000, 0x0000000100000000, 0x0000000100000000|100%| E|CS|TAMS 0x00000000fff00000| PB 0x00000000fff00000| Complete |  0

Card table byte_map: [0x000001bad3310000,0x000001bad36f0000] _byte_map_base: 0x000001bad2eeb000

Marking Bits: (CMBitMap*) 0x000001babb1a1500
 Bits: [0x000001bad36f0000, 0x000001bad55c8000)

Polling page: 0x000001bab9210000

Metaspace:
Metaspace        used 93144K, committed 93696K, reserved 1179648K
 class space     used 13471K, committed 13696K, reserved 1048576K

Usage:
  Non-class:     77.81 MB used.
      Class:     13.16 MB used.
       Both:     90.96 MB used.

Virtual space:
  Non-class space:      128.00 MB reserved,      78.12 MB ( 61%) committed,  2 nodes.
      Class space:        1.00 GB reserved,      13.38 MB (  1%) committed,  1 nodes.
             Both:        1.12 GB reserved,      91.50 MB (  8%) committed. 

Chunk freelists:
   Non-Class:  1.73 MB
       Class:  2.65 MB
        Both:  4.39 MB

MaxMetaspaceSize: unlimited
CompressedClassSpaceSize: 1.00 GB
Initial GC threshold: 21.00 MB
Current GC threshold: 151.38 MB
CDS: on
 - commit_granule_bytes: 65536.
 - commit_granule_words: 8192.
 - virtual_space_node_default_size: 8388608.
 - enlarge_chunks_in_place: 1.
UseCompressedClassPointers 1, UseCompactObjectHeaders 0
Narrow klass pointer bits 32, Max shift 3
Narrow klass base: 0x0000000018000000, Narrow klass shift: 0
Encoding Range: [0x0000000018000000 - 0x0000000118000000), (4294967296 bytes)
Klass Range:    [0x0000000018010000 - 0x0000000059000000), (1090453504 bytes)
Klass ID Range:  [65536 - 1090519033) (1090453497)
Protection zone: [0x0000000018000000 - 0x0000000018010000), (65536 bytes)


Internal statistics:

num_allocs_failed_limit: 9.
num_arena_births: 834.
num_arena_deaths: 198.
num_vsnodes_births: 3.
num_vsnodes_deaths: 0.
num_space_committed: 1464.
num_space_uncommitted: 0.
num_chunks_returned_to_freelist: 212.
num_chunks_taken_from_freelist: 4158.
num_chunk_merges: 56.
num_chunk_splits: 3002.
num_chunks_enlarged: 2525.
num_inconsistent_stats: 0.

CodeHeap 'non-profiled nmethods': size=120064Kb used=2651Kb max_used=4358Kb free=117412Kb
 bounds [0x000001bacb480000, 0x000001bacb8d0000, 0x000001bad29c0000]
CodeHeap 'profiled nmethods': size=120000Kb used=5881Kb max_used=12297Kb free=114118Kb
 bounds [0x000001bac39c0000, 0x000001bac45d0000, 0x000001bacaef0000]
CodeHeap 'non-nmethods': size=5696Kb used=1708Kb max_used=1823Kb free=3987Kb
 bounds [0x000001bacaef0000, 0x000001bacb160000, 0x000001bacb480000]
CodeCache: size=245760Kb, used=10240Kb, max_used=18478Kb, free=235517Kb
 total_blobs=5778, nmethods=4964, adapters=715, full_count=0
Compilation: enabled, stopped_count=0, restarted_count=0

Compilation events (20 events):
Event: 5123.263 Thread 0x000001bad7fed5b0 13804       3       org.thymeleaf.engine.ProcessorTemplateHandler::handleComment (280 bytes)
Event: 5123.266 Thread 0x000001bad7fed5b0 nmethod 13804 0x000001bac3b46b08 code [0x000001bac3b46c00, 0x000001bac3b486c0]
Event: 5123.266 Thread 0x000001bad7fed5b0 13803       3       org.thymeleaf.context.Contexts::getWebExchange (10 bytes)
Event: 5123.267 Thread 0x000001bad7fed5b0 nmethod 13803 0x000001bac3b46708 code [0x000001bac3b46800, 0x000001bac3b46af0]
Event: 5123.267 Thread 0x000001bad7fed5b0 13802       3       org.thymeleaf.engine.StandaloneElementTag::write (122 bytes)
Event: 5123.267 Thread 0x000001bad7fed5b0 nmethod 13802 0x000001bac3b45a88 code [0x000001bac3b45b80, 0x000001bac3b466d8]
Event: 5123.267 Thread 0x000001bad7fed5b0 13811   !   3       java.nio.CharBuffer::wrap (21 bytes)
Event: 5123.267 Thread 0x000001bad7fed5b0 nmethod 13811 0x000001bac3b45688 code [0x000001bac3b45780, 0x000001bac3b45a08]
Event: 5123.268 Thread 0x000001bad7fed5b0 13812       3       java.nio.HeapCharBuffer::<init> (23 bytes)
Event: 5123.268 Thread 0x000001bad7fed5b0 nmethod 13812 0x000001bac3b45388 code [0x000001bac3b45480, 0x000001bac3b455f8]
Event: 5123.268 Thread 0x000001bad7fed5b0 13809       3       org.thymeleaf.cache.StandardCache$CacheEntry::getValueIfStillValid (73 bytes)
Event: 5123.268 Thread 0x000001bad7fed5b0 nmethod 13809 0x000001bac3b44808 code [0x000001bac3b44900, 0x000001bac3b45318]
Event: 5123.268 Thread 0x000001bad7fed5b0 13808       3       org.thymeleaf.processor.element.MatchingElementName::matches (135 bytes)
Event: 5123.269 Thread 0x000001bad7fed5b0 nmethod 13808 0x000001bac3b43988 code [0x000001bac3b43a80, 0x000001bac3b44610]
Event: 5123.269 Thread 0x000001bad7fed5b0 13805       3       org.thymeleaf.engine.TemplateModelController::shouldProcessComment (30 bytes)
Event: 5123.270 Thread 0x000001bad7fed5b0 nmethod 13805 0x000001bac3b97f08 code [0x000001bac3b98000, 0x000001bac3b98568]
Event: 5123.270 Thread 0x000001bad7fed5b0 13813   !   3       org.springframework.orm.jpa.ExtendedEntityManagerCreator$ExtendedEntityManagerInvocationHandler::invoke (492 bytes)
Event: 5123.275 Thread 0x000001bad7fed5b0 nmethod 13813 0x000001bac3b95608 code [0x000001bac3b95700, 0x000001bac3b97e88]
Event: 5123.275 Thread 0x000001bad7fed5b0 13810       3       org.thymeleaf.engine.AbstractProcessableElementTag::getAttribute (24 bytes)
Event: 5123.275 Thread 0x000001bad7fed5b0 nmethod 13810 0x000001bac3b95088 code [0x000001bac3b95180, 0x000001bac3b955e8]

GC Heap Usage History (20 events):
Event: 3423.192 {heap Before GC invocations=56 (full 0):
 garbage-first heap   total reserved 2021376K, committed 89088K, used 83097K [0x0000000084a00000, 0x0000000100000000)
  region size 1024K, 40 young (40960K), 1 survivors (1024K)
}
Event: 3423.195 {heap After GC invocations=57 (full 0):
 garbage-first heap   total reserved 2021376K, committed 89088K, used 43047K [0x0000000084a00000, 0x0000000100000000)
  region size 1024K, 1 young (1024K), 1 survivors (1024K)
}
Event: 3574.334 {heap Before GC invocations=57 (full 0):
 garbage-first heap   total reserved 2021376K, committed 89088K, used 82983K [0x0000000084a00000, 0x0000000100000000)
  region size 1024K, 40 young (40960K), 1 survivors (1024K)
}
Event: 3574.339 {heap After GC invocations=58 (full 0):
 garbage-first heap   total reserved 2021376K, committed 89088K, used 42847K [0x0000000084a00000, 0x0000000100000000)
  region size 1024K, 1 young (1024K), 1 survivors (1024K)
}
Event: 3727.993 {heap Before GC invocations=58 (full 0):
 garbage-first heap   total reserved 2021376K, committed 89088K, used 82783K [0x0000000084a00000, 0x0000000100000000)
  region size 1024K, 40 young (40960K), 1 survivors (1024K)
}
Event: 3727.996 {heap After GC invocations=59 (full 0):
 garbage-first heap   total reserved 2021376K, committed 89088K, used 42857K [0x0000000084a00000, 0x0000000100000000)
  region size 1024K, 1 young (1024K), 1 survivors (1024K)
}
Event: 3881.373 {heap Before GC invocations=60 (full 0):
 garbage-first heap   total reserved 2021376K, committed 89088K, used 82793K [0x0000000084a00000, 0x0000000100000000)
  region size 1024K, 40 young (40960K), 1 survivors (1024K)
}
Event: 3881.377 {heap After GC invocations=61 (full 0):
 garbage-first heap   total reserved 2021376K, committed 89088K, used 42905K [0x0000000084a00000, 0x0000000100000000)
  region size 1024K, 1 young (1024K), 1 survivors (1024K)
}
Event: 4035.398 {heap Before GC invocations=61 (full 0):
 garbage-first heap   total reserved 2021376K, committed 89088K, used 82841K [0x0000000084a00000, 0x0000000100000000)
  region size 1024K, 40 young (40960K), 1 survivors (1024K)
}
Event: 4035.402 {heap After GC invocations=62 (full 0):
 garbage-first heap   total reserved 2021376K, committed 89088K, used 42443K [0x0000000084a00000, 0x0000000100000000)
  region size 1024K, 1 young (1024K), 1 survivors (1024K)
}
Event: 4192.249 {heap Before GC invocations=62 (full 0):
 garbage-first heap   total reserved 2021376K, committed 89088K, used 83403K [0x0000000084a00000, 0x0000000100000000)
  region size 1024K, 41 young (41984K), 1 survivors (1024K)
}
Event: 4192.252 {heap After GC invocations=63 (full 0):
 garbage-first heap   total reserved 2021376K, committed 89088K, used 42342K [0x0000000084a00000, 0x0000000100000000)
  region size 1024K, 1 young (1024K), 1 survivors (1024K)
}
Event: 4348.313 {heap Before GC invocations=64 (full 0):
 garbage-first heap   total reserved 2021376K, committed 89088K, used 83302K [0x0000000084a00000, 0x0000000100000000)
  region size 1024K, 41 young (41984K), 1 survivors (1024K)
}
Event: 4348.316 {heap After GC invocations=65 (full 0):
 garbage-first heap   total reserved 2021376K, committed 89088K, used 42393K [0x0000000084a00000, 0x0000000100000000)
  region size 1024K, 1 young (1024K), 1 survivors (1024K)
}
Event: 4851.358 {heap Before GC invocations=65 (full 0):
 garbage-first heap   total reserved 2021376K, committed 89088K, used 83353K [0x0000000084a00000, 0x0000000100000000)
  region size 1024K, 41 young (41984K), 1 survivors (1024K)
}
Event: 4851.368 {heap After GC invocations=66 (full 0):
 garbage-first heap   total reserved 2021376K, committed 89088K, used 42183K [0x0000000084a00000, 0x0000000100000000)
  region size 1024K, 2 young (2048K), 2 survivors (2048K)
}
Event: 5016.567 {heap Before GC invocations=66 (full 0):
 garbage-first heap   total reserved 2021376K, committed 89088K, used 82119K [0x0000000084a00000, 0x0000000100000000)
  region size 1024K, 41 young (41984K), 2 survivors (2048K)
}
Event: 5016.577 {heap After GC invocations=67 (full 0):
 garbage-first heap   total reserved 2021376K, committed 89088K, used 41797K [0x0000000084a00000, 0x0000000100000000)
  region size 1024K, 1 young (1024K), 1 survivors (1024K)
}
Event: 5112.362 {heap Before GC invocations=68 (full 0):
 garbage-first heap   total reserved 2021376K, committed 89088K, used 81733K [0x0000000084a00000, 0x0000000100000000)
  region size 1024K, 41 young (41984K), 1 survivors (1024K)
}
Event: 5112.368 {heap After GC invocations=69 (full 0):
 garbage-first heap   total reserved 2021376K, committed 89088K, used 42723K [0x0000000084a00000, 0x0000000100000000)
  region size 1024K, 2 young (2048K), 2 survivors (2048K)
}

Metaspace Usage History (20 events):
Event: 3423.192 {metaspace Before GC invocations=56 (full 0):
 Metaspace       used 92278K, committed 92992K, reserved 1179648K
  class space    used 13410K, committed 13696K, reserved 1048576K
}
Event: 3423.195 {metaspace After GC invocations=57 (full 0):
 Metaspace       used 92278K, committed 92992K, reserved 1179648K
  class space    used 13410K, committed 13696K, reserved 1048576K
}
Event: 3574.334 {metaspace Before GC invocations=57 (full 0):
 Metaspace       used 92281K, committed 92992K, reserved 1179648K
  class space    used 13411K, committed 13696K, reserved 1048576K
}
Event: 3574.339 {metaspace After GC invocations=58 (full 0):
 Metaspace       used 92281K, committed 92992K, reserved 1179648K
  class space    used 13411K, committed 13696K, reserved 1048576K
}
Event: 3727.993 {metaspace Before GC invocations=58 (full 0):
 Metaspace       used 92281K, committed 92992K, reserved 1179648K
  class space    used 13411K, committed 13696K, reserved 1048576K
}
Event: 3727.996 {metaspace After GC invocations=59 (full 0):
 Metaspace       used 92281K, committed 92992K, reserved 1179648K
  class space    used 13411K, committed 13696K, reserved 1048576K
}
Event: 3881.373 {metaspace Before GC invocations=60 (full 0):
 Metaspace       used 92290K, committed 92992K, reserved 1179648K
  class space    used 13411K, committed 13696K, reserved 1048576K
}
Event: 3881.377 {metaspace After GC invocations=61 (full 0):
 Metaspace       used 92290K, committed 92992K, reserved 1179648K
  class space    used 13411K, committed 13696K, reserved 1048576K
}
Event: 4035.398 {metaspace Before GC invocations=61 (full 0):
 Metaspace       used 92290K, committed 92992K, reserved 1179648K
  class space    used 13411K, committed 13696K, reserved 1048576K
}
Event: 4035.402 {metaspace After GC invocations=62 (full 0):
 Metaspace       used 92290K, committed 92992K, reserved 1179648K
  class space    used 13411K, committed 13696K, reserved 1048576K
}
Event: 4192.249 {metaspace Before GC invocations=62 (full 0):
 Metaspace       used 92290K, committed 92992K, reserved 1179648K
  class space    used 13411K, committed 13696K, reserved 1048576K
}
Event: 4192.252 {metaspace After GC invocations=63 (full 0):
 Metaspace       used 92290K, committed 92992K, reserved 1179648K
  class space    used 13411K, committed 13696K, reserved 1048576K
}
Event: 4348.313 {metaspace Before GC invocations=64 (full 0):
 Metaspace       used 92292K, committed 92992K, reserved 1179648K
  class space    used 13411K, committed 13696K, reserved 1048576K
}
Event: 4348.316 {metaspace After GC invocations=65 (full 0):
 Metaspace       used 92292K, committed 92992K, reserved 1179648K
  class space    used 13411K, committed 13696K, reserved 1048576K
}
Event: 4851.358 {metaspace Before GC invocations=65 (full 0):
 Metaspace       used 92323K, committed 93056K, reserved 1179648K
  class space    used 13411K, committed 13696K, reserved 1048576K
}
Event: 4851.368 {metaspace After GC invocations=66 (full 0):
 Metaspace       used 92323K, committed 93056K, reserved 1179648K
  class space    used 13411K, committed 13696K, reserved 1048576K
}
Event: 5016.567 {metaspace Before GC invocations=66 (full 0):
 Metaspace       used 92324K, committed 93056K, reserved 1179648K
  class space    used 13411K, committed 13696K, reserved 1048576K
}
Event: 5016.577 {metaspace After GC invocations=67 (full 0):
 Metaspace       used 92324K, committed 93056K, reserved 1179648K
  class space    used 13411K, committed 13696K, reserved 1048576K
}
Event: 5112.362 {metaspace Before GC invocations=68 (full 0):
 Metaspace       used 93128K, committed 93632K, reserved 1179648K
  class space    used 13471K, committed 13696K, reserved 1048576K
}
Event: 5112.368 {metaspace After GC invocations=69 (full 0):
 Metaspace       used 93128K, committed 93632K, reserved 1179648K
  class space    used 13471K, committed 13696K, reserved 1048576K
}

Dll operation events (9 events):
Event: 0.005 Loaded shared library C:\Users\hansi\.jdks\openjdk-25.0.2-1\bin\java.dll
Event: 0.057 Loaded shared library C:\Users\hansi\.jdks\openjdk-25.0.2-1\bin\net.dll
Event: 0.058 Loaded shared library C:\Users\hansi\.jdks\openjdk-25.0.2-1\bin\nio.dll
Event: 0.062 Loaded shared library C:\Users\hansi\.jdks\openjdk-25.0.2-1\bin\zip.dll
Event: 0.111 Loaded shared library C:\Users\hansi\.jdks\openjdk-25.0.2-1\bin\jimage.dll
Event: 0.320 Loaded shared library C:\Users\hansi\.jdks\openjdk-25.0.2-1\bin\management.dll
Event: 0.321 Loaded shared library C:\Users\hansi\.jdks\openjdk-25.0.2-1\bin\management_ext.dll
Event: 0.905 Loaded shared library C:\Users\hansi\.jdks\openjdk-25.0.2-1\bin\sunmscapi.dll
Event: 2.702 Loaded shared library C:\Users\hansi\.jdks\openjdk-25.0.2-1\bin\extnet.dll

Deoptimization events (20 events):
Event: 5105.163 Thread 0x000001bae0fa5990 Uncommon trap: trap_request=0xffffff45 fr.pc=0x000001bacb4f1990 relative=0x0000000000000690
Event: 5105.163 Thread 0x000001bae0fa5990 Uncommon trap: reason=unstable_if action=reinterpret pc=0x000001bacb4f1990 method=org.apache.catalina.connector.OutputBuffer.transfer(Ljava/lang/String;IILjava/nio/CharBuffer;)I @ 19 c2
Event: 5105.163 Thread 0x000001bae0fa5990 DEOPT PACKING pc=0x000001bacb4f1990 sp=0x000000a3dfdfa6d0
Event: 5105.163 Thread 0x000001bae0fa5990 DEOPT UNPACKING pc=0x000001bacb011382 sp=0x000000a3dfdfa4e0 mode 2
Event: 5105.163 Thread 0x000001bae0fa5990 DEOPT PACKING pc=0x000001bac3ca9cfe sp=0x000000a3dfdfa110
Event: 5105.163 Thread 0x000001bae0fa5990 DEOPT UNPACKING pc=0x000001bacaf41702 sp=0x000000a3dfdf9658 mode 0
Event: 5105.193 Thread 0x000001bae0fa51c0 DEOPT PACKING pc=0x000001bac3a46829 sp=0x000000a3dfbfb1c0
Event: 5105.193 Thread 0x000001bae0fa51c0 DEOPT UNPACKING pc=0x000001bacaf41702 sp=0x000000a3dfbfa6b8 mode 0
Event: 5105.222 Thread 0x000001bae0fa3a50 DEOPT PACKING pc=0x000001bac3aa6dd5 sp=0x000000a3dfffaf10
Event: 5105.222 Thread 0x000001bae0fa3a50 DEOPT UNPACKING pc=0x000001bacaf41702 sp=0x000000a3dfffa3f8 mode 0
Event: 5105.229 Thread 0x000001bae0fa80a0 DEOPT PACKING pc=0x000001bac3aa6dd5 sp=0x000000a3e03fad60
Event: 5105.229 Thread 0x000001bae0fa80a0 DEOPT UNPACKING pc=0x000001bacaf41702 sp=0x000000a3e03fa248 mode 0
Event: 5105.264 Thread 0x000001bae0fa5990 DEOPT PACKING pc=0x000001bac3ca9cfe sp=0x000000a3dfdfa340
Event: 5105.264 Thread 0x000001bae0fa5990 DEOPT UNPACKING pc=0x000001bacaf41702 sp=0x000000a3dfdf9888 mode 0
Event: 5105.276 Thread 0x000001bae0fa5990 Uncommon trap: trap_request=0xffffff45 fr.pc=0x000001bacb55ff20 relative=0x0000000000000520
Event: 5105.276 Thread 0x000001bae0fa5990 Uncommon trap: reason=unstable_if action=reinterpret pc=0x000001bacb55ff20 method=org.apache.catalina.connector.OutputBuffer.write(I)V @ 16 c2
Event: 5105.276 Thread 0x000001bae0fa5990 DEOPT PACKING pc=0x000001bacb55ff20 sp=0x000000a3dfdfa4f0
Event: 5105.276 Thread 0x000001bae0fa5990 DEOPT UNPACKING pc=0x000001bacb011382 sp=0x000000a3dfdfa3d8 mode 2
Event: 5105.301 Thread 0x000001bae0fa5990 DEOPT PACKING pc=0x000001bac3ca9cfe sp=0x000000a3dfdfa360
Event: 5105.301 Thread 0x000001bae0fa5990 DEOPT UNPACKING pc=0x000001bacaf41702 sp=0x000000a3dfdf98a8 mode 0

Classes loaded (20 events):
Event: 5105.107 Loading class sun/util/locale/provider/CalendarNameProviderImpl$LengthBasedComparator
Event: 5105.107 Loading class sun/util/locale/provider/CalendarNameProviderImpl$LengthBasedComparator done
Event: 5105.107 Loading class sun/util/resources/ParallelListResourceBundle
Event: 5105.109 Loading class sun/util/resources/ParallelListResourceBundle done
Event: 5105.110 Loading class sun/text/resources/FormatData
Event: 5105.112 Loading class sun/text/resources/FormatData done
Event: 5105.112 Loading class java/util/concurrent/atomic/AtomicMarkableReference$Pair
Event: 5105.113 Loading class java/util/concurrent/atomic/AtomicMarkableReference$Pair done
Event: 5105.113 Loading class sun/text/resources/FormatData_en
Event: 5105.113 Loading class sun/text/resources/FormatData_en done
Event: 5105.113 Loading class sun/text/resources/FormatData_en_US
Event: 5105.113 Loading class sun/text/resources/FormatData_en_US done
Event: 5105.113 Loading class sun/util/resources/LocaleData$SupplementaryStrategy
Event: 5105.114 Loading class sun/util/resources/LocaleData$SupplementaryStrategy done
Event: 5105.114 Loading class sun/text/resources/JavaTimeSupplementary
Event: 5105.114 Loading class sun/text/resources/JavaTimeSupplementary done
Event: 5105.115 Loading class sun/util/resources/ParallelListResourceBundle$KeySet
Event: 5105.116 Loading class sun/util/resources/ParallelListResourceBundle$KeySet done
Event: 5105.119 Loading class sun/util/locale/provider/CalendarDataUtility$CalendarFieldValueNameGetter
Event: 5105.119 Loading class sun/util/locale/provider/CalendarDataUtility$CalendarFieldValueNameGetter done

Classes unloaded (20 events):
Event: 1971.169 Thread 0x000001bad7fc3730 Unloading class 0x000000001911cc00 'java/lang/invoke/LambdaForm$MH+0x000000001911cc00'
Event: 1971.169 Thread 0x000001bad7fc3730 Unloading class 0x000000001911c800 'java/lang/invoke/LambdaForm$MH+0x000000001911c800'
Event: 1971.169 Thread 0x000001bad7fc3730 Unloading class 0x0000000019108400 'java/lang/invoke/LambdaForm$MH+0x0000000019108400'
Event: 1971.169 Thread 0x000001bad7fc3730 Unloading class 0x0000000019108000 'java/lang/invoke/LambdaForm$MH+0x0000000019108000'
Event: 1971.169 Thread 0x000001bad7fc3730 Unloading class 0x00000000190d0000 'java/lang/invoke/LambdaForm$DMH+0x00000000190d0000'
Event: 1971.169 Thread 0x000001bad7fc3730 Unloading class 0x00000000190a5c00 'java/lang/invoke/LambdaForm$MH+0x00000000190a5c00'
Event: 1971.169 Thread 0x000001bad7fc3730 Unloading class 0x00000000190a5800 'java/lang/invoke/LambdaForm$MH+0x00000000190a5800'
Event: 1971.169 Thread 0x000001bad7fc3730 Unloading class 0x00000000190a5400 'java/lang/invoke/LambdaForm$MH+0x00000000190a5400'
Event: 1971.169 Thread 0x000001bad7fc3730 Unloading class 0x0000000019069000 'java/lang/invoke/LambdaForm$BMH+0x0000000019069000'
Event: 2379.694 Thread 0x000001bad7fc3730 Unloading class 0x0000000019ce0400 'java/lang/invoke/LambdaForm$MH+0x0000000019ce0400'
Event: 2379.694 Thread 0x000001bad7fc3730 Unloading class 0x0000000019ce0000 'java/lang/invoke/LambdaForm$MH+0x0000000019ce0000'
Event: 2379.694 Thread 0x000001bad7fc3730 Unloading class 0x0000000019be4400 'java/lang/invoke/LambdaForm$MH+0x0000000019be4400'
Event: 2379.694 Thread 0x000001bad7fc3730 Unloading class 0x00000000195e4000 'java/lang/invoke/LambdaForm$MH+0x00000000195e4000'
Event: 2379.694 Thread 0x000001bad7fc3730 Unloading class 0x00000000193a4400 'java/lang/invoke/LambdaForm$MH+0x00000000193a4400'
Event: 2379.694 Thread 0x000001bad7fc3730 Unloading class 0x00000000190d0c00 'java/lang/invoke/LambdaForm$MH+0x00000000190d0c00'
Event: 2379.694 Thread 0x000001bad7fc3730 Unloading class 0x0000000019098800 'java/lang/invoke/LambdaForm$MH+0x0000000019098800'
Event: 2830.062 Thread 0x000001bad7fc3730 Unloading class 0x0000000019d5cc00 'java/lang/invoke/LambdaForm$MH+0x0000000019d5cc00'
Event: 2830.062 Thread 0x000001bad7fc3730 Unloading class 0x0000000019d5c800 'java/lang/invoke/LambdaForm$MH+0x0000000019d5c800'
Event: 2830.062 Thread 0x000001bad7fc3730 Unloading class 0x0000000019d5c400 'java/lang/invoke/LambdaForm$MH+0x0000000019d5c400'
Event: 2830.062 Thread 0x000001bad7fc3730 Unloading class 0x0000000019d5c000 'java/lang/invoke/LambdaForm$MH+0x0000000019d5c000'

Classes redefined (0 events):
No events

Internal exceptions (20 events):
Event: 13.202 Thread 0x000001bae0fa9040 Exception <a 'java/lang/NoSuchMethodError'{0x000000008784efd0}: 'void java.lang.invoke.Invokers$Holder.invokeExact_MT(java.lang.Object, java.lang.Object, int, java.lang.Object)'> (0x000000008784efd0) 
thrown [s\open\src\hotspot\share\interpreter\linkResolver.cpp, line 804]
Event: 13.202 Thread 0x000001bae0fa9040 Exception <a 'java/lang/IncompatibleClassChangeError'{0x0000000087853be8}: Found class java.lang.Object, but interface was expected> (0x0000000087853be8) 
thrown [s\open\src\hotspot\share\interpreter\linkResolver.cpp, line 871]
Event: 13.321 Thread 0x000001bae0fa8870 Exception <a 'java/lang/NoSuchMethodError'{0x000000008765acc0}: 'java.lang.Object java.lang.invoke.DirectMethodHandle$Holder.invokeStatic(java.lang.Object, java.lang.Object, java.lang.Object, java.lang.Object, int, java.lang.Object)'> (0x000000008765acc0) 
thrown [s\open\src\hotspot\share\interpreter\linkResolver.cpp, line 804]
Event: 13.322 Thread 0x000001bae0fa8870 Exception <a 'java/lang/NoSuchMethodError'{0x000000008766bd00}: 'java.lang.Object java.lang.invoke.DirectMethodHandle$Holder.newInvokeSpecial(java.lang.Object, java.lang.Object, java.lang.Object, java.lang.Object, int)'> (0x000000008766bd00) 
thrown [s\open\src\hotspot\share\interpreter\linkResolver.cpp, line 804]
Event: 13.323 Thread 0x000001bae0fa8870 Exception <a 'java/lang/NoSuchMethodError'{0x0000000087674ea8}: 'java.lang.Object java.lang.invoke.DirectMethodHandle$Holder.invokeSpecial(java.lang.Object, java.lang.Object, java.lang.Object, java.lang.Object, java.lang.Object, int)'> (0x0000000087674ea8) 
thrown [s\open\src\hotspot\share\interpreter\linkResolver.cpp, line 804]
Event: 13.323 Thread 0x000001bae0fa8870 Exception <a 'java/lang/NoSuchMethodError'{0x000000008767d7e0}: 'java.lang.Object java.lang.invoke.Invokers$Holder.linkToTargetMethod(java.lang.Object, java.lang.Object, java.lang.Object, int, java.lang.Object)'> (0x000000008767d7e0) 
thrown [s\open\src\hotspot\share\interpreter\linkResolver.cpp, line 804]
Event: 399.647 Thread 0x000001bae0fa9fe0 Exception <a 'java/lang/IncompatibleClassChangeError'{0x00000000886aebe8}: Found class java.lang.Object, but interface was expected> (0x00000000886aebe8) 
thrown [s\open\src\hotspot\share\interpreter\linkResolver.cpp, line 871]
Event: 1365.898 Thread 0x000001badf785790 Exception <a 'java/io/IOException'{0x0000000088e8c310}> (0x0000000088e8c310) 
thrown [s\open\src\hotspot\share\prims\jni.cpp, line 516]
Event: 1365.899 Thread 0x000001badf785790 Exception <a 'java/io/IOException'{0x0000000088e8d7a8}> (0x0000000088e8d7a8) 
thrown [s\open\src\hotspot\share\prims\jni.cpp, line 516]
Event: 2890.780 Thread 0x000001badf783850 Exception <a 'java/io/IOException'{0x0000000088b829d0}> (0x0000000088b829d0) 
thrown [s\open\src\hotspot\share\prims\jni.cpp, line 516]
Event: 2890.781 Thread 0x000001badf783850 Exception <a 'java/io/IOException'{0x0000000088b83940}> (0x0000000088b83940) 
thrown [s\open\src\hotspot\share\prims\jni.cpp, line 516]
Event: 2970.433 Thread 0x000001badf783850 Exception <a 'java/io/IOException'{0x00000000876814e0}> (0x00000000876814e0) 
thrown [s\open\src\hotspot\share\prims\jni.cpp, line 516]
Event: 2970.434 Thread 0x000001badf783850 Exception <a 'java/io/IOException'{0x0000000087682148}> (0x0000000087682148) 
thrown [s\open\src\hotspot\share\prims\jni.cpp, line 516]
Event: 3070.693 Thread 0x000001badf7847f0 Exception <a 'java/io/IOException'{0x00000000882829e8}> (0x00000000882829e8) 
thrown [s\open\src\hotspot\share\prims\jni.cpp, line 516]
Event: 3070.693 Thread 0x000001badf7847f0 Exception <a 'java/io/IOException'{0x0000000088283958}> (0x0000000088283958) 
thrown [s\open\src\hotspot\share\prims\jni.cpp, line 516]
Event: 5058.938 Thread 0x000001bae0fa6930 Implicit null exception at 0x000001bacb610e49 to 0x000001bacb610eed
Event: 5104.762 Thread 0x000001bae0fa5990 Exception <a 'java/lang/NoSuchMethodError'{0x0000000087b4c5d8}: 'void java.lang.invoke.DelegatingMethodHandle$Holder.reinvoke_L(java.lang.Object, java.lang.Object, int)'> (0x0000000087b4c5d8) 
thrown [s\open\src\hotspot\share\interpreter\linkResolver.cpp, line 804]
Event: 5104.818 Thread 0x000001bae0fa5990 Exception <a 'java/lang/NoSuchMethodError'{0x0000000087a3e498}: 'int java.lang.invoke.DirectMethodHandle$Holder.invokeVirtual(java.lang.Object, java.lang.Object, int, java.lang.Object)'> (0x0000000087a3e498) 
thrown [s\open\src\hotspot\share\interpreter\linkResolver.cpp, line 804]
Event: 5104.820 Thread 0x000001bae0fa5990 Exception <a 'java/lang/NoSuchMethodError'{0x0000000087a471a8}: 'int java.lang.invoke.DelegatingMethodHandle$Holder.reinvoke_L(java.lang.Object, java.lang.Object, int, java.lang.Object)'> (0x0000000087a471a8) 
thrown [s\open\src\hotspot\share\interpreter\linkResolver.cpp, line 804]
Event: 5118.753 Thread 0x000001bae0fa8870 Exception <a 'java/io/IOException'{0x00000000ffab9bc0}> (0x00000000ffab9bc0) 
thrown [s\open\src\hotspot\share\prims\jni.cpp, line 516]

VM Operations (20 events):
Event: 4192.267 Executing safepoint VM operation: G1PauseRemark
Event: 4192.268 Executing safepoint VM operation: G1PauseRemark done
Event: 4192.274 Executing safepoint VM operation: G1PauseCleanup
Event: 4192.274 Executing safepoint VM operation: G1PauseCleanup done
Event: 4348.313 Executing safepoint VM operation: G1CollectForAllocation (G1 Evacuation Pause)
Event: 4348.316 Executing safepoint VM operation: G1CollectForAllocation (G1 Evacuation Pause) done
Event: 4851.358 Executing safepoint VM operation: G1CollectForAllocation (G1 Evacuation Pause)
Event: 4851.368 Executing safepoint VM operation: G1CollectForAllocation (G1 Evacuation Pause) done
Event: 5016.567 Executing safepoint VM operation: G1CollectForAllocation (G1 Evacuation Pause)
Event: 5016.577 Executing safepoint VM operation: G1CollectForAllocation (G1 Evacuation Pause) done
Event: 5016.641 Executing safepoint VM operation: G1PauseRemark
Event: 5016.643 Executing safepoint VM operation: G1PauseRemark done
Event: 5016.653 Executing safepoint VM operation: G1PauseCleanup
Event: 5016.653 Executing safepoint VM operation: G1PauseCleanup done
Event: 5066.433 Executing non-safepoint VM operation: HandshakeAllThreads (HandshakeForDeflation)
Event: 5066.434 Executing non-safepoint VM operation: HandshakeAllThreads (HandshakeForDeflation) done
Event: 5066.434 Executing non-safepoint VM operation: RendezvousGCThreads
Event: 5066.434 Executing non-safepoint VM operation: RendezvousGCThreads done
Event: 5112.362 Executing safepoint VM operation: G1CollectForAllocation (G1 Evacuation Pause)
Event: 5112.368 Executing safepoint VM operation: G1CollectForAllocation (G1 Evacuation Pause) done

Memory protections (0 events):
No events

Nmethod flushes (20 events):
Event: 5016.643 Thread 0x000001bad7fc3730 flushing  nmethod 0x000001bac4561408
Event: 5016.643 Thread 0x000001bad7fc3730 flushing  nmethod 0x000001bacb59a088
Event: 5016.643 Thread 0x000001bad7fc3730 flushing  nmethod 0x000001bac39f2608
Event: 5016.643 Thread 0x000001bad7fc3730 flushing  nmethod 0x000001bac39f3a08
Event: 5016.643 Thread 0x000001bad7fc3730 flushing  nmethod 0x000001bac3c85008
Event: 5016.643 Thread 0x000001bad7fc3730 flushing  nmethod 0x000001bac42f2608
Event: 5016.643 Thread 0x000001bad7fc3730 flushing  nmethod 0x000001bacb49a688
Event: 5016.643 Thread 0x000001bad7fc3730 flushing osr nmethod 0x000001bacb49ba08
Event: 5016.643 Thread 0x000001bad7fc3730 flushing osr nmethod 0x000001bacb5e3c88
Event: 5016.643 Thread 0x000001bad7fc3730 flushing  nmethod 0x000001bacb6ff188
Event: 5016.643 Thread 0x000001bad7fc3730 flushing  nmethod 0x000001bac3a70208
Event: 5016.643 Thread 0x000001bad7fc3730 flushing  nmethod 0x000001bac3bfb588
Event: 5016.643 Thread 0x000001bad7fc3730 flushing  nmethod 0x000001bac3e97888
Event: 5016.643 Thread 0x000001bad7fc3730 flushing  nmethod 0x000001bac4192408
Event: 5016.643 Thread 0x000001bad7fc3730 flushing  nmethod 0x000001bac3df4e08
Event: 5016.643 Thread 0x000001bad7fc3730 flushing  nmethod 0x000001bac3e09008
Event: 5016.643 Thread 0x000001bad7fc3730 flushing  nmethod 0x000001bac40d0d08
Event: 5016.643 Thread 0x000001bad7fc3730 flushing  nmethod 0x000001bac4285688
Event: 5016.643 Thread 0x000001bad7fc3730 flushing  nmethod 0x000001bac434be08
Event: 5016.643 Thread 0x000001bad7fc3730 flushing  nmethod 0x000001bac4352908

Events (20 events):
Event: 5083.152 Thread 0x000001bade98ee20 Thread exited: 0x000001bade98ee20
Event: 5083.153 Thread 0x000001bade98e610 Thread exited: 0x000001bade98e610
Event: 5083.201 Thread 0x000001bad7fed5b0 Thread added: 0x000001bade98e610
Event: 5083.233 Thread 0x000001bad7fed5b0 Thread added: 0x000001bade98ee20
Event: 5087.083 Thread 0x000001bade98ee20 Thread exited: 0x000001bade98ee20
Event: 5087.084 Thread 0x000001bade98e610 Thread exited: 0x000001bade98e610
Event: 5087.093 Thread 0x000001bad7fed5b0 Thread added: 0x000001bade98bdc0
Event: 5087.098 Thread 0x000001bad7fed5b0 Thread added: 0x000001bade98c5d0
Event: 5092.430 Thread 0x000001bade98c5d0 Thread exited: 0x000001bade98c5d0
Event: 5097.305 Thread 0x000001bade98bdc0 Thread exited: 0x000001bade98bdc0
Event: 5100.491 Thread 0x000001bad7fed5b0 Thread added: 0x000001bade98c5d0
Event: 5100.504 Thread 0x000001bad7fed5b0 Thread added: 0x000001bade98bdc0
Event: 5104.647 Thread 0x000001bade98bdc0 Thread exited: 0x000001bade98bdc0
Event: 5104.648 Thread 0x000001bade98c5d0 Thread exited: 0x000001bade98c5d0
Event: 5104.656 Thread 0x000001bad7fed5b0 Thread added: 0x000001bade98bdc0
Event: 5104.670 Thread 0x000001bad7fed5b0 Thread added: 0x000001bade98fe40
Event: 5110.385 Thread 0x000001bade98fe40 Thread exited: 0x000001bade98fe40
Event: 5115.379 Thread 0x000001bade98bdc0 Thread exited: 0x000001bade98bdc0
Event: 5119.803 Thread 0x000001bad7fed5b0 Thread added: 0x000001bade98bdc0
Event: 5123.254 Thread 0x000001bade98bdc0 Thread exited: 0x000001bade98bdc0


Dynamic libraries:
0x00007ff6ebda0000 - 0x00007ff6ebdae000 	C:\Users\hansi\.jdks\openjdk-25.0.2-1\bin\java.exe
0x00007ffa26740000 - 0x00007ffa269a7000 	C:\WINDOWS\SYSTEM32\ntdll.dll
0x00007ffa251e0000 - 0x00007ffa252a9000 	C:\WINDOWS\System32\KERNEL32.DLL
0x00007ffa237a0000 - 0x00007ffa23b94000 	C:\WINDOWS\System32\KERNELBASE.dll
0x00007ffa23010000 - 0x00007ffa2315b000 	C:\WINDOWS\System32\ucrtbase.dll
0x00007ff9fb0e0000 - 0x00007ff9fb0f7000 	C:\Users\hansi\.jdks\openjdk-25.0.2-1\bin\jli.dll
0x00007ff9fdb40000 - 0x00007ff9fdb5e000 	C:\Users\hansi\.jdks\openjdk-25.0.2-1\bin\VCRUNTIME140.dll
0x00007ffa25000000 - 0x00007ffa251c5000 	C:\WINDOWS\System32\USER32.dll
0x00007ff9fdbd0000 - 0x00007ff9fde63000 	C:\WINDOWS\WinSxS\amd64_microsoft.windows.common-controls_6595b64144ccf1df_6.0.26100.8115_none_3e075c82e3354f9c\COMCTL32.dll
0x00007ffa23c30000 - 0x00007ffa23c57000 	C:\WINDOWS\System32\win32u.dll
0x00007ffa26410000 - 0x00007ffa2643b000 	C:\WINDOWS\System32\GDI32.dll
0x00007ffa24ea0000 - 0x00007ffa24f49000 	C:\WINDOWS\System32\msvcrt.dll
0x00007ffa235b0000 - 0x00007ffa236db000 	C:\WINDOWS\System32\gdi32full.dll
0x00007ffa23160000 - 0x00007ffa23203000 	C:\WINDOWS\System32\msvcp_win.dll
0x00007ffa265c0000 - 0x00007ffa265f2000 	C:\WINDOWS\System32\IMM32.DLL
0x00007ffa0d400000 - 0x00007ffa0d40c000 	C:\Users\hansi\.jdks\openjdk-25.0.2-1\bin\vcruntime140_1.dll
0x00007ff9f8d10000 - 0x00007ff9f8d9d000 	C:\Users\hansi\.jdks\openjdk-25.0.2-1\bin\msvcp140.dll
0x00007ff98e620000 - 0x00007ff98f47f000 	C:\Users\hansi\.jdks\openjdk-25.0.2-1\bin\server\jvm.dll
0x00007ffa257e0000 - 0x00007ffa25896000 	C:\WINDOWS\System32\ADVAPI32.dll
0x00007ffa24f50000 - 0x00007ffa24ff7000 	C:\WINDOWS\System32\sechost.dll
0x00007ffa258a0000 - 0x00007ffa259b8000 	C:\WINDOWS\System32\RPCRT4.dll
0x00007ffa259c0000 - 0x00007ffa25a40000 	C:\WINDOWS\System32\WS2_32.dll
0x00007ffa22530000 - 0x00007ffa2258e000 	C:\WINDOWS\SYSTEM32\POWRPROF.dll
0x00007ffa1bf10000 - 0x00007ffa1bf1b000 	C:\WINDOWS\SYSTEM32\VERSION.dll
0x00007ffa18ad0000 - 0x00007ffa18b06000 	C:\WINDOWS\SYSTEM32\WINMM.dll
0x00007ffa224e0000 - 0x00007ffa224f4000 	C:\WINDOWS\SYSTEM32\UMPDC.dll
0x00007ffa21d90000 - 0x00007ffa21dab000 	C:\WINDOWS\SYSTEM32\kernel.appcore.dll
0x00007ffa0d370000 - 0x00007ffa0d37a000 	C:\Users\hansi\.jdks\openjdk-25.0.2-1\bin\jimage.dll
0x00007ffa20e40000 - 0x00007ffa21082000 	C:\WINDOWS\SYSTEM32\DBGHELP.DLL
0x00007ffa252b0000 - 0x00007ffa25632000 	C:\WINDOWS\System32\combase.dll
0x00007ffa249e0000 - 0x00007ffa24ab8000 	C:\WINDOWS\System32\OLEAUT32.dll
0x00007ffa03870000 - 0x00007ffa038ab000 	C:\WINDOWS\SYSTEM32\dbgcore.DLL
0x00007ffa23210000 - 0x00007ffa232b5000 	C:\WINDOWS\System32\bcryptPrimitives.dll
0x00007ff9f86c0000 - 0x00007ff9f86df000 	C:\Users\hansi\.jdks\openjdk-25.0.2-1\bin\java.dll
0x00007ffa25640000 - 0x00007ffa257d7000 	C:\WINDOWS\System32\ole32.dll
0x00007ffa25a50000 - 0x00007ffa261b7000 	C:\WINDOWS\System32\SHELL32.dll
0x00007ffa232c0000 - 0x00007ffa2342a000 	C:\WINDOWS\System32\wintypes.dll
0x00007ffa23c60000 - 0x00007ffa244c8000 	C:\WINDOWS\System32\windows.storage.dll
0x00007ffa26440000 - 0x00007ffa26538000 	C:\WINDOWS\System32\SHCORE.dll
0x00007ffa24c50000 - 0x00007ffa24cb6000 	C:\WINDOWS\System32\shlwapi.dll
0x00007ffa22f30000 - 0x00007ffa22f59000 	C:\WINDOWS\SYSTEM32\profapi.dll
0x00007ff9ee060000 - 0x00007ff9ee072000 	C:\Users\hansi\.jdks\openjdk-25.0.2-1\bin\net.dll
0x00007ffa22380000 - 0x00007ffa223ec000 	C:\WINDOWS\system32\mswsock.dll
0x00007ff9ea080000 - 0x00007ff9ea096000 	C:\Users\hansi\.jdks\openjdk-25.0.2-1\bin\nio.dll
0x00007ff9f77b0000 - 0x00007ff9f77c7000 	C:\Users\hansi\.jdks\openjdk-25.0.2-1\bin\zip.dll
0x00007ffa0afd0000 - 0x00007ffa0afda000 	C:\Users\hansi\.jdks\openjdk-25.0.2-1\bin\management.dll
0x00007ffa0af20000 - 0x00007ffa0af2c000 	C:\Users\hansi\.jdks\openjdk-25.0.2-1\bin\management_ext.dll
0x00007ffa24c30000 - 0x00007ffa24c38000 	C:\WINDOWS\System32\PSAPI.DLL
0x00007ffa07b70000 - 0x00007ffa07b7e000 	C:\Users\hansi\.jdks\openjdk-25.0.2-1\bin\sunmscapi.dll
0x00007ffa23430000 - 0x00007ffa235a7000 	C:\WINDOWS\System32\CRYPT32.dll
0x00007ffa22930000 - 0x00007ffa22960000 	C:\WINDOWS\SYSTEM32\ncrypt.dll
0x00007ffa228e0000 - 0x00007ffa2291f000 	C:\WINDOWS\SYSTEM32\NTASN1.dll
0x00007ffa22710000 - 0x00007ffa2272b000 	C:\WINDOWS\SYSTEM32\CRYPTSP.dll
0x00007ffa21cf0000 - 0x00007ffa21d29000 	C:\WINDOWS\system32\rsaenh.dll
0x00007ffa22450000 - 0x00007ffa22483000 	C:\WINDOWS\SYSTEM32\USERENV.dll
0x00007ffa22f00000 - 0x00007ffa22f2a000 	C:\WINDOWS\SYSTEM32\bcrypt.dll
0x00007ffa22730000 - 0x00007ffa2273c000 	C:\WINDOWS\SYSTEM32\CRYPTBASE.dll
0x00007ffa21810000 - 0x00007ffa21842000 	C:\WINDOWS\SYSTEM32\IPHLPAPI.DLL
0x00007ffa24c40000 - 0x00007ffa24c4a000 	C:\WINDOWS\System32\NSI.dll
0x00007ffa21850000 - 0x00007ffa21982000 	C:\WINDOWS\SYSTEM32\DNSAPI.dll
0x00007ffa1c070000 - 0x00007ffa1c07b000 	C:\Windows\System32\rasadhlp.dll
0x00007ffa1d760000 - 0x00007ffa1d7e6000 	C:\WINDOWS\System32\fwpuclnt.dll
0x00007ffa0ac70000 - 0x00007ffa0ac79000 	C:\Users\hansi\.jdks\openjdk-25.0.2-1\bin\extnet.dll
0x00007ffa10730000 - 0x00007ffa10738000 	C:\WINDOWS\system32\wshunix.dll

JVMTI agents: none

dbghelp: loaded successfully - version: 4.0.5 - missing functions: none
symbol engine: initialized successfully - sym options: 0x614 - pdb path: .;C:\Users\hansi\.jdks\openjdk-25.0.2-1\bin;C:\WINDOWS\SYSTEM32;C:\WINDOWS\WinSxS\amd64_microsoft.windows.common-controls_6595b64144ccf1df_6.0.26100.8115_none_3e075c82e3354f9c;C:\Users\hansi\.jdks\openjdk-25.0.2-1\bin\server

VM Arguments:
jvm_args: -Dfile.encoding=UTF-8 -Duser.country=US -Duser.language=en -Duser.variant 
java_command: com.uor.event_management_system.EventManagementSystemApplication
java_class_path (initial): C:\Users\hansi\OneDrive\Desktop\Java-Project\uor-event-management-system\event-management-system\build\classes\java\main;C:\Users\hansi\OneDrive\Desktop\Java-Project\uor-event-management-system\event-management-system\build\resources\main;C:\Users\hansi\.gradle\caches\modules-2\files-2.1\org.springframework.boot\spring-boot-devtools\4.0.3\a90e93857be2f3bedd238f961c50f473f6edda15\spring-boot-devtools-4.0.3.jar;C:\Users\hansi\.gradle\caches\modules-2\files-2.1\org.springframework.boot\spring-boot-starter-data-jpa\4.0.3\3c979e063184e0bf2cde9a7d5c7a66401fee0615\spring-boot-starter-data-jpa-4.0.3.jar;C:\Users\hansi\.gradle\caches\modules-2\files-2.1\org.springframework.boot\spring-boot-starter-security\4.0.3\3199e897b2c9ba8462f5f58e693b72a62874e674\spring-boot-starter-security-4.0.3.jar;C:\Users\hansi\.gradle\caches\modules-2\files-2.1\org.springframework.boot\spring-boot-starter-thymeleaf\4.0.3\37928a690226dec6120335770276ecd6331f5117\spring-boot-starter-thymeleaf-4.0.3.jar;C:\Users\hansi\.gradle\caches\modules-2\files-2.1\org.springframework.boot\spring-boot-starter-validation\4.0.3\224be37247aec394f998f55f7868b7fd9a77200e\spring-boot-starter-validation-4.0.3.jar;C:\Users\hansi\.gradle\caches\modules-2\files-2.1\org.springframework.boot\spring-boot-starter-webmvc\4.0.3\b5e7b864a336375c785df7f5db22061adf99fdcc\spring-boot-starter-webmvc-4.0.3.jar;C:\Users\hansi\.gradle\caches\modules-2\files-2.1\org.thymeleaf.extras\thymeleaf-extras-springsecurity6\3.1.3.RELEASE\f2a9e9505b145d22a52047460c74fb8200f2cb23\thymeleaf-extras-springsecurity6-3.1.3.RELEASE.jar;C:\Users\hansi\.gradle\caches\modules-2\files-2.1\org.passay\passay\1.6.4\527e998bc625b5853260b7058c1ed36098b7c7fd\passay-1.6.4.jar;C:\Users\hansi\.gradle\caches\modules-2\files-2.1\org.springframework.boot\spring-boot-starter-mail\4.0.3\952c5ef96f2ffc8406cd84da08bf89b4bec1fb9c\spring-boot-starter-mail-4.0.3.jar;C:\Users\hansi\.gradle\caches\modules-2\files-2.1\org.springframework.boot\spring-boot-starter-jdbc\4.0.3\c6ed739bbc5ce99dfcb81272f9fcfd259b8e325f\spring-boot-starter-jdbc-4.0.3.jar;C:\Users\hansi\.gradle\caches\modules-2\files-2.1\org.springframework.boot\spring-boot-starter-tomcat\4.0.3\458c27ddeb83ee9cb7a022ac8abbc3563167161e\spring-boot-starter-tomcat-4.0.3.jar;C:\Users\hansi\.gradle\caches\modules-2\files-2.1\org.springframework.boot\spring-boot-starter-tomcat-runtime\4.0.3\f6e949420af2eda6aa89192ffca5eb9f0e7dea6b\spring-boot-starter-tomcat-runtime-4.0.3.jar;C:\Users\hansi\.gradle\caches\modules-2\files-2.1\com.mysql\mysql-connector-j\9.6.0\a76b3cf1facc2faca4b6e34c1a63ef5e7840131\mysql-connector-j-9.6.0.jar;C:\Users\hansi\.gradle\caches\modules-2\files-2.1\org.springframework.boot\spring-boot-starter-jackson\4.0.3\1e02c5c501f5a8559a18d608ca847ae6f240dde\spring-boot-starter-jackson-4.0.3.jar;C:\Users\hansi\.gradle\caches\modules-2\files-2.1\org.springframework.boot\spring-boot-starter\4.0.3\4e6cfad940a6f23ca7d1e1cc18c19e8d573830ef\spring-boot-starter-4.0.3.jar;C:\Users\hansi\.gradle\caches\modules-2\files-2.1\org.springframework.boot\spring-boot-autoconfigure\4.0.3\22e2d188c24d65ed1ffe97363c61e8246d2ed430\spring-boot-autoconfigure-4.0.3.jar;C:\Users\hansi\.gradle\caches\modules-2\files-2.1\org.springframework.boot\spring-boot-data-jpa\4.0.3\ed3bec355933bfb43f5c26e85999fb26714805b0\spring-boot-data-jpa-4.0.3.jar;C:\Users\hansi\.gradle\caches\modules-2\files-2.1\org.springframework.boot\spring-boot-hibernate\4.0.3\edd51fa97e27adfe033493dd367c34f853559221\spring-boot-hibernate-4.0.3.jar;C:\Users\hansi\.gradle\caches\modules-2\files-2.1\org.springframework.boot\spring-boot-jpa\4.0.3\efae2341e25e140f4ccd2bf70337752193c10b8c\spring-boot-jpa-4.0.3.jar;C:\Users\hansi\.gradle\caches\modules-2\files-2.1\org.springframework.boot\spring-boot-jdbc\4.0.3\a4868d5751c42cc1da95ee6c60a9e3046131741d\spring-boot-jdbc-4.0.3.jar;C:\Users\hansi\.gradle\caches\modules-2\files-2.1\org.springframework.boot\spring-boot-security\4.0.3\c99da174188373d362fd25d33b397e0f4c58c226\spring-boot-security-4.0.3.jar;C:\Users\hansi\.gradle\caches\modules-2\files-2.1\org.springframework.boot\spring-boot-thymeleaf\4.0.3\a6caf0407397192640577ea6e2362c3d10fada72\spring-boot-thymeleaf-4.0.3.jar;C:\Users\hansi\.gradle\caches\modules-2\files-2.1\org.springframework.boot\spring-boot-validation\4.0.3\9e62d4105ac151c893fdb9c81863eb4ad570070d\spring-boot-validation-4.0.3.jar;C:\Users\hansi\.gradle\caches\modules-2\files-2.1\org.springframework.boot\spring-boot-webmvc\4.0.3\8100d8a8c357271d8d78ecdee0d8441b00243786\spring-boot-webmvc-4.0.3.jar;C:\Users\hansi\.gradle\caches\modules-2\files-2.1\org.springframework.boot\spring-boot-http-converter\4.0.3\72a29a59c5b1b55a151e851c3c823f01bfca106\spring-boot-http-converter-4.0.3.jar;C:\Users\hansi\.gradle\caches\modules-2\files-2.1\org.springframework.boot\spring-boot-mail\4.0.3\d68a8e1850a48c4822ce2a44156aae9cecfd664e\spring-boot-mail-4.0.3.jar;C:\Users\hansi\.gradle\caches\modules-2\files-2.1\org.springframework.boot\spring-boot-tomcat\4.0.3\28975c97048bac17c944b7b402715428dddf9c65\spring-boot-tomcat-4.0.3.jar;C:\Users\hansi\.gradle\caches\modules-2\files-2.1\org.springframework.boot\spring-boot-web-server\4.0.3\ed321647244629861a510d7df598d28689b2aa36\spring-boot-web-server-4.0.3.jar;C:\Users\hansi\.gradle\caches\modules-2\files-2.1\org.springframework.boot\spring-boot-data-commons\4.0.3\f8aae3b50818226648f19b1040cb720ee422c16\spring-boot-data-commons-4.0.3.jar;C:\Users\hansi\.gradle\caches\modules-2\files-2.1\org.springframework.boot\spring-boot-sql\4.0.3\afe39a694d946d9fc185922fd755e7d3fe197571\spring-boot-sql-4.0.3.jar;C:\Users\hansi\.gradle\caches\modules-2\files-2.1\org.springframework.boot\spring-boot-transaction\4.0.3\e62e8857548d32ffc5666f0b947073930b12fe8b\spring-boot-transaction-4.0.3.jar;C:\Users\hansi\.gradle\caches\modules-2\files-2.1\org.springframework.boot\spring-boot-jackson\4.0.3\ad6f3dff63a566bc57e100335dc5646b5b62f592\spring-boot-jackson-4.0.3.jar;C:\Users\hansi\.gradle\caches\modules-2\files-2.1\org.springframework.boot\spring-boot-servlet\4.0.3\7d435c96323d8fa917be8d70b2c2a001a8794ff4\spring-boot-servlet-4.0.3.jar;C:\Users\hansi\.gradle\caches\modules-2\files-2.1\org.springframework.boot\spring-boot-persistence\4.0.3\58ed08c6834a22536086d650a34a733baf37313d\spring-boot-persistence-4.0.3.jar;C:\Users\hansi\.gradle\caches\modules-2\files-2.1\org.springframework.boot\spring-boot\4.0.3\3cdf46caf2392aa752dfb956ee010b1d70fb9acd\spring-boot-4.0.3.jar;C:\Users\hansi\.gradle\caches\modules-2\files-2.1\org.springframework.data\spring-data-jpa\4.0.3\1e2f573cfeef6894fa077c7de0f7ee7502556ee3\spring-data-jpa-4.0.3.jar;C:\Users\hansi\.gradle\caches\modules-2\files-2.1\org.springframework.security\spring-security-config\7.0.3\2001d140b97c0daa8b9895d7a765d94c60733642\spring-security-config-7.0.3.jar;C:\Users\hansi\.gradle\caches\modules-2\files-2.1\org.springframework.security\spring-security-web\7.0.3\97b58f6f1725417764e3ed03e73ad80a08a2d12\spring-security-web-7.0.3.jar;C:\Users\hansi\.gradle\caches\modules-2\files-2.1\org.springframework\spring-webmvc\7.0.5\77b2de8c45182565be884a7158845cb3d6f23788\spring-webmvc-7.0.5.jar;C:\Users\hansi\.gradle\caches\modules-2\files-2.1\org.springframework\spring-context-support\7.0.5\b8edfc367e02a10bb72d8edb296c6a23f1802a6d\spring-context-support-7.0.5.jar;C:\Users\hansi\.gradle\caches\modules-2\files-2.1\org.springframework.security\spring-security-core\7.0.3\e33b3954cc47da3b99c289882d4671bed4434fbe\spring-security-core-7.0.3.jar;C:\Users\hansi\.gradle\caches\modules-2\files-2.1\org.springframework\spring-context\7.0.5\f0bed37a25f4880f3e93a9556425394087bdc1e9\spring-context-7.0.5.jar;C:\Users\hansi\.gradle\caches\modules-2\files-2.1\org.springframework\spring-aop\7.0.5\647607a091a862fdf1562764a8f41ef962b6c3cc\spring-aop-7.0.5.jar;C:\Users\hansi\.gradle\caches\modules-2\files-2.1\org.thymeleaf\thymeleaf-spring6\3.1.3.RELEASE\4b276ea2bd536a18e44b40ff1d9f4848965ff59c\thymeleaf-spring6-3.1.3.RELEASE.jar;C:\Users\hansi\.gradle\caches\modules-2\files-2.1\com.zaxxer\HikariCP\7.0.2\c2b43c946b86a14a96342379e22b004c56c6166d\HikariCP-7.0.2.jar;C:\Users\hansi\.gradle\caches\modules-2\files-2.1\org.thymeleaf\thymeleaf\3.1.3.RELEASE\51474f2a90b282ee97dabcd159c7faf24790f373\thymeleaf-3.1.3.RELEASE.jar;C:\Users\hansi\.gradle\caches\modules-2\files-2.1\org.springframework.boot\spring-boot-starter-logging\4.0.3\a53f6e8b383c6b5bac002a6ff6cd142f480944c6\spring-boot-starter-logging-4.0.3.jar;C:\Users\hansi\.gradle\caches\modules-2\files-2.1\ch.qos.logback\logback-classic\1.5.32\2b1042c50f508f2eb402bd4d22ccbdf94cc37d2e\logback-classic-1.5.32.jar;C:\Users\hansi\.gradle\caches\modules-2\files-2.1\org.apache.logging.log4j\log4j-to-slf4j\2.25.3\30adfb40cca243ec88cf7ec1fddb411ab55faa4f\log4j-to-slf4j-2.25.3.jar;C:\Users\hansi\.gradle\caches\modules-2\files-2.1\org.slf4j\jul-to-slf4j\2.0.17\524cb6ccc2b68a57604750e1ab8b13b5a786a6aa\jul-to-slf4j-2.0.17.jar;C:\Users\hansi\.gradle\caches\modules-2\files-2.1\org.springframework.data\spring-data-commons\4.0.3\da67d50cde92cade5e3e184266bc70a99cbf20af\spring-data-commons-4.0.3.jar;C:\Users\hansi\.gradle\caches\modules-2\files-2.1\org.slf4j\slf4j-api\2.0.17\d9e58ac9c7779ba3bf8142aff6c830617a7fe60f\slf4j-api-2.0.17.jar;C:\Users\hansi\.gradle\caches\modules-2\files-2.1\jakarta.annotation\jakarta.annotation-api\3.0.0\54f928fadec906a99d558536756d171917b9d936\jakarta.annotation-api-3.0.0.jar;C:\Users\hansi\.gradle\caches\modules-2\files-2.1\org.apache.tomcat.embed\tomcat-embed-websocket\11.0.18\7b0009018394a033e922e8e956d4947dce1ffd07\tomcat-embed-websocket-11.0.18.jar;C:\Users\hansi\.gradle\caches\modules-2\files-2.1\org.apache.tomcat.embed\tomcat-embed-core\11.0.18\a96bb1b8a21ee7e93ce01cce7fd63f8e7561ec92\tomcat-embed-core-11.0.18.jar;C:\Users\hansi\.gradle\caches\modules-2\files-2.1\org.apache.tomcat.embed\tomcat-embed-el\11.0.18\44a04ab91a1e046f436c1746d5a93d1fff57982f\tomcat-embed-el-11.0.18.jar;C:\Users\hansi\.gradle\caches\modules-2\files-2.1\org.springframework\spring-orm\7.0.5\bd9d32356ea016214154fe86cc49ec8d8eed854\spring-orm-7.0.5.jar;C:\Users\hansi\.gradle\caches\modules-2\files-2.1\org.springframework\spring-jdbc\7.0.5\10cc68ecb63975683ceb923c2d07f09565ba5e82\spring-jdbc-7.0.5.jar;C:\Users\hansi\.gradle\caches\modules-2\files-2.1\org.springframework\spring-web\7.0.5\b2edb5890bb10edcf1ac539b0a4ef1c105fe8db3\spring-web-7.0.5.jar;C:\Users\hansi\.gradle\caches\modules-2\files-2.1\org.springframework\spring-tx\7.0.5\d305e839f8d6a11ba4e12f3abbfda23e8ff7f946\spring-tx-7.0.5.jar;C:\Users\hansi\.gradle\caches\modules-2\files-2.1\org.springframework\spring-beans\7.0.5\e20d1006aca78c2c58f5eb85d58bc60672a3527c\spring-beans-7.0.5.jar;C:\Users\hansi\.gradle\caches\modules-2\files-2.1\org.springframework\spring-expression\7.0.5\601ded105fb8580fe6c26cb87b1b005033c66350\spring-expression-7.0.5.jar;C:\Users\hansi\.gradle\caches\modules-2\files-2.1\org.springframework\spring-core\7.0.5\186a59c9647b6a87e9c5ca8a862b8ac478e9ea14\spring-core-7.0.5.jar;C:\Users\hansi\.gradle\caches\modules-2\files-2.1\org.yaml\snakeyaml\2.5\2d53ddec134280cb384c1e35d094e5f71c1f2316\snakeyaml-2.5.jar;C:\Users\hansi\.gradle\caches\modules-2\files-2.1\org.springframework\spring-aspects\7.0.5\69189ba1f8996e79ae0317d45c6b969893b93e7a\spring-aspects-7.0.5.jar;C:\Users\hansi\.gradle\caches\modules-2\files-2.1\org.hibernate.validator\hibernate-validator\9.0.1.Final\28c0e41ecc84d1f0b8b6d81d16e0784e63364e68\hibernate-validator-9.0.1.Final.jar;C:\Users\hansi\.gradle\caches\modules-2\files-2.1\org.eclipse.angus\angus-mail\2.0.5\427f6d52ec0782f7efaca0c0732042e347a6cb4f\angus-mail-2.0.5.jar;C:\Users\hansi\.gradle\caches\modules-2\files-2.1\jakarta.mail\jakarta.mail-api\2.1.5\be9b3b677ed6083f575c437ebc442a6a4bd2b931\jakarta.mail-api-2.1.5.jar;C:\Users\hansi\.gradle\caches\modules-2\files-2.1\commons-logging\commons-logging\1.3.5\a3fcc5d3c29b2b03433aa2d2f2d2c1b1638924a1\commons-logging-1.3.5.jar;C:\Users\hansi\.gradle\caches\modules-2\files-2.1\io.micrometer\micrometer-observation\1.16.3\2846fee03dd959802e7cebf0f26c9ae2a59176a4\micrometer-observation-1.16.3.jar;C:\Users\hansi\.gradle\caches\modules-2\files-2.1\io.micrometer\micrometer-commons\1.16.3\2ee3cbdd1c32d8cc6defd6ed8b21695dfcb1e763\micrometer-commons-1.16.3.jar;C:\Users\hansi\.gradle\caches\modules-2\files-2.1\org.jspecify\jspecify\1.0.0\7425a601c1c7ec76645a78d22b8c6a627edee507\jspecify-1.0.0.jar;C:\Users\hansi\.gradle\caches\modules-2\files-2.1\org.hibernate.orm\hibernate-core\7.2.4.Final\b23aac4c9681a7f6a539e94fd18a985e517c7dcb\hibernate-core-7.2.4.Final.jar;C:\Users\hansi\.gradle\caches\modules-2\files-2.1\org.antlr\antlr4-runtime\4.13.2\fc3db6d844df652a3d5db31c87fa12757f13691d\antlr4-runtime-4.13.2.jar;C:\Users\hansi\.gradle\caches\modules-2\files-2.1\org.aspectj\aspectjweaver\1.9.25.1\a713c790da4d794c7dfb542b550d4e44898d5e23\aspectjweaver-1.9.25.1.jar;C:\Users\hansi\.gradle\caches\modules-2\files-2.1\jakarta.validation\jakarta.validation-api\3.1.1\ec8622148afc5564235d17af80ea80288d0e7f92\jakarta.validation-api-3.1.1.jar;C:\Users\hansi\.gradle\caches\modules-2\files-2.1\org.hibernate.models\hibernate-models\1.0.1\3158c5f9309494b905de62c72f6f02d108aea651\hibernate-models-1.0.1.jar;C:\Users\hansi\.gradle\caches\modules-2\files-2.1\org.jboss.logging\jboss-logging\3.6.2.Final\3e0a139d7a74cc13b5e01daa8aaa7f71dccd577e\jboss-logging-3.6.2.Final.jar;C:\Users\hansi\.gradle\caches\modules-2\files-2.1\com.fasterxml\classmate\1.7.3\f61c7e7b81e9249b0f6a05914eff9d54fb09f4a0\classmate-1.7.3.jar;C:\Users\hansi\.gradle\caches\modules-2\files-2.1\tools.jackson.core\jackson-core\3.0.4\c5be0f5814e161030c29fc48b92c27331729ab7f\jackson-core-3.0.4.jar;C:\Users\hansi\.gradle\caches\modules-2\files-2.1\tools.jackson.core\jackson-databind\3.0.4\b5f818b0b9c79d344aede4b87064cc0e323f9ef2\jackson-databind-3.0.4.jar;C:\Users\hansi\.gradle\caches\modules-2\files-2.1\org.attoparser\attoparser\2.0.7.RELEASE\e5d0e988d9124139d645bb5872b24dfa23e283cc\attoparser-2.0.7.RELEASE.jar;C:\Users\hansi\.gradle\caches\modules-2\files-2.1\org.unbescape\unbescape\1.1.6.RELEASE\7b90360afb2b860e09e8347112800d12c12b2a13\unbescape-1.1.6.RELEASE.jar;C:\Users\hansi\.gradle\caches\modules-2\files-2.1\org.glassfish.jaxb\jaxb-runtime\4.0.6\fb95ebb62564657b2fedfe165b859789ef3a8711\jaxb-runtime-4.0.6.jar;C:\Users\hansi\.gradle\caches\modules-2\files-2.1\org.glassfish.jaxb\jaxb-core\4.0.6\8e61282303777fc98a00cc3affd0560d68748a75\jaxb-core-4.0.6.jar;C:\Users\hansi\.gradle\caches\modules-2\files-2.1\org.eclipse.angus\angus-activation\2.0.3\7f80607ea5014fef0b1779e6c33d63a88a45a563\angus-activation-2.0.3.jar;C:\Users\hansi\.gradle\caches\modules-2\files-2.1\jakarta.xml.bind\jakarta.xml.bind-api\4.0.4\d6d2327f3817d9a33a3b6b8f2e15a96bc2e7afdc\jakarta.xml.bind-api-4.0.4.jar;C:\Users\hansi\.gradle\caches\modules-2\files-2.1\jakarta.activation\jakarta.activation-api\2.1.4\9e5c2a0d75dde71a0bedc4dbdbe47b78a5dc50f8\jakarta.activation-api-2.1.4.jar;C:\Users\hansi\.gradle\caches\modules-2\files-2.1\ch.qos.logback\logback-core\1.5.32\fdfb3ff9a842303d4a95207294a6c6bc64e2605d\logback-core-1.5.32.jar;C:\Users\hansi\.gradle\caches\modules-2\files-2.1\org.apache.logging.log4j\log4j-api\2.25.3\fb385330d89c2d61058ef649403f214633569205\log4j-api-2.25.3.jar;C:\Users\hansi\.gradle\caches\modules-2\files-2.1\jakarta.persistence\jakarta.persistence-api\3.2.0\bb75a113f3fa191c2c7ee7b206d8e674251b3129\jakarta.persistence-api-3.2.0.jar;C:\Users\hansi\.gradle\caches\modules-2\files-2.1\jakarta.transaction\jakarta.transaction-api\2.0.1\51a520e3fae406abb84e2e1148e6746ce3f80a1a\jakarta.transaction-api-2.0.1.jar;C:\Users\hansi\.gradle\caches\modules-2\files-2.1\net.bytebuddy\byte-buddy\1.17.8\af5735f63d00ca47a9375fae5c7471a36331c6ed\byte-buddy-1.17.8.jar;C:\Users\hansi\.gradle\caches\modules-2\files-2.1\jakarta.inject\jakarta.inject-api\2.0.1\4c28afe1991a941d7702fe1362c365f0a8641d1e\jakarta.inject-api-2.0.1.jar;C:\Users\hansi\.gradle\caches\modules-2\files-2.1\org.springframework.security\spring-security-crypto\7.0.3\8d23e5e4bad2bc9a7a028e010b96ac7d6b93f6e1\spring-security-crypto-7.0.3.jar;C:\Users\hansi\.gradle\caches\modules-2\files-2.1\com.fasterxml.jackson.core\jackson-annotations\2.20\6a5e7291ea3f2b590a7ce400adb7b3aea4d7e12c\jackson-annotations-2.20.jar;C:\Users\hansi\.gradle\caches\modules-2\files-2.1\org.glassfish.jaxb\txw2\4.0.6\4f4cd53b5ff9a2c5aa1211f15ed2569c57dfb044\txw2-4.0.6.jar;C:\Users\hansi\.gradle\caches\modules-2\files-2.1\com.sun.istack\istack-commons-runtime\4.1.2\18ec117c85f3ba0ac65409136afa8e42bc74e739\istack-commons-runtime-4.1.2.jar
Launcher Type: SUN_STANDARD

[Global flags]
     intx CICompilerCount                          = 4                                         {product} {ergonomic}
     uint ConcGCThreads                            = 3                                         {product} {ergonomic}
     uint G1ConcRefinementThreads                  = 10                                        {product} {ergonomic}
   size_t G1HeapRegionSize                         = 1048576                                   {product} {ergonomic}
   size_t InitialHeapSize                          = 130023424                                 {product} {ergonomic}
   size_t MarkStackSize                            = 4194304                                   {product} {ergonomic}
   size_t MarkStackSizeMax                         = 536870912                                 {product} {ergonomic}
   size_t MaxHeapSize                              = 2069889024                                {product} {ergonomic}
   size_t MaxNewSize                               = 1241513984                                {product} {ergonomic}
   size_t MinHeapDeltaBytes                        = 1048576                                   {product} {ergonomic}
   size_t MinHeapSize                              = 8388608                                   {product} {ergonomic}
    uintx NonNMethodCodeHeapSize                   = 5832704                                {pd product} {ergonomic}
    uintx NonProfiledCodeHeapSize                  = 122945536                              {pd product} {ergonomic}
    uintx ProfiledCodeHeapSize                     = 122880000                              {pd product} {ergonomic}
    uintx ReservedCodeCacheSize                    = 251658240                              {pd product} {ergonomic}
     bool SegmentedCodeCache                       = true                                      {product} {ergonomic}
   size_t SoftMaxHeapSize                          = 2069889024                             {manageable} {ergonomic}
     bool UseCompressedOops                        = true                           {product lp64_product} {ergonomic}
     bool UseG1GC                                  = true                                      {product} {ergonomic}
     bool UseLargePagesIndividualAllocation        = false                                  {pd product} {ergonomic}

Logging:
Log output configuration:
 #0: stdout all=warning uptime,level,tags foldmultilines=false
 #1: stderr all=off uptime,level,tags foldmultilines=false

Release file:
IMPLEMENTOR="Oracle Corporation" 
JAVA_RUNTIME_VERSION="25.0.2+10-69" 
JAVA_VERSION="25.0.2" 
JAVA_VERSION_DATE="2026-01-20" 
LIBC="default" 
MODULES="java.base java.compiler java.datatransfer java.xml java.prefs java.desktop java.instrument java.logging java.management java.security.sasl java.naming java.rmi java.management.rmi java.net.http java.scripting java.security.jgss java.transaction.xa java.sql java.sql.rowset java.xml.crypto java.se java.smartcardio jdk.accessibility jdk.internal.jvmstat jdk.attach jdk.charsets jdk.internal.opt jdk.zipfs jdk.compiler jdk.crypto.cryptoki jdk.crypto.ec jdk.crypto.mscapi jdk.dynalink jdk.internal.ed jdk.editpad jdk.internal.vm.ci jdk.graal.compiler jdk.graal.compiler.management jdk.hotspot.agent jdk.httpserver jdk.incubator.vector jdk.internal.le jdk.internal.md jdk.jartool jdk.javadoc jdk.jcmd jdk.management jdk.management.agent jdk.jconsole jdk.jdeps jdk.jdwp.agent jdk.jdi jdk.jfr jdk.jlink jdk.jpackage jdk.jshell jdk.jsobject jdk.jstatd jdk.localedata jdk.management.jfr jdk.naming.dns jdk.naming.rmi jdk.net jdk.nio.mapmode jdk.sctp jdk.security.auth jdk.security.jgss jdk.unsupported jdk.unsupported.desktop jdk.xml.dom" 
OS_ARCH="x86_64" 
OS_NAME="Windows" 
SOURCE=".:git:405a5699ebd0" 

Environment Variables:
PATH=C:\Program Files (x86)\VMware\VMware Workstation\bin\;C:\Program Files\Common Files\Oracle\Java\javapath;C:\Windows\system32;C:\Windows;C:\Windows\System32\Wbem;C:\Windows\System32\WindowsPowerShell\v1.0\;C:\Windows\System32\OpenSSH\;C:\Program Files (x86)\NVIDIA Corporation\PhysX\Common;C:\Program Files\NVIDIA Corporation\NVIDIA NvDLISR;C:\Program Files\Git\cmd;C:\WINDOWS\system32;C:\WINDOWS;C:\WINDOWS\System32\Wbem;C:\WINDOWS\System32\WindowsPowerShell\v1.0\;C:\WINDOWS\System32\OpenSSH\;C:\Program Files\Java\jdk-23\bin;C:\Program Files\nodejs\;C:\Users\hansi\OneDrive\Desktop\Gpg4win\..\GnuPG\bin;C:\Users\hansi\AppData\Local\Microsoft\WindowsApps;C:\Users\hansi\AppData\Local\Programs\Microsoft VS Code\bin;C:\Users\hansi\AppData\Local\GitHubDesktop\bin;;C:\Program Files\JetBrains\IntelliJ IDEA Community Edition 2024.3.2.2\bin;;C:\Users\hansi\OneDrive\Desktop\IntelliJ IDEA 2024.3.5\bin;;C:\Users\hansi\AppData\Roaming\npm
USERNAME=hansi
OS=Windows_NT
PROCESSOR_IDENTIFIER=Intel64 Family 6 Model 154 Stepping 3, GenuineIntel
TMP=C:\Users\hansi\AppData\Local\Temp
TEMP=C:\Users\hansi\AppData\Local\Temp




Compilation memory statistics disabled.

Periodic native trim disabled

---------------  S Y S T E M  ---------------

OS:
 Windows 11 , 64 bit Build 26100 (10.0.26100.8246)
OS uptime: 0 days 10:30 hours
Hyper-V role detected

CPU: total 12 (initial active 12) (6 cores per cpu, 2 threads per core) family 6 model 154 stepping 3 microcode 0x424, cx8, cmov, fxsr, ht, mmx, 3dnowpref, sse, sse2, sse3, ssse3, sse4.1, sse4.2, popcnt, lzcnt, tsc, tscinvbit, avx, avx2, aes, erms, clmul, bmi1, bmi2, adx, sha, fma, vzeroupper, clflush, clflushopt, clwb, hv, serialize, rdtscp, rdpid, fsrm, gfni, f16c, cet_ibt, cet_ss
Processor Information for processor 0
  Max Mhz: 2000, Current Mhz: 1520, Mhz Limit: 2000
Processor Information for processor 1
  Max Mhz: 2000, Current Mhz: 1520, Mhz Limit: 2000
Processor Information for processor 2
  Max Mhz: 2000, Current Mhz: 2000, Mhz Limit: 2000
Processor Information for processor 3
  Max Mhz: 2000, Current Mhz: 1520, Mhz Limit: 2000
Processor Information for processor 4
  Max Mhz: 2000, Current Mhz: 1520, Mhz Limit: 2000
Processor Information for processor 5
  Max Mhz: 2000, Current Mhz: 2000, Mhz Limit: 2000
Processor Information for processor 6
  Max Mhz: 2000, Current Mhz: 2000, Mhz Limit: 2000
Processor Information for processor 7
  Max Mhz: 2000, Current Mhz: 2000, Mhz Limit: 2000
Processor Information for processor 8
  Max Mhz: 2000, Current Mhz: 1466, Mhz Limit: 2000
Processor Information for processor 9
  Max Mhz: 2000, Current Mhz: 2000, Mhz Limit: 2000
Processor Information for processor 10
  Max Mhz: 2000, Current Mhz: 1466, Mhz Limit: 2000
Processor Information for processor 11
  Max Mhz: 2000, Current Mhz: 1466, Mhz Limit: 2000

Memory: 4k page, system-wide physical 7895M (562M free)
TotalPageFile size 11991M (AvailPageFile size 36M)
current process WorkingSet (physical memory assigned to process): 226M, peak: 330M
current process commit charge ("private bytes"): 351M, peak: 387M

vm_info: OpenJDK 64-Bit Server VM (25.0.2+10-69) for windows-amd64 JRE (25.0.2+10-69), built on 2025-12-18T11:36:35Z with MS VC++ 17.13 (VS2022)

END.
