#
# There is insufficient memory for the Java Runtime Environment to continue.
# Native memory allocation (malloc) failed to allocate 1471000 bytes. Error detail: Chunk::new
# Possible reasons:
#   The system is out of physical RAM or swap space
#   This process is running with CompressedOops enabled, and the Java Heap may be blocking the growth of the native heap
# Possible solutions:
#   Reduce memory load on the system
#   Increase physical memory or swap space
#   Check if swap backing store is full
#   Decrease Java heap size (-Xmx/-Xms)
#   Decrease number of Java threads
#   Decrease Java thread stack sizes (-Xss)
#   Set larger code cache with -XX:ReservedCodeCacheSize=
#   JVM is running with Unscaled Compressed Oops mode in which the Java heap is
#     placed in the first 4GB address space. The Java Heap base address is the
#     maximum limit for the native heap growth. Please use -XX:HeapBaseMinAddress
#     to set the Java Heap base and to place the Java Heap above 4GB virtual address.
# This output file may be truncated or incomplete.
#
#  Out of Memory Error (arena.cpp:186), pid=15136, tid=16888
#
# JRE version: OpenJDK Runtime Environment (25.0.2+10) (build 25.0.2+10-69)
# Java VM: OpenJDK 64-Bit Server VM (25.0.2+10-69, mixed mode, sharing, tiered, compressed oops, compressed class ptrs, g1 gc, windows-amd64)
# No core dump will be written. Minidumps are not enabled by default on client versions of Windows
#

---------------  S U M M A R Y ------------

Command Line: -Dfile.encoding=UTF-8 -Duser.country=US -Duser.language=en -Duser.variant com.uor.event_management_system.EventManagementSystemApplication

Host: 12th Gen Intel(R) Core(TM) i5-12450H, 12 cores, 7G,  Windows 11 , 64 bit Build 26100 (10.0.26100.8115)
Time: Sun Apr 12 03:29:22 2026 Sri Lanka Standard Time elapsed time: 1.245764 seconds (0d 0h 0m 1s)

---------------  T H R E A D  ---------------

Current thread (0x000001b179b6c040):  JavaThread "C2 CompilerThread0" daemon [_thread_in_native, id=16888, stack(0x000000ae02600000,0x000000ae02700000) (1024K)]


Current CompileTask:
C2:1246 2690   !   4       java.util.zip.ZipFile$ZipFileInputStream::close (59 bytes)

Stack: [0x000000ae02600000,0x000000ae02700000]
Native frames: (J=compiled Java code, j=interpreted, Vv=VM code, C=native code)
V  [jvm.dll+0x7a70f9]  (no source info available)
V  [jvm.dll+0x772d6d]  (no source info available)
V  [jvm.dll+0x965d53]  (no source info available)
V  [jvm.dll+0x968351]  (no source info available)
V  [jvm.dll+0x968a63]  (no source info available)
V  [jvm.dll+0x2fc846]  (no source info available)
V  [jvm.dll+0x111b16]  (no source info available)
V  [jvm.dll+0x111e3e]  (no source info available)
V  [jvm.dll+0x1a0872]  (no source info available)
V  [jvm.dll+0x3b54c2]  (no source info available)
V  [jvm.dll+0x7aca8f]  (no source info available)
V  [jvm.dll+0x2c0b97]  (no source info available)
V  [jvm.dll+0x2bfb5f]  (no source info available)
V  [jvm.dll+0x2379a0]  (no source info available)
V  [jvm.dll+0x2cfc86]  (no source info available)
V  [jvm.dll+0x2cdf05]  (no source info available)
V  [jvm.dll+0x48e9d1]  (no source info available)
V  [jvm.dll+0x906fcd]  (no source info available)
V  [jvm.dll+0x7a56d5]  (no source info available)
C  [ucrtbase.dll+0x37b0]  (no source info available)
C  [KERNEL32.DLL+0x2e8d7]  (no source info available)
C  [ntdll.dll+0x8c3fc]  (no source info available)

Lock stack of current Java thread (top to bottom):


---------------  P R O C E S S  ---------------

Threads class SMR info:
_java_thread_list=0x000001b17f7fd9b0, length=16, elements={
0x000001b16994cb00, 0x000001b179b61d90, 0x000001b179b627f0, 0x000001b179b63650,
0x000001b179b65220, 0x000001b179b65de0, 0x000001b179b67140, 0x000001b179b6c040,
0x000001b179b6cd80, 0x000001b17e08bb40, 0x000001b17e0911e0, 0x000001b17eec2ba0,
0x000001b17eecba50, 0x000001b17ef41220, 0x000001b17efcabf0, 0x000001b17fa11ed0
}

Java Threads: ( => current thread )
  0x000001b16994cb00 JavaThread "main"                              [_thread_blocked, id=6636, stack(0x000000ae01800000,0x000000ae01900000) (1024K)]
  0x000001b179b61d90 JavaThread "Reference Handler"          daemon [_thread_blocked, id=11992, stack(0x000000ae02000000,0x000000ae02100000) (1024K)]
  0x000001b179b627f0 JavaThread "Finalizer"                  daemon [_thread_blocked, id=16444, stack(0x000000ae02100000,0x000000ae02200000) (1024K)]
  0x000001b179b63650 JavaThread "Signal Dispatcher"          daemon [_thread_blocked, id=14036, stack(0x000000ae02200000,0x000000ae02300000) (1024K)]
  0x000001b179b65220 JavaThread "Attach Listener"            daemon [_thread_blocked, id=15484, stack(0x000000ae02300000,0x000000ae02400000) (1024K)]
  0x000001b179b65de0 JavaThread "Service Thread"             daemon [_thread_blocked, id=4272, stack(0x000000ae02400000,0x000000ae02500000) (1024K)]
  0x000001b179b67140 JavaThread "Monitor Deflation Thread"   daemon [_thread_blocked, id=13148, stack(0x000000ae02500000,0x000000ae02600000) (1024K)]
=>0x000001b179b6c040 JavaThread "C2 CompilerThread0"         daemon [_thread_in_native, id=16888, stack(0x000000ae02600000,0x000000ae02700000) (1024K)]
  0x000001b179b6cd80 JavaThread "C1 CompilerThread0"         daemon [_thread_blocked, id=1560, stack(0x000000ae02700000,0x000000ae02800000) (1024K)]
  0x000001b17e08bb40 JavaThread "Notification Thread"        daemon [_thread_blocked, id=6580, stack(0x000000ae02800000,0x000000ae02900000) (1024K)]
  0x000001b17e0911e0 JavaThread "Common-Cleaner"             daemon [_thread_blocked, id=15432, stack(0x000000ae02900000,0x000000ae02a00000) (1024K)]
  0x000001b17eec2ba0 JavaThread "Thread-0"                          [_thread_blocked, id=14840, stack(0x000000ae02a00000,0x000000ae02b00000) (1024K)]
  0x000001b17eecba50 JavaThread "restartedMain"                     [_thread_blocked, id=1100, stack(0x000000ae02b00000,0x000000ae02c00000) (1024K)]
  0x000001b17ef41220 JavaThread "C2 CompilerThread1"         daemon [_thread_in_native, id=14920, stack(0x000000ae02c00000,0x000000ae02d00000) (1024K)]
  0x000001b17efcabf0 JavaThread "background-preinit"                [_thread_in_vm, id=12420, stack(0x000000ae02d00000,0x000000ae02e00000) (1024K)]
  0x000001b17fa11ed0 JavaThread "Thread-3"                          [_thread_in_native, id=9472, stack(0x000000ae03500000,0x000000ae03600000) (1024K)]
Total: 16

Other Threads:
  0x000001b179b4b790 VMThread "VM Thread"                           [id=15988, stack(0x000000ae01f00000,0x000000ae02000000) (1024K)]
  0x000001b179b383d0 WatcherThread "VM Periodic Task Thread"        [id=5708, stack(0x000000ae01e00000,0x000000ae01f00000) (1024K)]
  0x000001b16bd20670 WorkerThread "GC Thread#0"                     [id=8748, stack(0x000000ae01900000,0x000000ae01a00000) (1024K)]
  0x000001b17f216ef0 WorkerThread "GC Thread#1"                     [id=1752, stack(0x000000ae02e00000,0x000000ae02f00000) (1024K)]
  0x000001b17f279940 WorkerThread "GC Thread#2"                     [id=7480, stack(0x000000ae02f00000,0x000000ae03000000) (1024K)]
  0x000001b17f27a180 WorkerThread "GC Thread#3"                     [id=14012, stack(0x000000ae03000000,0x000000ae03100000) (1024K)]
  0x000001b179b87190 WorkerThread "GC Thread#4"                     [id=4388, stack(0x000000ae03100000,0x000000ae03200000) (1024K)]
  0x000001b179b882d0 WorkerThread "GC Thread#5"                     [id=2584, stack(0x000000ae03200000,0x000000ae03300000) (1024K)]
  0x000001b179b88720 WorkerThread "GC Thread#6"                     [id=16568, stack(0x000000ae03300000,0x000000ae03400000) (1024K)]
  0x000001b179b864a0 WorkerThread "GC Thread#7"                     [id=8712, stack(0x000000ae03400000,0x000000ae03500000) (1024K)]
  0x000001b16bd3a870 ConcurrentGCThread "G1 Main Marker"            [id=6084, stack(0x000000ae01a00000,0x000000ae01b00000) (1024K)]
  0x000001b16bd3b210 WorkerThread "G1 Conc#0"                       [id=17092, stack(0x000000ae01b00000,0x000000ae01c00000) (1024K)]
  0x000001b179a005a0 ConcurrentGCThread "G1 Refine#0"               [id=9124, stack(0x000000ae01c00000,0x000000ae01d00000) (1024K)]
  0x000001b179a00fb0 ConcurrentGCThread "G1 Service"                [id=13156, stack(0x000000ae01d00000,0x000000ae01e00000) (1024K)]
Total: 14

Threads with active compile tasks:
C2 CompilerThread0  3313 2690   !   4       java.util.zip.ZipFile$ZipFileInputStream::close (59 bytes)
C2 CompilerThread1  3313 2575   !   4       jdk.internal.loader.BuiltinClassLoader::loadClassOrNull (143 bytes)
Total: 2

VM state: not at safepoint (normal execution)

VM Mutex/Monitor currently owned by a thread: None

Heap address: 0x0000000084a00000, size: 1974 MB, Compressed Oops mode: 32-bit

CDS archive(s) mapped at: [0x0000000037000000-0x0000000037dd0000-0x0000000037dd0000), size 14483456, SharedBaseAddress: 0x0000000037000000, ArchiveRelocationMode: 1.
Compressed class space mapped at: 0x0000000038000000-0x0000000078000000, reserved size: 1073741824
UseCompressedClassPointers 1, UseCompactObjectHeaders 0
Narrow klass pointer bits 32, Max shift 3
Narrow klass base: 0x0000000037000000, Narrow klass shift: 0
Encoding Range: [0x0000000037000000 - 0x0000000137000000), (4294967296 bytes)
Klass Range:    [0x0000000037010000 - 0x0000000078000000), (1090453504 bytes)
Klass ID Range:  [65536 - 1090519033) (1090453497)
Protection zone: [0x0000000037000000 - 0x0000000037010000), (65536 bytes)

GC Precious Log:
 CardTable entry size: 512
 Card Set container configuration: InlinePtr #cards 5 size 8 Array Of Cards #cards 10 size 36 Howl #buckets 4 coarsen threshold 1843 Howl Bitmap #cards 512 size 80 coarsen threshold 460 Card regions per heap region 1 cards per card region 2048
 CPUs: 12 total, 12 available
 Memory: 7895M
 Large Page Support: Disabled
 NUMA Support: Disabled
 Compressed Oops: Enabled (32-bit)
 Heap Region Size: 1M
 Heap Min Capacity: 8M
 Heap Initial Capacity: 124M
 Heap Max Capacity: 1974M
 Pre-touch: Disabled
 Parallel Workers: 10
 Concurrent Workers: 3
 Concurrent Refinement Workers: 10
 Periodic GC: Disabled

Heap:
 garbage-first heap   total reserved 2021376K, committed 129024K, used 49021K [0x0000000084a00000, 0x0000000100000000)
  region size 1024K, 46 young (47104K), 6 survivors (6144K)

Heap Regions: E=young(eden), S=young(survivor), O=old, HS=humongous(starts), HC=humongous(continues), CS=collection set, F=free, TAMS=top-at-mark-start, PB=parsable bottom
|   0|0x0000000084a00000, 0x0000000084b00000, 0x0000000084b00000|100%|HS|  |TAMS 0x0000000084a00000| PB 0x0000000084a00000| Complete |  0
|   1|0x0000000084b00000, 0x0000000084c00000, 0x0000000084c00000|100%|HS|  |TAMS 0x0000000084b00000| PB 0x0000000084b00000| Complete |  0
|   2|0x0000000084c00000, 0x0000000084cba6d0, 0x0000000084d00000| 72%| O|  |TAMS 0x0000000084c00000| PB 0x0000000084c00000| Untracked |  0
|   3|0x0000000084d00000, 0x0000000084d00000, 0x0000000084e00000|  0%| F|  |TAMS 0x0000000084d00000| PB 0x0000000084d00000| Untracked |  0
|   4|0x0000000084e00000, 0x0000000084e00000, 0x0000000084f00000|  0%| F|  |TAMS 0x0000000084e00000| PB 0x0000000084e00000| Untracked |  0
|   5|0x0000000084f00000, 0x0000000084f00000, 0x0000000085000000|  0%| F|  |TAMS 0x0000000084f00000| PB 0x0000000084f00000| Untracked |  0
|   6|0x0000000085000000, 0x0000000085000000, 0x0000000085100000|  0%| F|  |TAMS 0x0000000085000000| PB 0x0000000085000000| Untracked |  0
|   7|0x0000000085100000, 0x0000000085100000, 0x0000000085200000|  0%| F|  |TAMS 0x0000000085100000| PB 0x0000000085100000| Untracked |  0
|   8|0x0000000085200000, 0x0000000085200000, 0x0000000085300000|  0%| F|  |TAMS 0x0000000085200000| PB 0x0000000085200000| Untracked |  0
|   9|0x0000000085300000, 0x0000000085300000, 0x0000000085400000|  0%| F|  |TAMS 0x0000000085300000| PB 0x0000000085300000| Untracked |  0
|  10|0x0000000085400000, 0x0000000085400000, 0x0000000085500000|  0%| F|  |TAMS 0x0000000085400000| PB 0x0000000085400000| Untracked |  0
|  11|0x0000000085500000, 0x0000000085500000, 0x0000000085600000|  0%| F|  |TAMS 0x0000000085500000| PB 0x0000000085500000| Untracked |  0
|  12|0x0000000085600000, 0x0000000085600000, 0x0000000085700000|  0%| F|  |TAMS 0x0000000085600000| PB 0x0000000085600000| Untracked |  0
|  13|0x0000000085700000, 0x0000000085700000, 0x0000000085800000|  0%| F|  |TAMS 0x0000000085700000| PB 0x0000000085700000| Untracked |  0
|  14|0x0000000085800000, 0x0000000085800000, 0x0000000085900000|  0%| F|  |TAMS 0x0000000085800000| PB 0x0000000085800000| Untracked |  0
|  15|0x0000000085900000, 0x0000000085900000, 0x0000000085a00000|  0%| F|  |TAMS 0x0000000085900000| PB 0x0000000085900000| Untracked |  0
|  16|0x0000000085a00000, 0x0000000085a00000, 0x0000000085b00000|  0%| F|  |TAMS 0x0000000085a00000| PB 0x0000000085a00000| Untracked |  0
|  17|0x0000000085b00000, 0x0000000085b00000, 0x0000000085c00000|  0%| F|  |TAMS 0x0000000085b00000| PB 0x0000000085b00000| Untracked |  0
|  18|0x0000000085c00000, 0x0000000085c00000, 0x0000000085d00000|  0%| F|  |TAMS 0x0000000085c00000| PB 0x0000000085c00000| Untracked |  0
|  19|0x0000000085d00000, 0x0000000085d00000, 0x0000000085e00000|  0%| F|  |TAMS 0x0000000085d00000| PB 0x0000000085d00000| Untracked |  0
|  20|0x0000000085e00000, 0x0000000085e00000, 0x0000000085f00000|  0%| F|  |TAMS 0x0000000085e00000| PB 0x0000000085e00000| Untracked |  0
|  21|0x0000000085f00000, 0x0000000085f00000, 0x0000000086000000|  0%| F|  |TAMS 0x0000000085f00000| PB 0x0000000085f00000| Untracked |  0
|  22|0x0000000086000000, 0x0000000086000000, 0x0000000086100000|  0%| F|  |TAMS 0x0000000086000000| PB 0x0000000086000000| Untracked |  0
|  23|0x0000000086100000, 0x0000000086100000, 0x0000000086200000|  0%| F|  |TAMS 0x0000000086100000| PB 0x0000000086100000| Untracked |  0
|  24|0x0000000086200000, 0x0000000086200000, 0x0000000086300000|  0%| F|  |TAMS 0x0000000086200000| PB 0x0000000086200000| Untracked |  0
|  25|0x0000000086300000, 0x0000000086300000, 0x0000000086400000|  0%| F|  |TAMS 0x0000000086300000| PB 0x0000000086300000| Untracked |  0
|  26|0x0000000086400000, 0x0000000086400000, 0x0000000086500000|  0%| F|  |TAMS 0x0000000086400000| PB 0x0000000086400000| Untracked |  0
|  27|0x0000000086500000, 0x0000000086500000, 0x0000000086600000|  0%| F|  |TAMS 0x0000000086500000| PB 0x0000000086500000| Untracked |  0
|  28|0x0000000086600000, 0x0000000086600000, 0x0000000086700000|  0%| F|  |TAMS 0x0000000086600000| PB 0x0000000086600000| Untracked |  0
|  29|0x0000000086700000, 0x0000000086700000, 0x0000000086800000|  0%| F|  |TAMS 0x0000000086700000| PB 0x0000000086700000| Untracked |  0
|  30|0x0000000086800000, 0x0000000086800000, 0x0000000086900000|  0%| F|  |TAMS 0x0000000086800000| PB 0x0000000086800000| Untracked |  0
|  31|0x0000000086900000, 0x0000000086900000, 0x0000000086a00000|  0%| F|  |TAMS 0x0000000086900000| PB 0x0000000086900000| Untracked |  0
|  32|0x0000000086a00000, 0x0000000086a00000, 0x0000000086b00000|  0%| F|  |TAMS 0x0000000086a00000| PB 0x0000000086a00000| Untracked |  0
|  33|0x0000000086b00000, 0x0000000086b00000, 0x0000000086c00000|  0%| F|  |TAMS 0x0000000086b00000| PB 0x0000000086b00000| Untracked |  0
|  34|0x0000000086c00000, 0x0000000086c00000, 0x0000000086d00000|  0%| F|  |TAMS 0x0000000086c00000| PB 0x0000000086c00000| Untracked |  0
|  35|0x0000000086d00000, 0x0000000086d00000, 0x0000000086e00000|  0%| F|  |TAMS 0x0000000086d00000| PB 0x0000000086d00000| Untracked |  0
|  36|0x0000000086e00000, 0x0000000086e00000, 0x0000000086f00000|  0%| F|  |TAMS 0x0000000086e00000| PB 0x0000000086e00000| Untracked |  0
|  37|0x0000000086f00000, 0x0000000086f00000, 0x0000000087000000|  0%| F|  |TAMS 0x0000000086f00000| PB 0x0000000086f00000| Untracked |  0
|  38|0x0000000087000000, 0x0000000087000000, 0x0000000087100000|  0%| F|  |TAMS 0x0000000087000000| PB 0x0000000087000000| Untracked |  0
|  39|0x0000000087100000, 0x0000000087100000, 0x0000000087200000|  0%| F|  |TAMS 0x0000000087100000| PB 0x0000000087100000| Untracked |  0
|  40|0x0000000087200000, 0x0000000087200000, 0x0000000087300000|  0%| F|  |TAMS 0x0000000087200000| PB 0x0000000087200000| Untracked |  0
|  41|0x0000000087300000, 0x0000000087300000, 0x0000000087400000|  0%| F|  |TAMS 0x0000000087300000| PB 0x0000000087300000| Untracked |  0
|  42|0x0000000087400000, 0x0000000087400000, 0x0000000087500000|  0%| F|  |TAMS 0x0000000087400000| PB 0x0000000087400000| Untracked |  0
|  43|0x0000000087500000, 0x0000000087500000, 0x0000000087600000|  0%| F|  |TAMS 0x0000000087500000| PB 0x0000000087500000| Untracked |  0
|  44|0x0000000087600000, 0x0000000087600000, 0x0000000087700000|  0%| F|  |TAMS 0x0000000087600000| PB 0x0000000087600000| Untracked |  0
|  45|0x0000000087700000, 0x0000000087700000, 0x0000000087800000|  0%| F|  |TAMS 0x0000000087700000| PB 0x0000000087700000| Untracked |  0
|  46|0x0000000087800000, 0x0000000087800000, 0x0000000087900000|  0%| F|  |TAMS 0x0000000087800000| PB 0x0000000087800000| Untracked |  0
|  47|0x0000000087900000, 0x0000000087900000, 0x0000000087a00000|  0%| F|  |TAMS 0x0000000087900000| PB 0x0000000087900000| Untracked |  0
|  48|0x0000000087a00000, 0x0000000087a00000, 0x0000000087b00000|  0%| F|  |TAMS 0x0000000087a00000| PB 0x0000000087a00000| Untracked |  0
|  49|0x0000000087b00000, 0x0000000087b00000, 0x0000000087c00000|  0%| F|  |TAMS 0x0000000087b00000| PB 0x0000000087b00000| Untracked |  0
|  50|0x0000000087c00000, 0x0000000087c00000, 0x0000000087d00000|  0%| F|  |TAMS 0x0000000087c00000| PB 0x0000000087c00000| Untracked |  0
|  51|0x0000000087d00000, 0x0000000087d00000, 0x0000000087e00000|  0%| F|  |TAMS 0x0000000087d00000| PB 0x0000000087d00000| Untracked |  0
|  52|0x0000000087e00000, 0x0000000087e00000, 0x0000000087f00000|  0%| F|  |TAMS 0x0000000087e00000| PB 0x0000000087e00000| Untracked |  0
|  53|0x0000000087f00000, 0x0000000087f00000, 0x0000000088000000|  0%| F|  |TAMS 0x0000000087f00000| PB 0x0000000087f00000| Untracked |  0
|  54|0x0000000088000000, 0x0000000088000000, 0x0000000088100000|  0%| F|  |TAMS 0x0000000088000000| PB 0x0000000088000000| Untracked |  0
|  55|0x0000000088100000, 0x0000000088100000, 0x0000000088200000|  0%| F|  |TAMS 0x0000000088100000| PB 0x0000000088100000| Untracked |  0
|  56|0x0000000088200000, 0x0000000088200000, 0x0000000088300000|  0%| F|  |TAMS 0x0000000088200000| PB 0x0000000088200000| Untracked |  0
|  57|0x0000000088300000, 0x0000000088300000, 0x0000000088400000|  0%| F|  |TAMS 0x0000000088300000| PB 0x0000000088300000| Untracked |  0
|  58|0x0000000088400000, 0x0000000088400000, 0x0000000088500000|  0%| F|  |TAMS 0x0000000088400000| PB 0x0000000088400000| Untracked |  0
|  59|0x0000000088500000, 0x0000000088500000, 0x0000000088600000|  0%| F|  |TAMS 0x0000000088500000| PB 0x0000000088500000| Untracked |  0
|  60|0x0000000088600000, 0x0000000088600000, 0x0000000088700000|  0%| F|  |TAMS 0x0000000088600000| PB 0x0000000088600000| Untracked |  0
|  61|0x0000000088700000, 0x0000000088700000, 0x0000000088800000|  0%| F|  |TAMS 0x0000000088700000| PB 0x0000000088700000| Untracked |  0
|  62|0x0000000088800000, 0x0000000088800000, 0x0000000088900000|  0%| F|  |TAMS 0x0000000088800000| PB 0x0000000088800000| Untracked |  0
|  63|0x0000000088900000, 0x0000000088900000, 0x0000000088a00000|  0%| F|  |TAMS 0x0000000088900000| PB 0x0000000088900000| Untracked |  0
|  64|0x0000000088a00000, 0x0000000088a00000, 0x0000000088b00000|  0%| F|  |TAMS 0x0000000088a00000| PB 0x0000000088a00000| Untracked |  0
|  65|0x0000000088b00000, 0x0000000088b00000, 0x0000000088c00000|  0%| F|  |TAMS 0x0000000088b00000| PB 0x0000000088b00000| Untracked |  0
|  66|0x0000000088c00000, 0x0000000088c00000, 0x0000000088d00000|  0%| F|  |TAMS 0x0000000088c00000| PB 0x0000000088c00000| Untracked |  0
|  67|0x0000000088d00000, 0x0000000088d00000, 0x0000000088e00000|  0%| F|  |TAMS 0x0000000088d00000| PB 0x0000000088d00000| Untracked |  0
|  68|0x0000000088e00000, 0x0000000088e00000, 0x0000000088f00000|  0%| F|  |TAMS 0x0000000088e00000| PB 0x0000000088e00000| Untracked |  0
|  69|0x0000000088f00000, 0x0000000088f00000, 0x0000000089000000|  0%| F|  |TAMS 0x0000000088f00000| PB 0x0000000088f00000| Untracked |  0
|  70|0x0000000089000000, 0x0000000089000000, 0x0000000089100000|  0%| F|  |TAMS 0x0000000089000000| PB 0x0000000089000000| Untracked |  0
|  71|0x0000000089100000, 0x0000000089200000, 0x0000000089200000|100%| S|CS|TAMS 0x0000000089100000| PB 0x0000000089100000| Complete |  0
|  72|0x0000000089200000, 0x0000000089300000, 0x0000000089300000|100%| S|CS|TAMS 0x0000000089200000| PB 0x0000000089200000| Complete |  0
|  73|0x0000000089300000, 0x0000000089400000, 0x0000000089400000|100%| S|CS|TAMS 0x0000000089300000| PB 0x0000000089300000| Complete |  0
|  74|0x0000000089400000, 0x0000000089500000, 0x0000000089500000|100%| S|CS|TAMS 0x0000000089400000| PB 0x0000000089400000| Complete |  0
|  75|0x0000000089500000, 0x0000000089600000, 0x0000000089600000|100%| S|CS|TAMS 0x0000000089500000| PB 0x0000000089500000| Complete |  0
|  76|0x0000000089600000, 0x0000000089700000, 0x0000000089700000|100%| S|CS|TAMS 0x0000000089600000| PB 0x0000000089600000| Complete |  0
|  77|0x0000000089700000, 0x0000000089700000, 0x0000000089800000|  0%| F|  |TAMS 0x0000000089700000| PB 0x0000000089700000| Untracked |  0
|  78|0x0000000089800000, 0x0000000089800000, 0x0000000089900000|  0%| F|  |TAMS 0x0000000089800000| PB 0x0000000089800000| Untracked |  0
|  79|0x0000000089900000, 0x0000000089900000, 0x0000000089a00000|  0%| F|  |TAMS 0x0000000089900000| PB 0x0000000089900000| Untracked |  0
|  80|0x0000000089a00000, 0x0000000089a00000, 0x0000000089b00000|  0%| F|  |TAMS 0x0000000089a00000| PB 0x0000000089a00000| Untracked |  0
|  81|0x0000000089b00000, 0x0000000089b00000, 0x0000000089c00000|  0%| F|  |TAMS 0x0000000089b00000| PB 0x0000000089b00000| Untracked |  0
|  82|0x0000000089c00000, 0x0000000089c00000, 0x0000000089d00000|  0%| F|  |TAMS 0x0000000089c00000| PB 0x0000000089c00000| Untracked |  0
|  83|0x0000000089d00000, 0x0000000089d00000, 0x0000000089e00000|  0%| F|  |TAMS 0x0000000089d00000| PB 0x0000000089d00000| Untracked |  0
|  84|0x0000000089e00000, 0x0000000089ee8a48, 0x0000000089f00000| 90%| E|  |TAMS 0x0000000089e00000| PB 0x0000000089e00000| Complete |  0
|  85|0x0000000089f00000, 0x000000008a000000, 0x000000008a000000|100%| E|CS|TAMS 0x0000000089f00000| PB 0x0000000089f00000| Complete |  0
|  86|0x000000008a000000, 0x000000008a100000, 0x000000008a100000|100%| E|CS|TAMS 0x000000008a000000| PB 0x000000008a000000| Complete |  0
|  87|0x000000008a100000, 0x000000008a200000, 0x000000008a200000|100%| E|CS|TAMS 0x000000008a100000| PB 0x000000008a100000| Complete |  0
|  88|0x000000008a200000, 0x000000008a300000, 0x000000008a300000|100%| E|CS|TAMS 0x000000008a200000| PB 0x000000008a200000| Complete |  0
|  89|0x000000008a300000, 0x000000008a400000, 0x000000008a400000|100%| E|CS|TAMS 0x000000008a300000| PB 0x000000008a300000| Complete |  0
|  90|0x000000008a400000, 0x000000008a500000, 0x000000008a500000|100%| E|  |TAMS 0x000000008a400000| PB 0x000000008a400000| Complete |  0
|  91|0x000000008a500000, 0x000000008a600000, 0x000000008a600000|100%| E|CS|TAMS 0x000000008a500000| PB 0x000000008a500000| Complete |  0
|  92|0x000000008a600000, 0x000000008a700000, 0x000000008a700000|100%| E|CS|TAMS 0x000000008a600000| PB 0x000000008a600000| Complete |  0
|  93|0x000000008a700000, 0x000000008a800000, 0x000000008a800000|100%| E|CS|TAMS 0x000000008a700000| PB 0x000000008a700000| Complete |  0
|  94|0x000000008a800000, 0x000000008a900000, 0x000000008a900000|100%| E|CS|TAMS 0x000000008a800000| PB 0x000000008a800000| Complete |  0
|  95|0x000000008a900000, 0x000000008aa00000, 0x000000008aa00000|100%| E|CS|TAMS 0x000000008a900000| PB 0x000000008a900000| Complete |  0
|  96|0x000000008aa00000, 0x000000008ab00000, 0x000000008ab00000|100%| E|CS|TAMS 0x000000008aa00000| PB 0x000000008aa00000| Complete |  0
|  97|0x000000008ab00000, 0x000000008ac00000, 0x000000008ac00000|100%| E|CS|TAMS 0x000000008ab00000| PB 0x000000008ab00000| Complete |  0
|  98|0x000000008ac00000, 0x000000008ad00000, 0x000000008ad00000|100%| E|CS|TAMS 0x000000008ac00000| PB 0x000000008ac00000| Complete |  0
|  99|0x000000008ad00000, 0x000000008ae00000, 0x000000008ae00000|100%| E|CS|TAMS 0x000000008ad00000| PB 0x000000008ad00000| Complete |  0
| 100|0x000000008ae00000, 0x000000008af00000, 0x000000008af00000|100%| E|CS|TAMS 0x000000008ae00000| PB 0x000000008ae00000| Complete |  0
| 101|0x000000008af00000, 0x000000008b000000, 0x000000008b000000|100%| E|CS|TAMS 0x000000008af00000| PB 0x000000008af00000| Complete |  0
| 102|0x000000008b000000, 0x000000008b100000, 0x000000008b100000|100%| E|CS|TAMS 0x000000008b000000| PB 0x000000008b000000| Complete |  0
| 103|0x000000008b100000, 0x000000008b200000, 0x000000008b200000|100%| E|CS|TAMS 0x000000008b100000| PB 0x000000008b100000| Complete |  0
| 104|0x000000008b200000, 0x000000008b300000, 0x000000008b300000|100%| E|CS|TAMS 0x000000008b200000| PB 0x000000008b200000| Complete |  0
| 105|0x000000008b300000, 0x000000008b400000, 0x000000008b400000|100%| E|CS|TAMS 0x000000008b300000| PB 0x000000008b300000| Complete |  0
| 106|0x000000008b400000, 0x000000008b500000, 0x000000008b500000|100%| E|CS|TAMS 0x000000008b400000| PB 0x000000008b400000| Complete |  0
| 107|0x000000008b500000, 0x000000008b600000, 0x000000008b600000|100%| E|CS|TAMS 0x000000008b500000| PB 0x000000008b500000| Complete |  0
| 108|0x000000008b600000, 0x000000008b700000, 0x000000008b700000|100%| E|CS|TAMS 0x000000008b600000| PB 0x000000008b600000| Complete |  0
| 109|0x000000008b700000, 0x000000008b800000, 0x000000008b800000|100%| E|CS|TAMS 0x000000008b700000| PB 0x000000008b700000| Complete |  0
| 110|0x000000008b800000, 0x000000008b900000, 0x000000008b900000|100%| E|CS|TAMS 0x000000008b800000| PB 0x000000008b800000| Complete |  0
| 111|0x000000008b900000, 0x000000008ba00000, 0x000000008ba00000|100%| E|CS|TAMS 0x000000008b900000| PB 0x000000008b900000| Complete |  0
| 112|0x000000008ba00000, 0x000000008bb00000, 0x000000008bb00000|100%| E|CS|TAMS 0x000000008ba00000| PB 0x000000008ba00000| Complete |  0
| 113|0x000000008bb00000, 0x000000008bc00000, 0x000000008bc00000|100%| E|CS|TAMS 0x000000008bb00000| PB 0x000000008bb00000| Complete |  0
| 114|0x000000008bc00000, 0x000000008bd00000, 0x000000008bd00000|100%| E|CS|TAMS 0x000000008bc00000| PB 0x000000008bc00000| Complete |  0
| 115|0x000000008bd00000, 0x000000008be00000, 0x000000008be00000|100%| E|CS|TAMS 0x000000008bd00000| PB 0x000000008bd00000| Complete |  0
| 116|0x000000008be00000, 0x000000008bf00000, 0x000000008bf00000|100%| E|CS|TAMS 0x000000008be00000| PB 0x000000008be00000| Complete |  0
| 117|0x000000008bf00000, 0x000000008c000000, 0x000000008c000000|100%| E|CS|TAMS 0x000000008bf00000| PB 0x000000008bf00000| Complete |  0
| 118|0x000000008c000000, 0x000000008c100000, 0x000000008c100000|100%| E|CS|TAMS 0x000000008c000000| PB 0x000000008c000000| Complete |  0
| 119|0x000000008c100000, 0x000000008c200000, 0x000000008c200000|100%| E|CS|TAMS 0x000000008c100000| PB 0x000000008c100000| Complete |  0
| 120|0x000000008c200000, 0x000000008c300000, 0x000000008c300000|100%| E|CS|TAMS 0x000000008c200000| PB 0x000000008c200000| Complete |  0
| 121|0x000000008c300000, 0x000000008c400000, 0x000000008c400000|100%| E|CS|TAMS 0x000000008c300000| PB 0x000000008c300000| Complete |  0
| 122|0x000000008c400000, 0x000000008c500000, 0x000000008c500000|100%| E|CS|TAMS 0x000000008c400000| PB 0x000000008c400000| Complete |  0
| 123|0x000000008c500000, 0x000000008c600000, 0x000000008c600000|100%| E|CS|TAMS 0x000000008c500000| PB 0x000000008c500000| Complete |  0
|1972|0x00000000ffe00000, 0x00000000fff00000, 0x00000000fff00000|100%| O|  |TAMS 0x00000000ffe00000| PB 0x00000000ffe00000| Untracked |  0
|1973|0x00000000fff00000, 0x00000000fff24ea8, 0x0000000100000000| 14%| O|  |TAMS 0x00000000fff00000| PB 0x00000000fff00000| Untracked |  0

Card table byte_map: [0x000001b174e90000,0x000001b175270000] _byte_map_base: 0x000001b174a6b000

Marking Bits: (CMBitMap*) 0x000001b16bd22d10
 Bits: [0x000001b175270000, 0x000001b177148000)

Polling page: 0x000001b16b480000

Metaspace:
Metaspace        used 19703K, committed 19904K, reserved 1114112K
 class space     used 2649K, committed 2752K, reserved 1048576K

Usage:
  Non-class:     16.65 MB used.
      Class:      2.59 MB used.
       Both:     19.24 MB used.

Virtual space:
  Non-class space:       64.00 MB reserved,      16.75 MB ( 26%) committed,  1 nodes.
      Class space:        1.00 GB reserved,       2.69 MB ( <1%) committed,  1 nodes.
             Both:        1.06 GB reserved,      19.44 MB (  2%) committed. 

Chunk freelists:
   Non-Class:  14.44 MB
       Class:  13.20 MB
        Both:  27.64 MB

MaxMetaspaceSize: unlimited
CompressedClassSpaceSize: 1.00 GB
Initial GC threshold: 21.00 MB
Current GC threshold: 21.00 MB
CDS: on
 - commit_granule_bytes: 65536.
 - commit_granule_words: 8192.
 - virtual_space_node_default_size: 8388608.
 - enlarge_chunks_in_place: 1.
UseCompressedClassPointers 1, UseCompactObjectHeaders 0
Narrow klass pointer bits 32, Max shift 3
Narrow klass base: 0x0000000037000000, Narrow klass shift: 0
Encoding Range: [0x0000000037000000 - 0x0000000137000000), (4294967296 bytes)
Klass Range:    [0x0000000037010000 - 0x0000000078000000), (1090453504 bytes)
Klass ID Range:  [65536 - 1090519033) (1090453497)
Protection zone: [0x0000000037000000 - 0x0000000037010000), (65536 bytes)


Internal statistics:

num_allocs_failed_limit: 0.
num_arena_births: 202.
num_arena_deaths: 0.
num_vsnodes_births: 2.
num_vsnodes_deaths: 0.
num_space_committed: 311.
num_space_uncommitted: 0.
num_chunks_returned_to_freelist: 0.
num_chunks_taken_from_freelist: 859.
num_chunk_merges: 0.
num_chunk_splits: 597.
num_chunks_enlarged: 480.
num_inconsistent_stats: 0.

CodeHeap 'non-profiled nmethods': size=120064Kb used=889Kb max_used=889Kb free=119174Kb
 bounds [0x000001b107ac0000, 0x000001b107d30000, 0x000001b10f000000]
CodeHeap 'profiled nmethods': size=120000Kb used=4304Kb max_used=4304Kb free=115695Kb
 bounds [0x000001b100000000, 0x000001b100440000, 0x000001b107530000]
CodeHeap 'non-nmethods': size=5696Kb used=1413Kb max_used=1446Kb free=4282Kb
 bounds [0x000001b107530000, 0x000001b1077a0000, 0x000001b107ac0000]
CodeCache: size=245760Kb, used=6606Kb, max_used=6639Kb, free=239151Kb
 total_blobs=3268, nmethods=2736, adapters=434, full_count=0
Compilation: enabled, stopped_count=0, restarted_count=0

Compilation events (20 events):
Event: 1.189 Thread 0x000001b179b6c040 2704       4       java.util.ImmutableCollections$ListN::get (7 bytes)
Event: 1.189 Thread 0x000001b179b6c040 nmethod 2704 0x000001b107b9d108 code [0x000001b107b9d200, 0x000001b107b9d2b8]
Event: 1.189 Thread 0x000001b179b6c040 2702       4       java.lang.Object::equals (11 bytes)
Event: 1.190 Thread 0x000001b179b6c040 nmethod 2702 0x000001b107b9d408 code [0x000001b107b9d500, 0x000001b107b9d580]
Event: 1.190 Thread 0x000001b179b6c040 2690   !   4       java.util.zip.ZipFile$ZipFileInputStream::close (59 bytes)
Event: 1.196 Thread 0x000001b179b6cd80 nmethod 2697 0x000001b10040e608 code [0x000001b10040e700, 0x000001b100425a70]
Event: 1.196 Thread 0x000001b179b6cd80 2701       3       org.springframework.core.annotation.MergedAnnotationsCollection$AnnotationsSpliterator::tryAdvance (116 bytes)
Event: 1.197 Thread 0x000001b179b6cd80 nmethod 2701 0x000001b100425b08 code [0x000001b100425c00, 0x000001b100426290]
Event: 1.197 Thread 0x000001b179b6cd80 2706       1       org.springframework.context.annotation.ConfigurationClassParser$SourceClass::getMetadata (5 bytes)
Event: 1.197 Thread 0x000001b179b6cd80 nmethod 2706 0x000001b107b9d708 code [0x000001b107b9d800, 0x000001b107b9d8c8]
Event: 1.197 Thread 0x000001b179b6cd80 2705       3       org.springframework.core.type.classreading.ClassFileMethodMetadata::<init> (38 bytes)
Event: 1.197 Thread 0x000001b179b6cd80 nmethod 2705 0x000001b100426308 code [0x000001b100426400, 0x000001b100426790]
Event: 1.197 Thread 0x000001b179b6cd80 2696       1       org.springframework.core.io.support.PathMatchingResourcePatternResolver::getResourceLoader (5 bytes)
Event: 1.197 Thread 0x000001b179b6cd80 nmethod 2696 0x000001b107b9da08 code [0x000001b107b9db00, 0x000001b107b9dbc8]
Event: 1.197 Thread 0x000001b179b6cd80 2703       3       jdk.internal.classfile.impl.StackMapGenerator::cpIndexToType (21 bytes)
Event: 1.197 Thread 0x000001b179b6cd80 nmethod 2703 0x000001b100426808 code [0x000001b100426900, 0x000001b100426c58]
Event: 1.197 Thread 0x000001b179b6cd80 2698       3       java.io.FileDescriptor::valid (25 bytes)
Event: 1.197 Thread 0x000001b179b6cd80 nmethod 2698 0x000001b100426c88 code [0x000001b100426d80, 0x000001b100426f10]
Event: 1.197 Thread 0x000001b179b6cd80 2709       1       java.util.Collections$EmptySet::isEmpty (2 bytes)
Event: 1.197 Thread 0x000001b179b6cd80 nmethod 2709 0x000001b107b9dd08 code [0x000001b107b9de00, 0x000001b107b9dec8]

GC Heap Usage History (2 events):
Event: 0.879 {heap Before GC invocations=0 (full 0):
 garbage-first heap   total reserved 2021376K, committed 129024K, used 50323K [0x0000000084a00000, 0x0000000100000000)
  region size 1024K, 47 young (48128K), 0 survivors (0K)
}
Event: 0.882 {heap After GC invocations=1 (full 0):
 garbage-first heap   total reserved 2021376K, committed 129024K, used 10109K [0x0000000084a00000, 0x0000000100000000)
  region size 1024K, 6 young (6144K), 6 survivors (6144K)
}

Metaspace Usage History (2 events):
Event: 0.879 {metaspace Before GC invocations=0 (full 0):
 Metaspace       used 10553K, committed 10816K, reserved 1114112K
  class space    used 1361K, committed 1472K, reserved 1048576K
}
Event: 0.882 {metaspace After GC invocations=1 (full 0):
 Metaspace       used 10553K, committed 10816K, reserved 1114112K
  class space    used 1361K, committed 1472K, reserved 1048576K
}

Dll operation events (7 events):
Event: 0.007 Loaded shared library C:\Users\hansi\.jdks\openjdk-25.0.2-1\bin\java.dll
Event: 0.097 Loaded shared library C:\Users\hansi\.jdks\openjdk-25.0.2-1\bin\net.dll
Event: 0.099 Loaded shared library C:\Users\hansi\.jdks\openjdk-25.0.2-1\bin\nio.dll
Event: 0.102 Loaded shared library C:\Users\hansi\.jdks\openjdk-25.0.2-1\bin\zip.dll
Event: 0.190 Loaded shared library C:\Users\hansi\.jdks\openjdk-25.0.2-1\bin\jimage.dll
Event: 0.538 Loaded shared library C:\Users\hansi\.jdks\openjdk-25.0.2-1\bin\management.dll
Event: 0.540 Loaded shared library C:\Users\hansi\.jdks\openjdk-25.0.2-1\bin\management_ext.dll

Deoptimization events (20 events):
Event: 1.098 Thread 0x000001b17efcabf0 Uncommon trap: trap_request=0xffffff45 fr.pc=0x000001b107b7d950 relative=0x00000000000001d0
Event: 1.098 Thread 0x000001b17efcabf0 Uncommon trap: reason=unstable_if action=reinterpret pc=0x000001b107b7d950 method=java.lang.AbstractStringBuilder.isLatin1(B)Z @ 7 c2
Event: 1.098 Thread 0x000001b17efcabf0 DEOPT PACKING pc=0x000001b107b7d950 sp=0x000000ae02dfda60
Event: 1.098 Thread 0x000001b17efcabf0 DEOPT UNPACKING pc=0x000001b107651382 sp=0x000000ae02dfd9a0 mode 2
Event: 1.169 Thread 0x000001b17eecba50 Uncommon trap: trap_request=0xffffff45 fr.pc=0x000001b107adbca8 relative=0x00000000000002a8
Event: 1.169 Thread 0x000001b17eecba50 Uncommon trap: reason=unstable_if action=reinterpret pc=0x000001b107adbca8 method=java.lang.String.hashCode()I @ 42 c2
Event: 1.169 Thread 0x000001b17eecba50 DEOPT PACKING pc=0x000001b107adbca8 sp=0x000000ae02bfe190
Event: 1.169 Thread 0x000001b17eecba50 DEOPT UNPACKING pc=0x000001b107651382 sp=0x000000ae02bfe120 mode 2
Event: 1.172 Thread 0x000001b17eecba50 Uncommon trap: trap_request=0xffffff45 fr.pc=0x000001b107b6cb6c relative=0x00000000000001ec
Event: 1.172 Thread 0x000001b17eecba50 Uncommon trap: reason=unstable_if action=reinterpret pc=0x000001b107b6cb6c method=java.util.WeakHashMap.expungeStaleEntries()V @ 9 c2
Event: 1.172 Thread 0x000001b17eecba50 DEOPT PACKING pc=0x000001b107b6cb6c sp=0x000000ae02bfe020
Event: 1.172 Thread 0x000001b17eecba50 DEOPT UNPACKING pc=0x000001b107651382 sp=0x000000ae02bfdfb8 mode 2
Event: 1.178 Thread 0x000001b17eecba50 DEOPT PACKING pc=0x000001b100370904 sp=0x000000ae02bfd870
Event: 1.178 Thread 0x000001b17eecba50 DEOPT UNPACKING pc=0x000001b107581702 sp=0x000000ae02bfcd58 mode 0
Event: 1.185 Thread 0x000001b17efcabf0 Uncommon trap: trap_request=0xffffff45 fr.pc=0x000001b107b69118 relative=0x0000000000003618
Event: 1.185 Thread 0x000001b17efcabf0 Uncommon trap: reason=unstable_if action=reinterpret pc=0x000001b107b69118 method=jdk.internal.classfile.impl.StackMapGenerator.processBlock(Ljdk/internal/classfile/impl/RawBytecodeHelper;)Z @ 56 c2
Event: 1.185 Thread 0x000001b17efcabf0 DEOPT PACKING pc=0x000001b107b69118 sp=0x000000ae02dfc0c0
Event: 1.185 Thread 0x000001b17efcabf0 DEOPT UNPACKING pc=0x000001b107651382 sp=0x000000ae02dfc048 mode 2
Event: 1.192 Thread 0x000001b17eecba50 DEOPT PACKING pc=0x000001b100246446 sp=0x000000ae02bfde20
Event: 1.192 Thread 0x000001b17eecba50 DEOPT UNPACKING pc=0x000001b107581702 sp=0x000000ae02bfd320 mode 0

Classes loaded (20 events):
Event: 1.123 Loading class java/lang/classfile/attribute/RuntimeInvisibleAnnotationsAttribute done
Event: 1.123 Loading class jdk/internal/classfile/impl/BoundAttribute$BoundRuntimeInvisibleAnnotationsAttribute done
Event: 1.143 Loading class jdk/internal/classfile/impl/AbstractAttributeMapper$RuntimeInvisibleTypeAnnotationsMapper
Event: 1.143 Loading class jdk/internal/classfile/impl/AbstractAttributeMapper$RuntimeInvisibleTypeAnnotationsMapper done
Event: 1.143 Loading class jdk/internal/classfile/impl/BoundAttribute$BoundRuntimeInvisibleTypeAnnotationsAttribute
Event: 1.143 Loading class java/lang/classfile/attribute/RuntimeInvisibleTypeAnnotationsAttribute
Event: 1.143 Loading class java/lang/classfile/attribute/RuntimeInvisibleTypeAnnotationsAttribute done
Event: 1.143 Loading class jdk/internal/classfile/impl/BoundAttribute$BoundRuntimeInvisibleTypeAnnotationsAttribute done
Event: 1.143 Loading class jdk/internal/classfile/impl/AbstractAttributeMapper$RuntimeInvisibleParameterAnnotationsMapper
Event: 1.143 Loading class jdk/internal/classfile/impl/AbstractAttributeMapper$RuntimeInvisibleParameterAnnotationsMapper done
Event: 1.143 Loading class jdk/internal/classfile/impl/BoundAttribute$BoundRuntimeInvisibleParameterAnnotationsAttribute
Event: 1.143 Loading class java/lang/classfile/attribute/RuntimeInvisibleParameterAnnotationsAttribute
Event: 1.143 Loading class java/lang/classfile/attribute/RuntimeInvisibleParameterAnnotationsAttribute done
Event: 1.143 Loading class jdk/internal/classfile/impl/BoundAttribute$BoundRuntimeInvisibleParameterAnnotationsAttribute done
Event: 1.174 Loading class jdk/internal/classfile/impl/AbstractAttributeMapper$DeprecatedMapper
Event: 1.174 Loading class jdk/internal/classfile/impl/AbstractAttributeMapper$DeprecatedMapper done
Event: 1.174 Loading class jdk/internal/classfile/impl/BoundAttribute$BoundDeprecatedAttribute
Event: 1.174 Loading class java/lang/classfile/attribute/DeprecatedAttribute
Event: 1.174 Loading class java/lang/classfile/attribute/DeprecatedAttribute done
Event: 1.174 Loading class jdk/internal/classfile/impl/BoundAttribute$BoundDeprecatedAttribute done

Classes unloaded (0 events):
No events

Classes redefined (0 events):
No events

Internal exceptions (20 events):
Event: 0.745 Thread 0x000001b17eecba50 Exception <a 'java/lang/NoSuchMethodError'{0x000000008a201d60}: 'void java.lang.invoke.DirectMethodHandle$Holder.invokeSpecial(java.lang.Object, java.lang.Object, java.lang.Object, java.lang.Object, java.lang.Object)'> (0x000000008a201d60) 
thrown [s\open\src\hotspot\share\interpreter\linkResolver.cpp, line 804]
Event: 0.751 Thread 0x000001b17eecba50 Exception <a 'java/lang/NoSuchMethodError'{0x000000008a255ed8}: 'int java.lang.invoke.DirectMethodHandle$Holder.invokeVirtual(java.lang.Object, java.lang.Object)'> (0x000000008a255ed8) 
thrown [s\open\src\hotspot\share\interpreter\linkResolver.cpp, line 804]
Event: 0.764 Thread 0x000001b17eecba50 Exception <a 'java/lang/NoSuchMethodError'{0x000000008a164bb0}: 'java.lang.Object java.lang.invoke.DirectMethodHandle$Holder.newInvokeSpecial(java.lang.Object, java.lang.Object, java.lang.Object, int, java.lang.Object)'> (0x000000008a164bb0) 
thrown [s\open\src\hotspot\share\interpreter\linkResolver.cpp, line 804]
Event: 0.765 Thread 0x000001b17eecba50 Exception <a 'java/lang/NoSuchMethodError'{0x000000008a1752f8}: 'java.lang.Object java.lang.invoke.Invokers$Holder.linkToTargetMethod(java.lang.Object, java.lang.Object, int, java.lang.Object, java.lang.Object)'> (0x000000008a1752f8) 
thrown [s\open\src\hotspot\share\interpreter\linkResolver.cpp, line 804]
Event: 0.766 Thread 0x000001b17eecba50 Exception <a 'java/lang/NoSuchMethodError'{0x000000008a191510}: 'java.lang.Object java.lang.invoke.DirectMethodHandle$Holder.newInvokeSpecial(java.lang.Object, int, java.lang.Object)'> (0x000000008a191510) 
thrown [s\open\src\hotspot\share\interpreter\linkResolver.cpp, line 804]
Event: 0.766 Thread 0x000001b17eecba50 Exception <a 'java/lang/NoSuchMethodError'{0x000000008a19ab00}: 'int java.lang.invoke.DirectMethodHandle$Holder.invokeSpecialIFC(java.lang.Object, java.lang.Object, java.lang.Object, java.lang.Object)'> (0x000000008a19ab00) 
thrown [s\open\src\hotspot\share\interpreter\linkResolver.cpp, line 804]
Event: 0.777 Thread 0x000001b17eecba50 Exception <a 'java/lang/NoSuchMethodError'{0x000000008a07d4d8}: 'void java.lang.invoke.DirectMethodHandle$Holder.invokeInterface(java.lang.Object, java.lang.Object, java.lang.Object)'> (0x000000008a07d4d8) 
thrown [s\open\src\hotspot\share\interpreter\linkResolver.cpp, line 804]
Event: 0.790 Thread 0x000001b17eecba50 Exception <a 'java/lang/NoSuchMethodError'{0x0000000089f53078}: 'void java.lang.invoke.DirectMethodHandle$Holder.invokeStaticInit(java.lang.Object, java.lang.Object, java.lang.Object)'> (0x0000000089f53078) 
thrown [s\open\src\hotspot\share\interpreter\linkResolver.cpp, line 804]
Event: 0.793 Thread 0x000001b17eecba50 Exception <a 'java/lang/NoSuchMethodError'{0x0000000089fa6ec8}: 'java.lang.Object java.lang.invoke.DirectMethodHandle$Holder.invokeVirtual(java.lang.Object, java.lang.Object, java.lang.Object)'> (0x0000000089fa6ec8) 
thrown [s\open\src\hotspot\share\interpreter\linkResolver.cpp, line 804]
Event: 0.807 Thread 0x000001b17eecba50 Exception <a 'java/lang/NoSuchMethodError'{0x0000000089e80590}: 'void java.lang.invoke.DirectMethodHandle$Holder.invokeVirtual(java.lang.Object, java.lang.Object, java.lang.Object, java.lang.Object)'> (0x0000000089e80590) 
thrown [s\open\src\hotspot\share\interpreter\linkResolver.cpp, line 804]
Event: 0.858 Thread 0x000001b17eecba50 Exception <a 'java/lang/IncompatibleClassChangeError'{0x000000008998dd00}: Found class java.lang.Object, but interface was expected> (0x000000008998dd00) 
thrown [s\open\src\hotspot\share\interpreter\linkResolver.cpp, line 871]
Event: 1.045 Thread 0x000001b17eecba50 Exception <a 'java/lang/NoSuchMethodError'{0x000000008b3c2b88}: 'int java.lang.invoke.DirectMethodHandle$Holder.invokeSpecial(java.lang.Object, java.lang.Object, java.lang.Object, java.lang.Object, java.lang.Object)'> (0x000000008b3c2b88) 
thrown [s\open\src\hotspot\share\interpreter\linkResolver.cpp, line 804]
Event: 1.047 Thread 0x000001b17eecba50 Exception <a 'java/lang/NoSuchMethodError'{0x000000008b3d4d70}: 'void java.lang.invoke.DirectMethodHandle$Holder.invokeVirtual(java.lang.Object, java.lang.Object)'> (0x000000008b3d4d70) 
thrown [s\open\src\hotspot\share\interpreter\linkResolver.cpp, line 804]
Event: 1.075 Thread 0x000001b17eecba50 Exception <a 'java/lang/NoSuchMethodError'{0x000000008af82820}: 'java.lang.Object java.lang.invoke.DirectMethodHandle$Holder.invokeStatic(java.lang.Object, java.lang.Object, int)'> (0x000000008af82820) 
thrown [s\open\src\hotspot\share\interpreter\linkResolver.cpp, line 804]
Event: 1.075 Thread 0x000001b17efcabf0 Exception <a 'java/lang/NoSuchMethodError'{0x000000008afdf4d8}: 'java.lang.Object java.lang.invoke.Invokers$Holder.linkToTargetMethod(java.lang.Object, int, java.lang.Object, java.lang.Object)'> (0x000000008afdf4d8) 
thrown [s\open\src\hotspot\share\interpreter\linkResolver.cpp, line 804]
Event: 1.185 Thread 0x000001b17efcabf0 Exception <a 'java/lang/NoSuchMethodError'{0x000000008a315490}: 'long java.lang.invoke.DirectMethodHandle$Holder.invokeSpecial(java.lang.Object, java.lang.Object)'> (0x000000008a315490) 
thrown [s\open\src\hotspot\share\interpreter\linkResolver.cpp, line 804]
Event: 1.186 Thread 0x000001b17efcabf0 Exception <a 'java/lang/NoSuchMethodError'{0x000000008a3333e8}: 'long java.lang.invoke.DirectMethodHandle$Holder.invokeStatic(java.lang.Object, java.lang.Object)'> (0x000000008a3333e8) 
thrown [s\open\src\hotspot\share\interpreter\linkResolver.cpp, line 804]
Event: 1.186 Thread 0x000001b17efcabf0 Exception <a 'java/lang/NoSuchMethodError'{0x000000008a33b440}: 'long java.lang.invoke.DirectMethodHandle$Holder.invokeStaticInit(java.lang.Object, java.lang.Object)'> (0x000000008a33b440) 
thrown [s\open\src\hotspot\share\interpreter\linkResolver.cpp, line 804]
Event: 1.187 Thread 0x000001b17efcabf0 Exception <a 'java/lang/NoSuchMethodError'{0x000000008a3c9820}: 'long java.lang.invoke.DirectMethodHandle$Holder.invokeInterface(java.lang.Object, java.lang.Object)'> (0x000000008a3c9820) 
thrown [s\open\src\hotspot\share\interpreter\linkResolver.cpp, line 804]
Event: 1.188 Thread 0x000001b17efcabf0 Exception <a 'java/lang/IncompatibleClassChangeError'{0x000000008a3d1788}: Found class java.lang.Object, but interface was expected> (0x000000008a3d1788) 
thrown [s\open\src\hotspot\share\interpreter\linkResolver.cpp, line 871]

VM Operations (20 events):
Event: 0.489 Executing non-safepoint VM operation: HandshakeAllThreads (Deoptimize)
Event: 0.489 Executing non-safepoint VM operation: HandshakeAllThreads (Deoptimize) done
Event: 0.535 Executing non-safepoint VM operation: HandshakeAllThreads (Deoptimize)
Event: 0.535 Executing non-safepoint VM operation: HandshakeAllThreads (Deoptimize) done
Event: 0.841 Executing non-safepoint VM operation: HandshakeAllThreads (Deoptimize)
Event: 0.841 Executing non-safepoint VM operation: HandshakeAllThreads (Deoptimize) done
Event: 0.843 Executing non-safepoint VM operation: HandshakeAllThreads (Deoptimize)
Event: 0.843 Executing non-safepoint VM operation: HandshakeAllThreads (Deoptimize) done
Event: 0.878 Executing safepoint VM operation: G1CollectForAllocation (G1 Evacuation Pause)
Event: 0.882 Executing safepoint VM operation: G1CollectForAllocation (G1 Evacuation Pause) done
Event: 0.981 Executing non-safepoint VM operation: HandshakeAllThreads (Deoptimize)
Event: 0.981 Executing non-safepoint VM operation: HandshakeAllThreads (Deoptimize) done
Event: 1.033 Executing non-safepoint VM operation: HandshakeAllThreads (Deoptimize)
Event: 1.033 Executing non-safepoint VM operation: HandshakeAllThreads (Deoptimize) done
Event: 1.062 Executing non-safepoint VM operation: HandshakeAllThreads (Deoptimize)
Event: 1.062 Executing non-safepoint VM operation: HandshakeAllThreads (Deoptimize) done
Event: 1.064 Executing non-safepoint VM operation: HandshakeAllThreads (Deoptimize)
Event: 1.064 Executing non-safepoint VM operation: HandshakeAllThreads (Deoptimize) done
Event: 1.080 Executing non-safepoint VM operation: HandshakeAllThreads (Deoptimize)
Event: 1.080 Executing non-safepoint VM operation: HandshakeAllThreads (Deoptimize) done

Memory protections (0 events):
No events

Nmethod flushes (0 events):
No events

Events (15 events):
Event: 0.017 Thread 0x000001b16994cb00 Thread added: 0x000001b16994cb00
Event: 0.023 Thread 0x000001b16994cb00 Thread added: 0x000001b179b61d90
Event: 0.023 Thread 0x000001b16994cb00 Thread added: 0x000001b179b627f0
Event: 0.023 Thread 0x000001b16994cb00 Thread added: 0x000001b179b63650
Event: 0.023 Thread 0x000001b16994cb00 Thread added: 0x000001b179b65220
Event: 0.023 Thread 0x000001b16994cb00 Thread added: 0x000001b179b65de0
Event: 0.023 Thread 0x000001b16994cb00 Thread added: 0x000001b179b67140
Event: 0.023 Thread 0x000001b16994cb00 Thread added: 0x000001b179b6c040
Event: 0.023 Thread 0x000001b16994cb00 Thread added: 0x000001b179b6cd80
Event: 0.092 Thread 0x000001b16994cb00 Thread added: 0x000001b17e08bb40
Event: 0.094 Thread 0x000001b16994cb00 Thread added: 0x000001b17e0911e0
Event: 0.572 Thread 0x000001b16994cb00 Thread added: 0x000001b17eec2ba0
Event: 0.574 Thread 0x000001b17eec2ba0 Thread added: 0x000001b17eecba50
Event: 0.696 Thread 0x000001b179b6cd80 Thread added: 0x000001b17ef41220
Event: 0.849 Thread 0x000001b17eecba50 Thread added: 0x000001b17efcabf0


Dynamic libraries:
0x00007ff78bc30000 - 0x00007ff78bc3e000 	C:\Users\hansi\.jdks\openjdk-25.0.2-1\bin\java.exe
0x00007ffe84ac0000 - 0x00007ffe84d27000 	C:\WINDOWS\SYSTEM32\ntdll.dll
0x00007ffe831b0000 - 0x00007ffe83279000 	C:\WINDOWS\System32\KERNEL32.DLL
0x00007ffe81450000 - 0x00007ffe81844000 	C:\WINDOWS\System32\KERNELBASE.dll
0x00007ffe82580000 - 0x00007ffe826cb000 	C:\WINDOWS\System32\ucrtbase.dll
0x00007ffe6f780000 - 0x00007ffe6f797000 	C:\Users\hansi\.jdks\openjdk-25.0.2-1\bin\jli.dll
0x00007ffe6f2f0000 - 0x00007ffe6f30e000 	C:\Users\hansi\.jdks\openjdk-25.0.2-1\bin\VCRUNTIME140.dll
0x00007ffe83e20000 - 0x00007ffe83fe5000 	C:\WINDOWS\System32\USER32.dll
0x00007ffe81390000 - 0x00007ffe813b7000 	C:\WINDOWS\System32\win32u.dll
0x00007ffe620c0000 - 0x00007ffe62353000 	C:\WINDOWS\WinSxS\amd64_microsoft.windows.common-controls_6595b64144ccf1df_6.0.26100.8115_none_3e075c82e3354f9c\COMCTL32.dll
0x00007ffe83310000 - 0x00007ffe8333b000 	C:\WINDOWS\System32\GDI32.dll
0x00007ffe81be0000 - 0x00007ffe81d0a000 	C:\WINDOWS\System32\gdi32full.dll
0x00007ffe82850000 - 0x00007ffe828f9000 	C:\WINDOWS\System32\msvcrt.dll
0x00007ffe81850000 - 0x00007ffe818f3000 	C:\WINDOWS\System32\msvcp_win.dll
0x00007ffe82a00000 - 0x00007ffe82a32000 	C:\WINDOWS\System32\IMM32.DLL
0x00007ffe6f740000 - 0x00007ffe6f74c000 	C:\Users\hansi\.jdks\openjdk-25.0.2-1\bin\vcruntime140_1.dll
0x00007ffe561e0000 - 0x00007ffe5626d000 	C:\Users\hansi\.jdks\openjdk-25.0.2-1\bin\msvcp140.dll
0x00007ffe07fd0000 - 0x00007ffe08e2f000 	C:\Users\hansi\.jdks\openjdk-25.0.2-1\bin\server\jvm.dll
0x00007ffe82910000 - 0x00007ffe829c6000 	C:\WINDOWS\System32\ADVAPI32.dll
0x00007ffe84050000 - 0x00007ffe840f7000 	C:\WINDOWS\System32\sechost.dll
0x00007ffe84170000 - 0x00007ffe84288000 	C:\WINDOWS\System32\RPCRT4.dll
0x00007ffe83880000 - 0x00007ffe83900000 	C:\WINDOWS\System32\WS2_32.dll
0x00007ffe76f30000 - 0x00007ffe76f66000 	C:\WINDOWS\SYSTEM32\WINMM.dll
0x00007ffe80a90000 - 0x00007ffe80aee000 	C:\WINDOWS\SYSTEM32\POWRPROF.dll
0x00007ffe76d60000 - 0x00007ffe76d6b000 	C:\WINDOWS\SYSTEM32\VERSION.dll
0x00007ffe80a00000 - 0x00007ffe80a14000 	C:\WINDOWS\SYSTEM32\UMPDC.dll
0x00007ffe80120000 - 0x00007ffe8013b000 	C:\WINDOWS\SYSTEM32\kernel.appcore.dll
0x00007ffe6f060000 - 0x00007ffe6f06a000 	C:\Users\hansi\.jdks\openjdk-25.0.2-1\bin\jimage.dll
0x00007ffe7f160000 - 0x00007ffe7f3a2000 	C:\WINDOWS\SYSTEM32\DBGHELP.DLL
0x00007ffe84610000 - 0x00007ffe84992000 	C:\WINDOWS\System32\combase.dll
0x00007ffe83470000 - 0x00007ffe83547000 	C:\WINDOWS\System32\OLEAUT32.dll
0x00007ffe68170000 - 0x00007ffe681ab000 	C:\WINDOWS\SYSTEM32\dbgcore.DLL
0x00007ffe81b30000 - 0x00007ffe81bd5000 	C:\WINDOWS\System32\bcryptPrimitives.dll
0x00007ffe6ed70000 - 0x00007ffe6ed8f000 	C:\Users\hansi\.jdks\openjdk-25.0.2-1\bin\java.dll
0x00007ffe84470000 - 0x00007ffe84607000 	C:\WINDOWS\System32\ole32.dll
0x00007ffe82a40000 - 0x00007ffe831a6000 	C:\WINDOWS\System32\SHELL32.dll
0x00007ffe819c0000 - 0x00007ffe81b2a000 	C:\WINDOWS\System32\wintypes.dll
0x00007ffe81d10000 - 0x00007ffe82575000 	C:\WINDOWS\System32\windows.storage.dll
0x00007ffe83360000 - 0x00007ffe83457000 	C:\WINDOWS\System32\SHCORE.dll
0x00007ffe84100000 - 0x00007ffe84166000 	C:\WINDOWS\System32\shlwapi.dll
0x00007ffe812b0000 - 0x00007ffe812d9000 	C:\WINDOWS\SYSTEM32\profapi.dll
0x00007ffe6cc00000 - 0x00007ffe6cc12000 	C:\Users\hansi\.jdks\openjdk-25.0.2-1\bin\net.dll
0x00007ffe80700000 - 0x00007ffe8076c000 	C:\WINDOWS\system32\mswsock.dll
0x00007ffe69530000 - 0x00007ffe69546000 	C:\Users\hansi\.jdks\openjdk-25.0.2-1\bin\nio.dll
0x00007ffe6dbf0000 - 0x00007ffe6dc07000 	C:\Users\hansi\.jdks\openjdk-25.0.2-1\bin\zip.dll
0x00007ffe6ebf0000 - 0x00007ffe6ebfa000 	C:\Users\hansi\.jdks\openjdk-25.0.2-1\bin\management.dll
0x00007ffe6e640000 - 0x00007ffe6e64c000 	C:\Users\hansi\.jdks\openjdk-25.0.2-1\bin\management_ext.dll
0x00007ffe82900000 - 0x00007ffe82908000 	C:\WINDOWS\System32\PSAPI.DLL

JVMTI agents: none

dbghelp: loaded successfully - version: 4.0.5 - missing functions: none
symbol engine: initialized successfully - sym options: 0x614 - pdb path: .;C:\Users\hansi\.jdks\openjdk-25.0.2-1\bin;C:\WINDOWS\SYSTEM32;C:\WINDOWS\WinSxS\amd64_microsoft.windows.common-controls_6595b64144ccf1df_6.0.26100.8115_none_3e075c82e3354f9c;C:\Users\hansi\.jdks\openjdk-25.0.2-1\bin\server

VM Arguments:
jvm_args: -Dfile.encoding=UTF-8 -Duser.country=US -Duser.language=en -Duser.variant 
java_command: com.uor.event_management_system.EventManagementSystemApplication
java_class_path (initial): C:\Users\hansi\OneDrive\Desktop\Java-Project\uor-event-management-system\event-management-system\build\classes\java\main;C:\Users\hansi\OneDrive\Desktop\Java-Project\uor-event-management-system\event-management-system\build\resources\main;C:\Users\hansi\.gradle\caches\modules-2\files-2.1\org.springframework.boot\spring-boot-devtools\4.0.3\a90e93857be2f3bedd238f961c50f473f6edda15\spring-boot-devtools-4.0.3.jar;C:\Users\hansi\.gradle\caches\modules-2\files-2.1\org.springframework.boot\spring-boot-starter-data-jpa\4.0.3\3c979e063184e0bf2cde9a7d5c7a66401fee0615\spring-boot-starter-data-jpa-4.0.3.jar;C:\Users\hansi\.gradle\caches\modules-2\files-2.1\org.springframework.boot\spring-boot-starter-security\4.0.3\3199e897b2c9ba8462f5f58e693b72a62874e674\spring-boot-starter-security-4.0.3.jar;C:\Users\hansi\.gradle\caches\modules-2\files-2.1\org.springframework.boot\spring-boot-starter-thymeleaf\4.0.3\37928a690226dec6120335770276ecd6331f5117\spring-boot-starter-thymeleaf-4.0.3.jar;C:\Users\hansi\.gradle\caches\modules-2\files-2.1\org.springframework.boot\spring-boot-starter-validation\4.0.3\224be37247aec394f998f55f7868b7fd9a77200e\spring-boot-starter-validation-4.0.3.jar;C:\Users\hansi\.gradle\caches\modules-2\files-2.1\org.springframework.boot\spring-boot-starter-webmvc\4.0.3\b5e7b864a336375c785df7f5db22061adf99fdcc\spring-boot-starter-webmvc-4.0.3.jar;C:\Users\hansi\.gradle\caches\modules-2\files-2.1\org.thymeleaf.extras\thymeleaf-extras-springsecurity6\3.1.3.RELEASE\f2a9e9505b145d22a52047460c74fb8200f2cb23\thymeleaf-extras-springsecurity6-3.1.3.RELEASE.jar;C:\Users\hansi\.gradle\caches\modules-2\files-2.1\org.passay\passay\1.6.4\527e998bc625b5853260b7058c1ed36098b7c7fd\passay-1.6.4.jar;C:\Users\hansi\.gradle\caches\modules-2\files-2.1\org.springframework.boot\spring-boot-starter-mail\4.0.3\952c5ef96f2ffc8406cd84da08bf89b4bec1fb9c\spring-boot-starter-mail-4.0.3.jar;C:\Users\hansi\.gradle\caches\modules-2\files-2.1\org.springframework.boot\spring-boot-starter-jdbc\4.0.3\c6ed739bbc5ce99dfcb81272f9fcfd259b8e325f\spring-boot-starter-jdbc-4.0.3.jar;C:\Users\hansi\.gradle\caches\modules-2\files-2.1\org.springframework.boot\spring-boot-starter-tomcat\4.0.3\458c27ddeb83ee9cb7a022ac8abbc3563167161e\spring-boot-starter-tomcat-4.0.3.jar;C:\Users\hansi\.gradle\caches\modules-2\files-2.1\org.springframework.boot\spring-boot-starter-tomcat-runtime\4.0.3\f6e949420af2eda6aa89192ffca5eb9f0e7dea6b\spring-boot-starter-tomcat-runtime-4.0.3.jar;C:\Users\hansi\.gradle\caches\modules-2\files-2.1\com.mysql\mysql-connector-j\9.6.0\a76b3cf1facc2faca4b6e34c1a63ef5e7840131\mysql-connector-j-9.6.0.jar;C:\Users\hansi\.gradle\caches\modules-2\files-2.1\org.springframework.boot\spring-boot-starter-jackson\4.0.3\1e02c5c501f5a8559a18d608ca847ae6f240dde\spring-boot-starter-jackson-4.0.3.jar;C:\Users\hansi\.gradle\caches\modules-2\files-2.1\org.springframework.boot\spring-boot-starter\4.0.3\4e6cfad940a6f23ca7d1e1cc18c19e8d573830ef\spring-boot-starter-4.0.3.jar;C:\Users\hansi\.gradle\caches\modules-2\files-2.1\org.springframework.boot\spring-boot-autoconfigure\4.0.3\22e2d188c24d65ed1ffe97363c61e8246d2ed430\spring-boot-autoconfigure-4.0.3.jar;C:\Users\hansi\.gradle\caches\modules-2\files-2.1\org.springframework.boot\spring-boot-data-jpa\4.0.3\ed3bec355933bfb43f5c26e85999fb26714805b0\spring-boot-data-jpa-4.0.3.jar;C:\Users\hansi\.gradle\caches\modules-2\files-2.1\org.springframework.boot\spring-boot-hibernate\4.0.3\edd51fa97e27adfe033493dd367c34f853559221\spring-boot-hibernate-4.0.3.jar;C:\Users\hansi\.gradle\caches\modules-2\files-2.1\org.springframework.boot\spring-boot-jpa\4.0.3\efae2341e25e140f4ccd2bf70337752193c10b8c\spring-boot-jpa-4.0.3.jar;C:\Users\hansi\.gradle\caches\modules-2\files-2.1\org.springframework.boot\spring-boot-jdbc\4.0.3\a4868d5751c42cc1da95ee6c60a9e3046131741d\spring-boot-jdbc-4.0.3.jar;C:\Users\hansi\.gradle\caches\modules-2\files-2.1\org.springframework.boot\spring-boot-security\4.0.3\c99da174188373d362fd25d33b397e0f4c58c226\spring-boot-security-4.0.3.jar;C:\Users\hansi\.gradle\caches\modules-2\files-2.1\org.springframework.boot\spring-boot-thymeleaf\4.0.3\a6caf0407397192640577ea6e2362c3d10fada72\spring-boot-thymeleaf-4.0.3.jar;C:\Users\hansi\.gradle\caches\modules-2\files-2.1\org.springframework.boot\spring-boot-validation\4.0.3\9e62d4105ac151c893fdb9c81863eb4ad570070d\spring-boot-validation-4.0.3.jar;C:\Users\hansi\.gradle\caches\modules-2\files-2.1\org.springframework.boot\spring-boot-webmvc\4.0.3\8100d8a8c357271d8d78ecdee0d8441b00243786\spring-boot-webmvc-4.0.3.jar;C:\Users\hansi\.gradle\caches\modules-2\files-2.1\org.springframework.boot\spring-boot-http-converter\4.0.3\72a29a59c5b1b55a151e851c3c823f01bfca106\spring-boot-http-converter-4.0.3.jar;C:\Users\hansi\.gradle\caches\modules-2\files-2.1\org.springframework.boot\spring-boot-mail\4.0.3\d68a8e1850a48c4822ce2a44156aae9cecfd664e\spring-boot-mail-4.0.3.jar;C:\Users\hansi\.gradle\caches\modules-2\files-2.1\org.springframework.boot\spring-boot-tomcat\4.0.3\28975c97048bac17c944b7b402715428dddf9c65\spring-boot-tomcat-4.0.3.jar;C:\Users\hansi\.gradle\caches\modules-2\files-2.1\org.springframework.boot\spring-boot-web-server\4.0.3\ed321647244629861a510d7df598d28689b2aa36\spring-boot-web-server-4.0.3.jar;C:\Users\hansi\.gradle\caches\modules-2\files-2.1\org.springframework.boot\spring-boot-data-commons\4.0.3\f8aae3b50818226648f19b1040cb720ee422c16\spring-boot-data-commons-4.0.3.jar;C:\Users\hansi\.gradle\caches\modules-2\files-2.1\org.springframework.boot\spring-boot-sql\4.0.3\afe39a694d946d9fc185922fd755e7d3fe197571\spring-boot-sql-4.0.3.jar;C:\Users\hansi\.gradle\caches\modules-2\files-2.1\org.springframework.boot\spring-boot-transaction\4.0.3\e62e8857548d32ffc5666f0b947073930b12fe8b\spring-boot-transaction-4.0.3.jar;C:\Users\hansi\.gradle\caches\modules-2\files-2.1\org.springframework.boot\spring-boot-jackson\4.0.3\ad6f3dff63a566bc57e100335dc5646b5b62f592\spring-boot-jackson-4.0.3.jar;C:\Users\hansi\.gradle\caches\modules-2\files-2.1\org.springframework.boot\spring-boot-servlet\4.0.3\7d435c96323d8fa917be8d70b2c2a001a8794ff4\spring-boot-servlet-4.0.3.jar;C:\Users\hansi\.gradle\caches\modules-2\files-2.1\org.springframework.boot\spring-boot-persistence\4.0.3\58ed08c6834a22536086d650a34a733baf37313d\spring-boot-persistence-4.0.3.jar;C:\Users\hansi\.gradle\caches\modules-2\files-2.1\org.springframework.boot\spring-boot\4.0.3\3cdf46caf2392aa752dfb956ee010b1d70fb9acd\spring-boot-4.0.3.jar;C:\Users\hansi\.gradle\caches\modules-2\files-2.1\org.springframework.data\spring-data-jpa\4.0.3\1e2f573cfeef6894fa077c7de0f7ee7502556ee3\spring-data-jpa-4.0.3.jar;C:\Users\hansi\.gradle\caches\modules-2\files-2.1\org.springframework.security\spring-security-config\7.0.3\2001d140b97c0daa8b9895d7a765d94c60733642\spring-security-config-7.0.3.jar;C:\Users\hansi\.gradle\caches\modules-2\files-2.1\org.springframework.security\spring-security-web\7.0.3\97b58f6f1725417764e3ed03e73ad80a08a2d12\spring-security-web-7.0.3.jar;C:\Users\hansi\.gradle\caches\modules-2\files-2.1\org.springframework\spring-webmvc\7.0.5\77b2de8c45182565be884a7158845cb3d6f23788\spring-webmvc-7.0.5.jar;C:\Users\hansi\.gradle\caches\modules-2\files-2.1\org.springframework\spring-context-support\7.0.5\b8edfc367e02a10bb72d8edb296c6a23f1802a6d\spring-context-support-7.0.5.jar;C:\Users\hansi\.gradle\caches\modules-2\files-2.1\org.springframework.security\spring-security-core\7.0.3\e33b3954cc47da3b99c289882d4671bed4434fbe\spring-security-core-7.0.3.jar;C:\Users\hansi\.gradle\caches\modules-2\files-2.1\org.springframework\spring-context\7.0.5\f0bed37a25f4880f3e93a9556425394087bdc1e9\spring-context-7.0.5.jar;C:\Users\hansi\.gradle\caches\modules-2\files-2.1\org.springframework\spring-aop\7.0.5\647607a091a862fdf1562764a8f41ef962b6c3cc\spring-aop-7.0.5.jar;C:\Users\hansi\.gradle\caches\modules-2\files-2.1\org.thymeleaf\thymeleaf-spring6\3.1.3.RELEASE\4b276ea2bd536a18e44b40ff1d9f4848965ff59c\thymeleaf-spring6-3.1.3.RELEASE.jar;C:\Users\hansi\.gradle\caches\modules-2\files-2.1\com.zaxxer\HikariCP\7.0.2\c2b43c946b86a14a96342379e22b004c56c6166d\HikariCP-7.0.2.jar;C:\Users\hansi\.gradle\caches\modules-2\files-2.1\org.thymeleaf\thymeleaf\3.1.3.RELEASE\51474f2a90b282ee97dabcd159c7faf24790f373\thymeleaf-3.1.3.RELEASE.jar;C:\Users\hansi\.gradle\caches\modules-2\files-2.1\org.springframework.boot\spring-boot-starter-logging\4.0.3\a53f6e8b383c6b5bac002a6ff6cd142f480944c6\spring-boot-starter-logging-4.0.3.jar;C:\Users\hansi\.gradle\caches\modules-2\files-2.1\ch.qos.logback\logback-classic\1.5.32\2b1042c50f508f2eb402bd4d22ccbdf94cc37d2e\logback-classic-1.5.32.jar;C:\Users\hansi\.gradle\caches\modules-2\files-2.1\org.apache.logging.log4j\log4j-to-slf4j\2.25.3\30adfb40cca243ec88cf7ec1fddb411ab55faa4f\log4j-to-slf4j-2.25.3.jar;C:\Users\hansi\.gradle\caches\modules-2\files-2.1\org.slf4j\jul-to-slf4j\2.0.17\524cb6ccc2b68a57604750e1ab8b13b5a786a6aa\jul-to-slf4j-2.0.17.jar;C:\Users\hansi\.gradle\caches\modules-2\files-2.1\org.springframework.data\spring-data-commons\4.0.3\da67d50cde92cade5e3e184266bc70a99cbf20af\spring-data-commons-4.0.3.jar;C:\Users\hansi\.gradle\caches\modules-2\files-2.1\org.slf4j\slf4j-api\2.0.17\d9e58ac9c7779ba3bf8142aff6c830617a7fe60f\slf4j-api-2.0.17.jar;C:\Users\hansi\.gradle\caches\modules-2\files-2.1\jakarta.annotation\jakarta.annotation-api\3.0.0\54f928fadec906a99d558536756d171917b9d936\jakarta.annotation-api-3.0.0.jar;C:\Users\hansi\.gradle\caches\modules-2\files-2.1\org.apache.tomcat.embed\tomcat-embed-websocket\11.0.18\7b0009018394a033e922e8e956d4947dce1ffd07\tomcat-embed-websocket-11.0.18.jar;C:\Users\hansi\.gradle\caches\modules-2\files-2.1\org.apache.tomcat.embed\tomcat-embed-core\11.0.18\a96bb1b8a21ee7e93ce01cce7fd63f8e7561ec92\tomcat-embed-core-11.0.18.jar;C:\Users\hansi\.gradle\caches\modules-2\files-2.1\org.apache.tomcat.embed\tomcat-embed-el\11.0.18\44a04ab91a1e046f436c1746d5a93d1fff57982f\tomcat-embed-el-11.0.18.jar;C:\Users\hansi\.gradle\caches\modules-2\files-2.1\org.springframework\spring-orm\7.0.5\bd9d32356ea016214154fe86cc49ec8d8eed854\spring-orm-7.0.5.jar;C:\Users\hansi\.gradle\caches\modules-2\files-2.1\org.springframework\spring-jdbc\7.0.5\10cc68ecb63975683ceb923c2d07f09565ba5e82\spring-jdbc-7.0.5.jar;C:\Users\hansi\.gradle\caches\modules-2\files-2.1\org.springframework\spring-web\7.0.5\b2edb5890bb10edcf1ac539b0a4ef1c105fe8db3\spring-web-7.0.5.jar;C:\Users\hansi\.gradle\caches\modules-2\files-2.1\org.springframework\spring-tx\7.0.5\d305e839f8d6a11ba4e12f3abbfda23e8ff7f946\spring-tx-7.0.5.jar;C:\Users\hansi\.gradle\caches\modules-2\files-2.1\org.springframework\spring-beans\7.0.5\e20d1006aca78c2c58f5eb85d58bc60672a3527c\spring-beans-7.0.5.jar;C:\Users\hansi\.gradle\caches\modules-2\files-2.1\org.springframework\spring-expression\7.0.5\601ded105fb8580fe6c26cb87b1b005033c66350\spring-expression-7.0.5.jar;C:\Users\hansi\.gradle\caches\modules-2\files-2.1\org.springframework\spring-core\7.0.5\186a59c9647b6a87e9c5ca8a862b8ac478e9ea14\spring-core-7.0.5.jar;C:\Users\hansi\.gradle\caches\modules-2\files-2.1\org.yaml\snakeyaml\2.5\2d53ddec134280cb384c1e35d094e5f71c1f2316\snakeyaml-2.5.jar;C:\Users\hansi\.gradle\caches\modules-2\files-2.1\org.springframework\spring-aspects\7.0.5\69189ba1f8996e79ae0317d45c6b969893b93e7a\spring-aspects-7.0.5.jar;C:\Users\hansi\.gradle\caches\modules-2\files-2.1\org.hibernate.validator\hibernate-validator\9.0.1.Final\28c0e41ecc84d1f0b8b6d81d16e0784e63364e68\hibernate-validator-9.0.1.Final.jar;C:\Users\hansi\.gradle\caches\modules-2\files-2.1\org.eclipse.angus\angus-mail\2.0.5\427f6d52ec0782f7efaca0c0732042e347a6cb4f\angus-mail-2.0.5.jar;C:\Users\hansi\.gradle\caches\modules-2\files-2.1\jakarta.mail\jakarta.mail-api\2.1.5\be9b3b677ed6083f575c437ebc442a6a4bd2b931\jakarta.mail-api-2.1.5.jar;C:\Users\hansi\.gradle\caches\modules-2\files-2.1\commons-logging\commons-logging\1.3.5\a3fcc5d3c29b2b03433aa2d2f2d2c1b1638924a1\commons-logging-1.3.5.jar;C:\Users\hansi\.gradle\caches\modules-2\files-2.1\io.micrometer\micrometer-observation\1.16.3\2846fee03dd959802e7cebf0f26c9ae2a59176a4\micrometer-observation-1.16.3.jar;C:\Users\hansi\.gradle\caches\modules-2\files-2.1\io.micrometer\micrometer-commons\1.16.3\2ee3cbdd1c32d8cc6defd6ed8b21695dfcb1e763\micrometer-commons-1.16.3.jar;C:\Users\hansi\.gradle\caches\modules-2\files-2.1\org.jspecify\jspecify\1.0.0\7425a601c1c7ec76645a78d22b8c6a627edee507\jspecify-1.0.0.jar;C:\Users\hansi\.gradle\caches\modules-2\files-2.1\org.hibernate.orm\hibernate-core\7.2.4.Final\b23aac4c9681a7f6a539e94fd18a985e517c7dcb\hibernate-core-7.2.4.Final.jar;C:\Users\hansi\.gradle\caches\modules-2\files-2.1\org.antlr\antlr4-runtime\4.13.2\fc3db6d844df652a3d5db31c87fa12757f13691d\antlr4-runtime-4.13.2.jar;C:\Users\hansi\.gradle\caches\modules-2\files-2.1\org.aspectj\aspectjweaver\1.9.25.1\a713c790da4d794c7dfb542b550d4e44898d5e23\aspectjweaver-1.9.25.1.jar;C:\Users\hansi\.gradle\caches\modules-2\files-2.1\jakarta.validation\jakarta.validation-api\3.1.1\ec8622148afc5564235d17af80ea80288d0e7f92\jakarta.validation-api-3.1.1.jar;C:\Users\hansi\.gradle\caches\modules-2\files-2.1\org.hibernate.models\hibernate-models\1.0.1\3158c5f9309494b905de62c72f6f02d108aea651\hibernate-models-1.0.1.jar;C:\Users\hansi\.gradle\caches\modules-2\files-2.1\org.jboss.logging\jboss-logging\3.6.2.Final\3e0a139d7a74cc13b5e01daa8aaa7f71dccd577e\jboss-logging-3.6.2.Final.jar;C:\Users\hansi\.gradle\caches\modules-2\files-2.1\com.fasterxml\classmate\1.7.3\f61c7e7b81e9249b0f6a05914eff9d54fb09f4a0\classmate-1.7.3.jar;C:\Users\hansi\.gradle\caches\modules-2\files-2.1\tools.jackson.core\jackson-core\3.0.4\c5be0f5814e161030c29fc48b92c27331729ab7f\jackson-core-3.0.4.jar;C:\Users\hansi\.gradle\caches\modules-2\files-2.1\tools.jackson.core\jackson-databind\3.0.4\b5f818b0b9c79d344aede4b87064cc0e323f9ef2\jackson-databind-3.0.4.jar;C:\Users\hansi\.gradle\caches\modules-2\files-2.1\org.attoparser\attoparser\2.0.7.RELEASE\e5d0e988d9124139d645bb5872b24dfa23e283cc\attoparser-2.0.7.RELEASE.jar;C:\Users\hansi\.gradle\caches\modules-2\files-2.1\org.unbescape\unbescape\1.1.6.RELEASE\7b90360afb2b860e09e8347112800d12c12b2a13\unbescape-1.1.6.RELEASE.jar;C:\Users\hansi\.gradle\caches\modules-2\files-2.1\org.glassfish.jaxb\jaxb-runtime\4.0.6\fb95ebb62564657b2fedfe165b859789ef3a8711\jaxb-runtime-4.0.6.jar;C:\Users\hansi\.gradle\caches\modules-2\files-2.1\org.glassfish.jaxb\jaxb-core\4.0.6\8e61282303777fc98a00cc3affd0560d68748a75\jaxb-core-4.0.6.jar;C:\Users\hansi\.gradle\caches\modules-2\files-2.1\org.eclipse.angus\angus-activation\2.0.3\7f80607ea5014fef0b1779e6c33d63a88a45a563\angus-activation-2.0.3.jar;C:\Users\hansi\.gradle\caches\modules-2\files-2.1\jakarta.xml.bind\jakarta.xml.bind-api\4.0.4\d6d2327f3817d9a33a3b6b8f2e15a96bc2e7afdc\jakarta.xml.bind-api-4.0.4.jar;C:\Users\hansi\.gradle\caches\modules-2\files-2.1\jakarta.activation\jakarta.activation-api\2.1.4\9e5c2a0d75dde71a0bedc4dbdbe47b78a5dc50f8\jakarta.activation-api-2.1.4.jar;C:\Users\hansi\.gradle\caches\modules-2\files-2.1\ch.qos.logback\logback-core\1.5.32\fdfb3ff9a842303d4a95207294a6c6bc64e2605d\logback-core-1.5.32.jar;C:\Users\hansi\.gradle\caches\modules-2\files-2.1\org.apache.logging.log4j\log4j-api\2.25.3\fb385330d89c2d61058ef649403f214633569205\log4j-api-2.25.3.jar;C:\Users\hansi\.gradle\caches\modules-2\files-2.1\jakarta.persistence\jakarta.persistence-api\3.2.0\bb75a113f3fa191c2c7ee7b206d8e674251b3129\jakarta.persistence-api-3.2.0.jar;C:\Users\hansi\.gradle\caches\modules-2\files-2.1\jakarta.transaction\jakarta.transaction-api\2.0.1\51a520e3fae406abb84e2e1148e6746ce3f80a1a\jakarta.transaction-api-2.0.1.jar;C:\Users\hansi\.gradle\caches\modules-2\files-2.1\net.bytebuddy\byte-buddy\1.17.8\af5735f63d00ca47a9375fae5c7471a36331c6ed\byte-buddy-1.17.8.jar;C:\Users\hansi\.gradle\caches\modules-2\files-2.1\jakarta.inject\jakarta.inject-api\2.0.1\4c28afe1991a941d7702fe1362c365f0a8641d1e\jakarta.inject-api-2.0.1.jar;C:\Users\hansi\.gradle\caches\modules-2\files-2.1\org.springframework.security\spring-security-crypto\7.0.3\8d23e5e4bad2bc9a7a028e010b96ac7d6b93f6e1\spring-security-crypto-7.0.3.jar;C:\Users\hansi\.gradle\caches\modules-2\files-2.1\com.fasterxml.jackson.core\jackson-annotations\2.20\6a5e7291ea3f2b590a7ce400adb7b3aea4d7e12c\jackson-annotations-2.20.jar;C:\Users\hansi\.gradle\caches\modules-2\files-2.1\org.glassfish.jaxb\txw2\4.0.6\4f4cd53b5ff9a2c5aa1211f15ed2569c57dfb044\txw2-4.0.6.jar;C:\Users\hansi\.gradle\caches\modules-2\files-2.1\com.sun.istack\istack-commons-runtime\4.1.2\18ec117c85f3ba0ac65409136afa8e42bc74e739\istack-commons-runtime-4.1.2.jar
Launcher Type: SUN_STANDARD

[Global flags]
     intx CICompilerCount                          = 4                                         {product} {ergonomic}
     uint ConcGCThreads                            = 3                                         {product} {ergonomic}
     uint G1ConcRefinementThreads                  = 10                                        {product} {ergonomic}
   size_t G1HeapRegionSize                         = 1048576                                   {product} {ergonomic}
   size_t InitialHeapSize                          = 130023424                                 {product} {ergonomic}
   size_t MarkStackSize                            = 4194304                                   {product} {ergonomic}
   size_t MarkStackSizeMax                         = 536870912                                 {product} {ergonomic}
   size_t MaxHeapSize                              = 2069889024                                {product} {ergonomic}
   size_t MaxNewSize                               = 1241513984                                {product} {ergonomic}
   size_t MinHeapDeltaBytes                        = 1048576                                   {product} {ergonomic}
   size_t MinHeapSize                              = 8388608                                   {product} {ergonomic}
    uintx NonNMethodCodeHeapSize                   = 5832704                                {pd product} {ergonomic}
    uintx NonProfiledCodeHeapSize                  = 122945536                              {pd product} {ergonomic}
    uintx ProfiledCodeHeapSize                     = 122880000                              {pd product} {ergonomic}
    uintx ReservedCodeCacheSize                    = 251658240                              {pd product} {ergonomic}
     bool SegmentedCodeCache                       = true                                      {product} {ergonomic}
   size_t SoftMaxHeapSize                          = 2069889024                             {manageable} {ergonomic}
     bool UseCompressedOops                        = true                           {product lp64_product} {ergonomic}
     bool UseG1GC                                  = true                                      {product} {ergonomic}
     bool UseLargePagesIndividualAllocation        = false                                  {pd product} {ergonomic}

Logging:
Log output configuration:
 #0: stdout all=warning uptime,level,tags foldmultilines=false
 #1: stderr all=off uptime,level,tags foldmultilines=false

Release file:
IMPLEMENTOR="Oracle Corporation" 
JAVA_RUNTIME_VERSION="25.0.2+10-69" 
JAVA_VERSION="25.0.2" 
JAVA_VERSION_DATE="2026-01-20" 
LIBC="default" 
MODULES="java.base java.compiler java.datatransfer java.xml java.prefs java.desktop java.instrument java.logging java.management java.security.sasl java.naming java.rmi java.management.rmi java.net.http java.scripting java.security.jgss java.transaction.xa java.sql java.sql.rowset java.xml.crypto java.se java.smartcardio jdk.accessibility jdk.internal.jvmstat jdk.attach jdk.charsets jdk.internal.opt jdk.zipfs jdk.compiler jdk.crypto.cryptoki jdk.crypto.ec jdk.crypto.mscapi jdk.dynalink jdk.internal.ed jdk.editpad jdk.internal.vm.ci jdk.graal.compiler jdk.graal.compiler.management jdk.hotspot.agent jdk.httpserver jdk.incubator.vector jdk.internal.le jdk.internal.md jdk.jartool jdk.javadoc jdk.jcmd jdk.management jdk.management.agent jdk.jconsole jdk.jdeps jdk.jdwp.agent jdk.jdi jdk.jfr jdk.jlink jdk.jpackage jdk.jshell jdk.jsobject jdk.jstatd jdk.localedata jdk.management.jfr jdk.naming.dns jdk.naming.rmi jdk.net jdk.nio.mapmode jdk.sctp jdk.security.auth jdk.security.jgss jdk.unsupported jdk.unsupported.desktop jdk.xml.dom" 
OS_ARCH="x86_64" 
OS_NAME="Windows" 
SOURCE=".:git:405a5699ebd0" 

Environment Variables:
PATH=C:\Program Files (x86)\VMware\VMware Workstation\bin\;C:\Program Files\Common Files\Oracle\Java\javapath;C:\Windows\system32;C:\Windows;C:\Windows\System32\Wbem;C:\Windows\System32\WindowsPowerShell\v1.0\;C:\Windows\System32\OpenSSH\;C:\Program Files (x86)\NVIDIA Corporation\PhysX\Common;C:\Program Files\NVIDIA Corporation\NVIDIA NvDLISR;C:\Program Files\Git\cmd;C:\WINDOWS\system32;C:\WINDOWS;C:\WINDOWS\System32\Wbem;C:\WINDOWS\System32\WindowsPowerShell\v1.0\;C:\WINDOWS\System32\OpenSSH\;C:\Program Files\Java\jdk-23\bin;C:\Program Files\nodejs\;C:\Users\hansi\OneDrive\Desktop\Gpg4win\..\GnuPG\bin;C:\Users\hansi\AppData\Local\Microsoft\WindowsApps;C:\Users\hansi\AppData\Local\Programs\Microsoft VS Code\bin;C:\Users\hansi\AppData\Local\GitHubDesktop\bin;;C:\Program Files\JetBrains\IntelliJ IDEA Community Edition 2024.3.2.2\bin;;C:\Users\hansi\OneDrive\Desktop\IntelliJ IDEA 2024.3.5\bin;;C:\Users\hansi\AppData\Roaming\npm
USERNAME=hansi
OS=Windows_NT
PROCESSOR_IDENTIFIER=Intel64 Family 6 Model 154 Stepping 3, GenuineIntel
TMP=C:\Users\hansi\AppData\Local\Temp
TEMP=C:\Users\hansi\AppData\Local\Temp




Compilation memory statistics disabled.

Periodic native trim disabled

---------------  S Y S T E M  ---------------

OS:
 Windows 11 , 64 bit Build 26100 (10.0.26100.8115)
OS uptime: 0 days 8:29 hours
Hyper-V role detected

CPU: total 12 (initial active 12) (6 cores per cpu, 2 threads per core) family 6 model 154 stepping 3 microcode 0x424, cx8, cmov, fxsr, ht, mmx, 3dnowpref, sse, sse2, sse3, ssse3, sse4.1, sse4.2, popcnt, lzcnt, tsc, tscinvbit, avx, avx2, aes, erms, clmul, bmi1, bmi2, adx, sha, fma, vzeroupper, clflush, clflushopt, clwb, hv, serialize, rdtscp, rdpid, fsrm, gfni, f16c, cet_ibt, cet_ss
Processor Information for processor 0
  Max Mhz: 2000, Current Mhz: 2000, Mhz Limit: 2000
Processor Information for processor 1
  Max Mhz: 2000, Current Mhz: 2000, Mhz Limit: 2000
Processor Information for processor 2
  Max Mhz: 2000, Current Mhz: 2000, Mhz Limit: 2000
Processor Information for processor 3
  Max Mhz: 2000, Current Mhz: 2000, Mhz Limit: 2000
Processor Information for processor 4
  Max Mhz: 2000, Current Mhz: 2000, Mhz Limit: 2000
Processor Information for processor 5
  Max Mhz: 2000, Current Mhz: 2000, Mhz Limit: 2000
Processor Information for processor 6
  Max Mhz: 2000, Current Mhz: 2000, Mhz Limit: 2000
Processor Information for processor 7
  Max Mhz: 2000, Current Mhz: 2000, Mhz Limit: 2000
Processor Information for processor 8
  Max Mhz: 2000, Current Mhz: 1466, Mhz Limit: 2000
Processor Information for processor 9
  Max Mhz: 2000, Current Mhz: 1466, Mhz Limit: 2000
Processor Information for processor 10
  Max Mhz: 2000, Current Mhz: 1466, Mhz Limit: 2000
Processor Information for processor 11
  Max Mhz: 2000, Current Mhz: 2000, Mhz Limit: 2000

Memory: 4k page, system-wide physical 7895M (904M free)
TotalPageFile size 11991M (AvailPageFile size 5M)
current process WorkingSet (physical memory assigned to process): 157M, peak: 157M
current process commit charge ("private bytes"): 270M, peak: 271M

vm_info: OpenJDK 64-Bit Server VM (25.0.2+10-69) for windows-amd64 JRE (25.0.2+10-69), built on 2025-12-18T11:36:35Z with MS VC++ 17.13 (VS2022)

END.
